INFO-FLOW: Workspace D:/Hoc_tap/Nam3_2024_2025/Ki1/PhanCungChoDL/Conv2D/conv2Dbuf/conv2Dbuffer/solution1 opened at Wed Dec 18 16:54:15 +0700 2024
Execute     config_clock -quiet -name default -period 10 -default=false 
INFO: [SYN 201-201] Setting up clock 'default' with a period of 10ns.
Execute     open_platform DefaultPlatform 
Execute     import_lib D:/Xilinx/Vivado/2018.3/common/technology/xilinx/zynq/zynq 
Execute       source D:/Xilinx/Vivado/2018.3/common/technology/xilinx/common/xilinx.lib 
Execute         source D:/Xilinx/Vivado/2018.3/common/technology/xilinx/interface/xilinx_interface.lib 
Execute           source D:/Xilinx/Vivado/2018.3/common/technology/xilinx/interface/plb46.lib 
Execute           source D:/Xilinx/Vivado/2018.3/common/technology/xilinx/interface/fsl.lib 
Execute           source D:/Xilinx/Vivado/2018.3/common/technology/xilinx/interface/axi4.lib 
Execute           source D:/Xilinx/Vivado/2018.3/common/technology/xilinx/interface/maxi.lib 
Execute           source D:/Xilinx/Vivado/2018.3/common/technology/xilinx/interface/saxilite.lib 
Execute         source D:/Xilinx/Vivado/2018.3/common/technology/xilinx/common/dsp48.lib 
Execute         source D:/Xilinx/Vivado/2018.3/common/technology/xilinx/ip/dds_compiler.lib 
Execute         source D:/Xilinx/Vivado/2018.3/common/technology/xilinx/ip/xfft.lib 
Execute         source D:/Xilinx/Vivado/2018.3/common/technology/xilinx/ip/xfir.lib 
Execute       source D:/Xilinx/Vivado/2018.3/common/technology/xilinx/common/xilinx_old.lib 
Execute       source D:/Xilinx/Vivado/2018.3/common/technology/xilinx/common/xilinx_vivado.lib 
Execute       source D:/Xilinx/Vivado/2018.3/common/technology/xilinx/common/xilinx.hlp 
Execute         source D:/Xilinx/Vivado/2018.3/common/technology/xilinx/common/target_info.tcl 
Execute         source D:/Xilinx/Vivado/2018.3/common/technology/xilinx/interface/xilinx_interface.hlp 
Execute           source D:/Xilinx/Vivado/2018.3/common/technology/xilinx/interface/maxi.hlp 
Execute           source D:/Xilinx/Vivado/2018.3/common/technology/xilinx/interface/saxilite.hlp 
Execute         source D:/Xilinx/Vivado/2018.3/common/technology/xilinx/common/dsp48.hlp 
Execute       source D:/Xilinx/Vivado/2018.3/common/technology/xilinx/zynq/dsp48e1.hlp 
Execute       get_default_platform 
Execute       config_chip_info -quiet -resource  {SLICE 13300}  {LUT 53200}     {FF 106400} {DSP48E 220}   {BRAM 280}  
Execute       config_chip_info -quiet -speed medium 
Execute       source D:/Xilinx/Vivado/2018.3/common/technology/xilinx/common/xilinx.hlp 
Execute         source D:/Xilinx/Vivado/2018.3/common/technology/xilinx/common/target_info.tcl 
Execute         source D:/Xilinx/Vivado/2018.3/common/technology/xilinx/interface/xilinx_interface.hlp 
Execute           source D:/Xilinx/Vivado/2018.3/common/technology/xilinx/interface/maxi.hlp 
Execute           source D:/Xilinx/Vivado/2018.3/common/technology/xilinx/interface/saxilite.hlp 
Execute         source D:/Xilinx/Vivado/2018.3/common/technology/xilinx/common/dsp48.hlp 
Execute     source D:/Xilinx/Vivado/2018.3/common/technology/xilinx/zynq/zynq.gen 
Execute       source D:/Xilinx/Vivado/2018.3/common/technology/xilinx/common/virtex.gen 
Execute         source D:/Xilinx/Vivado/2018.3/common/technology/xilinx/common/xilinx.gen 
Execute           source D:/Xilinx/Vivado/2018.3/common/technology/xilinx/interface/plb46.gen 
Execute           source D:/Xilinx/Vivado/2018.3/common/technology/xilinx/interface/fsl.gen 
Execute           source D:/Xilinx/Vivado/2018.3/common/technology/xilinx/interface/axi4.gen 
Execute           source D:/Xilinx/Vivado/2018.3/common/technology/xilinx/interface/nativeAXI4.gen 
Execute             source D:/Xilinx/Vivado/2018.3/common/technology/xilinx/interface/saxilite.gen 
Execute             source D:/Xilinx/Vivado/2018.3/common/technology/xilinx/interface/maxi.gen 
Execute           source D:/Xilinx/Vivado/2018.3/common/technology/xilinx/scripts/xilinxcoregen.gen 
Execute           source D:/Xilinx/Vivado/2018.3/common/technology/xilinx/interface/XilEDKCoreGen.gen 
Execute           source D:/Xilinx/Vivado/2018.3/common/technology/xilinx/ip/dds_compiler.gen 
Execute           source D:/Xilinx/Vivado/2018.3/common/technology/xilinx/ip/util.gen 
Execute           source D:/Xilinx/Vivado/2018.3/common/technology/xilinx/ip/xfft.gen 
Execute           source D:/Xilinx/Vivado/2018.3/common/technology/xilinx/ip/xfir.gen 
Execute         source D:/Xilinx/Vivado/2018.3/common/technology/xilinx/common/dsp48.gen 
Execute     open_platform DefaultPlatform 
Execute     import_lib D:/Xilinx/Vivado/2018.3/common/technology/xilinx/zynq/zynq_fpv6 
Execute       source D:/Xilinx/Vivado/2018.3/common/technology/xilinx/common/xilinx_fpv7.lib 
Execute         source D:/Xilinx/Vivado/2018.3/common/technology/xilinx/common/xilinx_hp.lib 
Execute       source D:/Xilinx/Vivado/2018.3/common/technology/xilinx/common/xilinx_fpv.hlp 
Execute         source D:/Xilinx/Vivado/2018.3/common/technology/xilinx/common/xilinx.hlp 
Execute           source D:/Xilinx/Vivado/2018.3/common/technology/xilinx/common/target_info.tcl 
Execute           source D:/Xilinx/Vivado/2018.3/common/technology/xilinx/interface/xilinx_interface.hlp 
Execute             source D:/Xilinx/Vivado/2018.3/common/technology/xilinx/interface/maxi.hlp 
Execute             source D:/Xilinx/Vivado/2018.3/common/technology/xilinx/interface/saxilite.hlp 
Execute           source D:/Xilinx/Vivado/2018.3/common/technology/xilinx/common/dsp48.hlp 
Execute       source D:/Xilinx/Vivado/2018.3/common/technology/xilinx/zynq/zynq_hp.hlp 
Execute     source D:/Xilinx/Vivado/2018.3/common/technology/xilinx/zynq/zynq_fpv6.gen 
Execute       source D:/Xilinx/Vivado/2018.3/common/technology/xilinx/common/xilinx_fpv6.gen 
Execute     set_part xc7z020clg484-1 
Execute       add_library xilinx/zynq/zynq:xc7z020:clg484:-1 
Execute         get_default_platform 
Execute         license_isbetapart xc7z020 
Command         license_isbetapart done; error code: 1; 
Execute         get_default_platform 
Execute         config_chip_info -quiet -resource  {SLICE 13300}  {LUT 53200}     {FF 106400} {DSP48E 220}   {BRAM 280}  
Execute         config_chip_info -quiet -speed slow 
Execute       add_library xilinx/zynq/zynq_fpv6 
Execute         get_default_platform 
INFO: [HLS 200-10] Setting target device to 'xc7z020clg484-1'
Execute       get_default_platform 
Execute     get_default_platform 
Execute     config_chip_info -quiet -resource  {SLICE 13300}  {LUT 53200}     {FF 106400} {DSP48E 220}   {BRAM 280}  
Execute     config_chip_info -quiet -speed slow 
Command   open_solution done; 0.233 sec.
Execute   set_part xc7z020clg484-1 
Execute     add_library xilinx/zynq/zynq:xc7z020:clg484:-1 
Execute       get_default_platform 
Execute       license_isbetapart xc7z020 
Command       license_isbetapart done; error code: 1; 
Execute       get_default_platform 
Execute       config_chip_info -quiet -resource  {SLICE 13300}  {LUT 53200}     {FF 106400} {DSP48E 220}   {BRAM 280}  
Execute       config_chip_info -quiet -speed slow 
Execute     add_library xilinx/zynq/zynq_fpv6 
Execute       get_default_platform 
Execute     get_default_platform 
Execute   create_clock -period 10 -name default 
Execute   source ./conv2Dbuffer/solution1/directives.tcl 
Execute   csynth_design 
Execute     get_config_compile -effort 
Execute     get_config_compile -enable_clang39 
Execute     get_config_compile -g 
Execute     get_config_compile -lm 
Execute     get_config_compile -ng 
Execute     get_config_compile -opt_fp 
Execute     get_config_compile -skip_cdt 
Execute     get_config_compile -skip_syncheck 
Execute     get_config_compile -skip_transform 
Execute     config_compile -blackbox  
Execute     get_config_compile -keep_printf 
Execute     elaborate -effort=medium -skip_syncheck=0 -keep_printf=0 -lm=0 -skip_cdt=0 -skip_transform=0 -ng=0 -g=0 -opt_fp=0 -from_csynth_design=1 
Execute       get_config_schedule -relax_ii_for_timing 
INFO: [SCHED 204-61] Option 'relax_ii_for_timing' is enabled, will increase II to preserve clock frequency constraints.
Execute       get_config_schedule -suppress_dependence_error_break 
INFO: [HLS 200-10] Analyzing design file 'convolve_2d.cpp' ... 
INFO-FLOW: Compiling one TU...
Execute       is_m_axi_addr64 
INFO-FLOW: Handling convolve_2d.cpp as C++
Execute       get_default_platform 
Execute       is_encrypted convolve_2d.cpp 
Execute       get_default_platform 
INFO-FLOW: Running: GCC PP
INFO-FLOW: Source preprocessing
Execute       clang  -fno-limit-debug-info -gcc-toolchain "D:/Xilinx/Vivado/2018.3/msys" -hls  -fno-exceptions  -D__llvm__  -E "convolve_2d.cpp"     -fno-math-errno -c -emit-llvm -O0  -mllvm -disable-llvm-optzns -fno-threadsafe-statics  -fno-use-cxa-atexit  -fno-threadsafe-statics -fno-use-cxa-atexit -D__CLANG_3_1__ -D__cdecl= -DAESL_SYN -D__SYNTHESIS__ -D__HLS_SYN__ -I "D:/Xilinx/Vivado/2018.3/common/technology/autopilot" -I "D:/Xilinx/Vivado/2018.3/common/technology/autopilot/ap_sysc" -include etc/autopilot_ssdm_op.h -D__DSP48E1__  -o "D:/Hoc_tap/Nam3_2024_2025/Ki1/PhanCungChoDL/Conv2D/conv2Dbuf/conv2Dbuffer/solution1/.autopilot/db/convolve_2d.pp.0.cpp" 
INFO-FLOW: exec D:/Xilinx/Vivado/2018.3/win64/tools/clang/bin/clang -fno-limit-debug-info -gcc-toolchain D:/Xilinx/Vivado/2018.3/msys -hls -fno-exceptions -D__llvm__ -E convolve_2d.cpp -fno-math-errno -c -emit-llvm -O0 -mllvm -disable-llvm-optzns -fno-threadsafe-statics -fno-use-cxa-atexit -fno-threadsafe-statics -fno-use-cxa-atexit -D__CLANG_3_1__ -D__cdecl= -DAESL_SYN -D__SYNTHESIS__ -D__HLS_SYN__ -I D:/Xilinx/Vivado/2018.3/common/technology/autopilot -I D:/Xilinx/Vivado/2018.3/common/technology/autopilot/ap_sysc -include etc/autopilot_ssdm_op.h -D__DSP48E1__ -o D:/Hoc_tap/Nam3_2024_2025/Ki1/PhanCungChoDL/Conv2D/conv2Dbuf/conv2Dbuffer/solution1/.autopilot/db/convolve_2d.pp.0.cpp
Command       clang done; 0.423 sec.
Execute       tidy_31 xilinx-xfmat-array-geometry D:/Hoc_tap/Nam3_2024_2025/Ki1/PhanCungChoDL/Conv2D/conv2Dbuf/conv2Dbuffer/solution1/.autopilot/db/convolve_2d.pp.0.cpp std=gnu++98 
INFO-FLOW: exec D:/Xilinx/Vivado/2018.3/win64/tools/clang-3.9-csynth/bin/tidy-3.1 -header-filter=.* -checks=-*,xilinx-xfmat-array-geometry -quiet -fix D:/Hoc_tap/Nam3_2024_2025/Ki1/PhanCungChoDL/Conv2D/conv2Dbuf/conv2Dbuffer/solution1/.autopilot/db/convolve_2d.pp.0.cpp -- -std=gnu++98 -fhls -ferror-limit=0
Command       tidy_31 done; 0.202 sec.
INFO-FLOW: Syntax Checking before pre-processing...
Execute       clang -syntaxcheck -src D:/Hoc_tap/Nam3_2024_2025/Ki1/PhanCungChoDL/Conv2D/conv2Dbuf/conv2Dbuffer/solution1/.autopilot/db/convolve_2d.pp.0.cpp  -fno-limit-debug-info -gcc-toolchain "D:/Xilinx/Vivado/2018.3/msys" -hls    -fno-math-errno -c -emit-llvm -O0  -mllvm -disable-llvm-optzns -fno-threadsafe-statics  -fno-use-cxa-atexit  -fno-threadsafe-statics -fno-use-cxa-atexit -D__CLANG_3_1__ -D__cdecl= -DAESL_SYN -D__SYNTHESIS__ -D__HLS_SYN__ -I "D:/Xilinx/Vivado/2018.3/common/technology/autopilot" -I "D:/Xilinx/Vivado/2018.3/common/technology/autopilot/ap_sysc" -include etc/autopilot_ssdm_op.h -D__DSP48E1__  "D:/Hoc_tap/Nam3_2024_2025/Ki1/PhanCungChoDL/Conv2D/conv2Dbuf/conv2Dbuffer/solution1/.autopilot/db/convolve_2d.pp.0.cpp"  -o "D:/Hoc_tap/Nam3_2024_2025/Ki1/PhanCungChoDL/Conv2D/conv2Dbuf/conv2Dbuffer/solution1/.autopilot/db/useless.bc"  
INFO-FLOW: exec D:/Xilinx/Vivado/2018.3/win64/tools/clang/bin/clang -fno-limit-debug-info -gcc-toolchain D:/Xilinx/Vivado/2018.3/msys -hls -fno-math-errno -c -emit-llvm -O0 -mllvm -disable-llvm-optzns -fno-threadsafe-statics -fno-use-cxa-atexit -fno-threadsafe-statics -fno-use-cxa-atexit -D__CLANG_3_1__ -D__cdecl= -DAESL_SYN -D__SYNTHESIS__ -D__HLS_SYN__ -I D:/Xilinx/Vivado/2018.3/common/technology/autopilot -I D:/Xilinx/Vivado/2018.3/common/technology/autopilot/ap_sysc -include etc/autopilot_ssdm_op.h -D__DSP48E1__ D:/Hoc_tap/Nam3_2024_2025/Ki1/PhanCungChoDL/Conv2D/conv2Dbuf/conv2Dbuffer/solution1/.autopilot/db/convolve_2d.pp.0.cpp -o D:/Hoc_tap/Nam3_2024_2025/Ki1/PhanCungChoDL/Conv2D/conv2Dbuf/conv2Dbuffer/solution1/.autopilot/db/useless.bc
Command       clang done; 0.561 sec.
INFO-FLOW: Done: GCC PP time: 1.2 seconds per iteration
Execute       list_core -type functional_unit 
Execute       tidy_31 xilinx-systemc-detector D:/Hoc_tap/Nam3_2024_2025/Ki1/PhanCungChoDL/Conv2D/conv2Dbuf/conv2Dbuffer/solution1/.autopilot/db/convolve_2d.pp.0.cpp std=gnu++98 -directive=D:/Hoc_tap/Nam3_2024_2025/Ki1/PhanCungChoDL/Conv2D/conv2Dbuf/conv2Dbuffer/solution1/.autopilot/db/.systemc_flag 
INFO-FLOW: exec D:/Xilinx/Vivado/2018.3/win64/tools/clang-3.9-csynth/bin/tidy-3.1 -header-filter=.* -checks=-*,xilinx-systemc-detector -import-directive=D:/Hoc_tap/Nam3_2024_2025/Ki1/PhanCungChoDL/Conv2D/conv2Dbuf/conv2Dbuffer/solution1/.autopilot/db/.systemc_flag -quiet -fix-errors D:/Hoc_tap/Nam3_2024_2025/Ki1/PhanCungChoDL/Conv2D/conv2Dbuf/conv2Dbuffer/solution1/.autopilot/db/convolve_2d.pp.0.cpp -- -std=gnu++98 -fhls -ferror-limit=0
Command       tidy_31 done; 0.169 sec.
INFO-FLOW: Running: tidy-3.1 CDT preprocess
Execute       tidy_31 xilinx-directive2pragma D:/Hoc_tap/Nam3_2024_2025/Ki1/PhanCungChoDL/Conv2D/conv2Dbuf/conv2Dbuffer/solution1/.autopilot/db/convolve_2d.pp.0.cpp std=gnu++98 -directive=D:/Hoc_tap/Nam3_2024_2025/Ki1/PhanCungChoDL/Conv2D/conv2Dbuf/conv2Dbuffer/solution1/.autopilot/db/all.directive.json 
INFO-FLOW: exec D:/Xilinx/Vivado/2018.3/win64/tools/clang-3.9-csynth/bin/tidy-3.1 -header-filter=.* -checks=-*,xilinx-directive2pragma -import-directive=D:/Hoc_tap/Nam3_2024_2025/Ki1/PhanCungChoDL/Conv2D/conv2Dbuf/conv2Dbuffer/solution1/.autopilot/db/all.directive.json -quiet -fix-errors D:/Hoc_tap/Nam3_2024_2025/Ki1/PhanCungChoDL/Conv2D/conv2Dbuf/conv2Dbuffer/solution1/.autopilot/db/convolve_2d.pp.0.cpp -- -std=gnu++98 -fhls -ferror-limit=0
Command       tidy_31 done; 0.163 sec.
Execute       get_config_dataflow -strict_mode 
Execute       ap_eval exec -ignorestderr D:/Xilinx/Vivado/2018.3/win64/tools/clang-3.9-csynth/bin/xilinx-dataflow-lawyer -export-fixes=D:/Hoc_tap/Nam3_2024_2025/Ki1/PhanCungChoDL/Conv2D/conv2Dbuf/conv2Dbuffer/solution1/.autopilot/db/xilinx-dataflow-lawyer.convolve_2d.pp.0.cpp.diag.yml D:/Hoc_tap/Nam3_2024_2025/Ki1/PhanCungChoDL/Conv2D/conv2Dbuf/conv2Dbuffer/solution1/.autopilot/db/convolve_2d.pp.0.cpp -- -std=gnu++98 -fhls -ferror-limit=0 -fstrict-dataflow > D:/Hoc_tap/Nam3_2024_2025/Ki1/PhanCungChoDL/Conv2D/conv2Dbuf/conv2Dbuffer/solution1/.autopilot/db/xilinx-dataflow-lawyer.convolve_2d.pp.0.cpp.out.log 2> D:/Hoc_tap/Nam3_2024_2025/Ki1/PhanCungChoDL/Conv2D/conv2Dbuf/conv2Dbuffer/solution1/.autopilot/db/xilinx-dataflow-lawyer.convolve_2d.pp.0.cpp.err.log 
Command       ap_eval done; 0.175 sec.
Execute       tidy_31 -errorcheck xilinx-constantarray-param,xilinx-resource-pragma-transformer,xilinx-xfmat-array-geometry D:/Hoc_tap/Nam3_2024_2025/Ki1/PhanCungChoDL/Conv2D/conv2Dbuf/conv2Dbuffer/solution1/.autopilot/db/convolve_2d.pp.0.cpp std=gnu++98 
Execute         ap_eval exec -ignorestderr D:/Xilinx/Vivado/2018.3/win64/tools/clang-3.9-csynth/bin/tidy-3.1 -export-fixes=D:/Hoc_tap/Nam3_2024_2025/Ki1/PhanCungChoDL/Conv2D/conv2Dbuf/conv2Dbuffer/solution1/.autopilot/db/tidy-3.1.convolve_2d.pp.0.cpp.diag.yml -header-filter=.* -checks=-*,xilinx-constantarray-param,xilinx-resource-pragma-transformer,xilinx-xfmat-array-geometry -quiet -fix-errors D:/Hoc_tap/Nam3_2024_2025/Ki1/PhanCungChoDL/Conv2D/conv2Dbuf/conv2Dbuffer/solution1/.autopilot/db/convolve_2d.pp.0.cpp -- -std=gnu++98 -fhls -ferror-limit=0 > D:/Hoc_tap/Nam3_2024_2025/Ki1/PhanCungChoDL/Conv2D/conv2Dbuf/conv2Dbuffer/solution1/.autopilot/db/tidy-3.1.convolve_2d.pp.0.cpp.out.log 2> D:/Hoc_tap/Nam3_2024_2025/Ki1/PhanCungChoDL/Conv2D/conv2Dbuf/conv2Dbuffer/solution1/.autopilot/db/tidy-3.1.convolve_2d.pp.0.cpp.err.log 
Command         ap_eval done; 0.508 sec.
Execute         ap_eval exec -ignorestderr D:/Xilinx/Vivado/2018.3/win64/tools/clang-3.9-csynth/bin/xilinx-legacy-rewriter D:/Hoc_tap/Nam3_2024_2025/Ki1/PhanCungChoDL/Conv2D/conv2Dbuf/conv2Dbuffer/solution1/.autopilot/db/convolve_2d.pp.0.cpp -- -std=gnu++98 -fhls -ferror-limit=0 > D:/Hoc_tap/Nam3_2024_2025/Ki1/PhanCungChoDL/Conv2D/conv2Dbuf/conv2Dbuffer/solution1/.autopilot/db/xilinx-legacy-rewriter.convolve_2d.pp.0.cpp.out.log 2> D:/Hoc_tap/Nam3_2024_2025/Ki1/PhanCungChoDL/Conv2D/conv2Dbuf/conv2Dbuffer/solution1/.autopilot/db/xilinx-legacy-rewriter.convolve_2d.pp.0.cpp.err.log 
Command         ap_eval done; 0.157 sec.
Command       tidy_31 done; 0.675 sec.
INFO-FLOW: Done: tidy-3.1 CDT preprocess time: 1 seconds per iteration
INFO-FLOW: Pragma Handling...
Execute       tidy_31 xilinx-ssdm-intrinsics-arguments D:/Hoc_tap/Nam3_2024_2025/Ki1/PhanCungChoDL/Conv2D/conv2Dbuf/conv2Dbuffer/solution1/.autopilot/db/convolve_2d.pragma.1.cpp std=gnu++98 
INFO-FLOW: exec D:/Xilinx/Vivado/2018.3/win64/tools/clang-3.9-csynth/bin/tidy-3.1 -header-filter=.* -checks=-*,xilinx-ssdm-intrinsics-arguments -quiet -fix-errors D:/Hoc_tap/Nam3_2024_2025/Ki1/PhanCungChoDL/Conv2D/conv2Dbuf/conv2Dbuffer/solution1/.autopilot/db/convolve_2d.pragma.1.cpp -- -std=gnu++98 -fhls -ferror-limit=0
Command       tidy_31 done; 0.218 sec.
Execute       get_default_platform 
INFO-FLOW: Processing labels
Execute       clang -src D:/Hoc_tap/Nam3_2024_2025/Ki1/PhanCungChoDL/Conv2D/conv2Dbuf/conv2Dbuffer/solution1/.autopilot/db/convolve_2d.pragma.2.cpp  -fno-limit-debug-info -gcc-toolchain D:/Xilinx/Vivado/2018.3/msys -hls -hls-analyze-label -hls-analyze-pragma -fno-exceptions  -D__llvm__  -w  "D:/Hoc_tap/Nam3_2024_2025/Ki1/PhanCungChoDL/Conv2D/conv2Dbuf/conv2Dbuffer/solution1/.autopilot/db/convolve_2d.pragma.2.cpp"    -fno-math-errno -c -emit-llvm -O0  -mllvm -disable-llvm-optzns -fno-threadsafe-statics  -fno-use-cxa-atexit -DAESL_SYN -D__SYNTHESIS__ -D__HLS_SYN__ -I "D:/Xilinx/Vivado/2018.3/common/technology/autopilot" -I "D:/Xilinx/Vivado/2018.3/common/technology/autopilot/ap_sysc" -include etc/autopilot_ssdm_op.h -D__DSP48E1__ -g -o "D:/Hoc_tap/Nam3_2024_2025/Ki1/PhanCungChoDL/Conv2D/conv2Dbuf/conv2Dbuffer/solution1/.autopilot/db/convolve_2d.bc" 
INFO-FLOW: exec D:/Xilinx/Vivado/2018.3/win64/tools/clang/bin/clang -fno-limit-debug-info -gcc-toolchain D:/Xilinx/Vivado/2018.3/msys -hls -hls-analyze-label -hls-analyze-pragma -fno-exceptions -D__llvm__ -w D:/Hoc_tap/Nam3_2024_2025/Ki1/PhanCungChoDL/Conv2D/conv2Dbuf/conv2Dbuffer/solution1/.autopilot/db/convolve_2d.pragma.2.cpp -fno-math-errno -c -emit-llvm -O0 -mllvm -disable-llvm-optzns -fno-threadsafe-statics -fno-use-cxa-atexit -DAESL_SYN -D__SYNTHESIS__ -D__HLS_SYN__ -I D:/Xilinx/Vivado/2018.3/common/technology/autopilot -I D:/Xilinx/Vivado/2018.3/common/technology/autopilot/ap_sysc -include etc/autopilot_ssdm_op.h -D__DSP48E1__ -g -o D:/Hoc_tap/Nam3_2024_2025/Ki1/PhanCungChoDL/Conv2D/conv2Dbuf/conv2Dbuffer/solution1/.autopilot/db/convolve_2d.bc
Command       clang done; 0.572 sec.
INFO-FLOW: Linking Debug ...
Execute       llvm-ld D:/Hoc_tap/Nam3_2024_2025/Ki1/PhanCungChoDL/Conv2D/conv2Dbuf/conv2Dbuffer/solution1/.autopilot/db/convolve_2d.g.bc -hls-opt -except-internalize convolve_2d -LD:/Xilinx/Vivado/2018.3/win64/lib -lhlsm -lhlsmc++ -o D:/Hoc_tap/Nam3_2024_2025/Ki1/PhanCungChoDL/Conv2D/conv2Dbuf/conv2Dbuffer/solution1/.autopilot/db/a.g 
Command       llvm-ld done; 0.503 sec.
INFO: [HLS 200-111] Finished Linking Time (s): cpu = 00:00:00 ; elapsed = 00:00:04 . Memory (MB): peak = 102.879 ; gain = 18.195
INFO: [HLS 200-111] Finished Checking Pragmas Time (s): cpu = 00:00:00 ; elapsed = 00:00:04 . Memory (MB): peak = 102.879 ; gain = 18.195
Execute       get_config_sdx -target 
Execute       opt_and_import_c a -opt_level=2 -skip_syncheck=0 -ng=0 -keep_printf=0 
Execute         cleanup_all_models 
INFO: [HLS 200-10] Starting code transformations ...
Execute         transform -promote-dbg-pointer D:/Hoc_tap/Nam3_2024_2025/Ki1/PhanCungChoDL/Conv2D/conv2Dbuf/conv2Dbuffer/solution1/.autopilot/db/a.pp.bc -o D:/Hoc_tap/Nam3_2024_2025/Ki1/PhanCungChoDL/Conv2D/conv2Dbuf/conv2Dbuffer/solution1/.autopilot/db/a.pp.0.bc -f 
Execute         llvm-ld D:/Hoc_tap/Nam3_2024_2025/Ki1/PhanCungChoDL/Conv2D/conv2Dbuf/conv2Dbuffer/solution1/.autopilot/db/a.pp.0.bc -disable-opt -LD:/Xilinx/Vivado/2018.3/win64/lib -lfloatconversion -o D:/Hoc_tap/Nam3_2024_2025/Ki1/PhanCungChoDL/Conv2D/conv2Dbuf/conv2Dbuffer/solution1/.autopilot/db/a.g.0 
Command         llvm-ld done; 0.205 sec.
INFO-FLOW: Running Standard Transforms...
Execute         transform -hls -share-std-xform -demangle-name -inline-byval-memcpy -always-inline -promote-dbg-pointer -interface-preproc -mem2reg -lower-blackbox -scalarrepl -mem2reg -keep-read-access -instcombine -dce -promote-dbg-pointer -bitop-raise -loop-simplify -indvarspre -indvars -loop-simplify -xunroll -constprop -instcombine -simplifycfg -indvars -simplifycfg -dce -globaldce -basicaa -simplifycfg -mem2reg -globalopt -global-constprop -deadargelim -instcombine -simplifycfg -prune-eh -simplifycfg -scalarrepl -instcombine -reassociate -licm -simplifycfg -loop-simplify -indvars -instcombine -simplifycfg -mem2reg -loop-simplify -indvars -instcombine -gvn -gvn -instcombine -adce -break-crit-edges -simplifycfg -loop-delete -global-array-opt -dce -dse -adce -find-syn-modules -top convolve_2d -deadargelim -mem2reg -instcombine -dce -presyn-prepare -auto-rom-infer -interface-preproc -syn-check -check-rec-only -find-region -simplifycfg -func-extr -function-inline -globaldce -mem2reg -instcombine -dce -gvn -globaldce -adce -adse -constprop -instcombine -bit-constprop -instcombine -dce -simplifycfg -bitop-raise -simplifycfg -dce -loop-delete -reassociate -globalopt -global-privatize -mem2reg -dce -global-constprop -pointer-simplify -constprop -dce -func-inst -deadargelim -auto-shift-reg-idiom -promote-dbg-pointer -norm-name D:/Hoc_tap/Nam3_2024_2025/Ki1/PhanCungChoDL/Conv2D/conv2Dbuf/conv2Dbuffer/solution1/.autopilot/db/a.g.0.bc -o D:/Hoc_tap/Nam3_2024_2025/Ki1/PhanCungChoDL/Conv2D/conv2Dbuf/conv2Dbuffer/solution1/.autopilot/db/a.g.1.bc -f -phase std-opt 
INFO: [HLS 200-111] Finished Standard Transforms Time (s): cpu = 00:00:00 ; elapsed = 00:00:05 . Memory (MB): peak = 104.441 ; gain = 19.758
INFO: [HLS 200-10] Checking synthesizability ...
INFO-FLOW: Checking Synthesizability 1/2..
Execute         transform -hls -syn-check -check-rec-only -disaggr -scalarrepl -norm-name -dce -mem2reg -instcombine -function-uniquify -directive-preproc -mem2reg -dse -dce -auto-rom-infer -dce -pag -array-normalize -instcombine -dce -warn-fifo-pointer -array-seg-normalize -instcombine -dce -array-flatten -instcombine -dce -array-burst -dce -deadargelim -promote-global-argument -simplifycfg -mem2reg -globaldce -resolve-double-ptr -dce -deadargelim -dce -instcombine -function-inline -globaldce -dce -doublePtrSimplify -doublePtrElim -dce -doublePtrSimplify -promote-dbg-pointer -dce -scalarrepl -dse -adse -instcombine -ptrLegalization -simplifycfg -dce -instcombine -pointer-simplify -ptrArgReplace -dce -instcombine -disaggr -scalarrepl -norm-name -dce -mem2reg -instcombine -ptrLegalization -simplifycfg -deadargelim -instcombine -dce -inst-simplify -function-uniquify -directive-preproc -mem2reg -dse -dce -globaldce -check-dspbuiltin D:/Hoc_tap/Nam3_2024_2025/Ki1/PhanCungChoDL/Conv2D/conv2Dbuf/conv2Dbuffer/solution1/.autopilot/db/a.g.1.bc -o D:/Hoc_tap/Nam3_2024_2025/Ki1/PhanCungChoDL/Conv2D/conv2Dbuf/conv2Dbuffer/solution1/.autopilot/db/a.g.2.prechk.bc -f 
INFO: [XFORM 203-602] Inlining function 'bounds_ok' into 'convolve_2d' (convolve_2d.cpp:39) automatically.
INFO: [XFORM 203-602] Inlining function 'convolve' into 'convolve_2d' (convolve_2d.cpp:55) automatically.
INFO-FLOW: Checking Synthesizability 2/2..
Execute         transform -syn-check D:/Hoc_tap/Nam3_2024_2025/Ki1/PhanCungChoDL/Conv2D/conv2Dbuf/conv2Dbuffer/solution1/.autopilot/db/a.g.2.prechk.bc -o D:/Hoc_tap/Nam3_2024_2025/Ki1/PhanCungChoDL/Conv2D/conv2Dbuf/conv2Dbuffer/solution1/.autopilot/db/a.g.2.bc -f -phase syn-check 
INFO: [HLS 200-111] Finished Checking Synthesizability Time (s): cpu = 00:00:00 ; elapsed = 00:00:05 . Memory (MB): peak = 104.762 ; gain = 20.078
INFO-FLOW: Compiler optimizing ...
INFO-FLOW: Share syncheck's 1.bc for syn flow: copy D:/Hoc_tap/Nam3_2024_2025/Ki1/PhanCungChoDL/Conv2D/conv2Dbuf/conv2Dbuffer/solution1/.autopilot/db/a.g.1.bc to D:/Hoc_tap/Nam3_2024_2025/Ki1/PhanCungChoDL/Conv2D/conv2Dbuf/conv2Dbuffer/solution1/.autopilot/db/a.o.1.bc
INFO-FLOW: Presyn 1...
Execute         transform -hls -tmp D:/Hoc_tap/Nam3_2024_2025/Ki1/PhanCungChoDL/Conv2D/conv2Dbuf/conv2Dbuffer/solution1/.autopilot/db -interface-port-rename -type-info -function-uniquify -directive-preproc -mem2reg -dse -dce -disaggr -scalarrepl -norm-name -deadargelim -mem2reg -instcombine -dce -simplifycfg -auto-rom-infer -dce -function-uniquify -resource-proc -simplifycfg -mem2reg -globaldce -resolve-double-ptr -dce -deadargelim -dce -instcombine -clib-intrinsic-prepare -dce -func-buffer -dce -pag -array-normalize -func-legal -instcombine -gvn -constprop -dce -ptrArgReplace -mem2reg -instcombine -dce -array-seg-normalize -deadargelim -instcombine -dce -pointer-simplify -dce -port-alignment -dce -interface-preproc -data-pack -instcombine -dce -basicaa -aggr-aa -aggrmodref-aa -aggr-aa -gvn -gvn -basicaa -aggr-aa -aggrmodref-aa -aggr-aa -dse -adse -adce -loop-simplify -indvars -instcombine -gvn -loop-simplify -mem2reg -dce -find-region -instcombine -auto-loop-pipeline -inst-simplify -interface-preproc -cfgopt -instcombine -indvars -auto-loop-unroll -loop-simplify -loop-bound -xunroll -constprop -instcombine -simplifycfg -indvars -simplifycfg -dce -globaldce -clean-region -attach-range -gvn -inst-simplify -constprop -simplifycfg -dce -pointer-simplify -dce -globalopt -constprop -dce -array-promote -constprop -instcombine -dce -ptrArgReplace -mem2reg -instcombine -simplifycfg -dce -auto-par -instcombine -dce -array-transform-check -array-reshape -instcombine -simplifycfg -dce -ptrArgReplace -deadargelim -mem2reg -instcombine -simplifycfg -dce -indvars -loop-simplify -loop-bound -xunroll -constprop -instcombine -simplifycfg -indvars -simplifycfg -dce -globaldce -basicaa -aggr-aa -aggrmodref-aa -aggr-aa -dse -duplicate-dataflow-processes -globaldce -instcombine -array-partition -instcombine -simplifycfg -dce -ptrArgReplace -global-constprop -deadargelim -mem2reg -func-legal -instcombine -dce -global-constprop -deadargelim -mem2reg -instcombine -simplifycfg -dce -merge-param -deadargelim -globalopt -constprop -dce -array-promote -constprop -instcombine -dce -ptrArgReplace -mem2reg -instcombine -simplifycfg -dce -mem-intrinsic-preproc -dce -global-internalize -global-privatize -mem2reg -globaldce -promote-global-argument -ptrArgReplace -mem2reg -instcombine -dce -globalopt -mergereturn -simplify-global-access -mem2reg -dce -pointer-simplify -dce -functionattrs -basicaa -aggr-aa -aggrmodref-aa -aggr-aa -gvn -gvn -basicaa -aggr-aa -aggrmodref-aa -aggr-aa -dse -adse -adce -inst-simplify -dce -norm-name -function-inline -globaldce -func-inst -constprop -instcombine -simplifycfg -dce -func-legal -dce -loop-bound -arraycheck -bitwidthmin -on-by-dataflow -loop-delete -instcombine -simplifycfg -globaldce -dce -gvn -deadargelim -dce -loop-simplify -clean-region -simplifycfg -propagate-stable-arguments -loop-stream -instcombine -simplifycfg -dce -globaldce -duplicate-dataflow-processes -stream-intrinsic-preproc -dce -check-ap-stream -loop-simplify -eliminate-keepreads -extract-dataflow-in-loop -loop-simplify -dce -gvn -deadargelim -dse -check-dataflow-syntax -legalize-stream-variable -legalize-global -extract-subproc -dce -dead-channel-elimination -canonicalize-gep -globaldce -dce -gvn -deadargelim -annotate-dataflow-channels -scalar-propagation -deadargelim -globaldce -mem2reg -check-dataflow-channels -function-stream -dce -globaldce -prop-fifo-spec -internal-stream-gen -canonicalize-gep -globaldce -dce -gvn -deadargelim -mergereturn -indvars -loop-simplify -instcombine -array-stream -array-seg-normalize -array-partition -func-legal -instcombine -simplifycfg -dce -bundle-memfifo-ops -deadargelim -function-uniquify -directive-preproc -mem2reg -dse -dce -group-axi-access -licm -simplifycfg -dce -loop-delete -norm-name D:/Hoc_tap/Nam3_2024_2025/Ki1/PhanCungChoDL/Conv2D/conv2Dbuf/conv2Dbuffer/solution1/.autopilot/db/a.o.1.bc -o D:/Hoc_tap/Nam3_2024_2025/Ki1/PhanCungChoDL/Conv2D/conv2Dbuf/conv2Dbuffer/solution1/.autopilot/db/a.o.1.tmp.bc -f 
INFO: [XFORM 203-602] Inlining function 'bounds_ok' into 'convolve_2d' (convolve_2d.cpp:39) automatically.
INFO: [XFORM 203-602] Inlining function 'convolve' into 'convolve_2d' (convolve_2d.cpp:55) automatically.
Command         transform done; 0.109 sec.
INFO-FLOW: Presyn 2...
Execute         transform -hls -keep-callgraph -scalarrepl -mem2reg -port-alignment -attach-range -dce -pipe-mux-gen -indvars -loop-bound -inst-simplify -instcombine -dce -merge-array-access -mem2reg -dce -clean-region -mergereturn -if-conv -instcombine -dce -constprop -basicaa -aggr-aa -aggrmodref-aa -aggr-aa -gvn -gvn -basicaa -aggr-aa -aggrmodref-aa -aggr-aa -dse -adse -adce -scalarrepl -mem2reg -global-constprop -deadargelim -deadargelim -instcombine -dce -simplifycfg -ptrArgReplace -mem2reg -function-inline -globaldce -mem2reg -instcombine -dce -expr-balance -instcombine -dce -bitwidthmin -interface-preproc -directive-preproc -inst-rectify -instcombine -dce -functionattrs -constprop -instcombine -bit-constprop -simplify-global-access -globalopt -globaldce -inst-simplify -instcombine -elimdeaddata -dce -loop-delete -simplifycfg -loop-simplify -auto-burst -norm-name D:/Hoc_tap/Nam3_2024_2025/Ki1/PhanCungChoDL/Conv2D/conv2Dbuf/conv2Dbuffer/solution1/.autopilot/db/a.o.1.tmp.bc -o D:/Hoc_tap/Nam3_2024_2025/Ki1/PhanCungChoDL/Conv2D/conv2Dbuf/conv2Dbuffer/solution1/.autopilot/db/a.o.2.bc -f -phase presyn 
INFO: [XFORM 203-401] Performing if-conversion on hyperblock from (convolve_2d.cpp:52:17) to (convolve_2d.cpp:51:40) in function 'convolve_2d'... converting 3 basic blocks.
INFO: [HLS 200-111] Finished Pre-synthesis Time (s): cpu = 00:00:00 ; elapsed = 00:00:05 . Memory (MB): peak = 125.848 ; gain = 41.164
INFO-FLOW: Building ssdm...
Execute         transform -hls -function-uniquify -auto-function-inline -globaldce -ptrArgReplace -mem2reg -instcombine -dce -reset-lda -loop-simplify -indvars -licm -loop-dep -loop-bound -licm -loop-simplify -flattenloopnest -array-flatten -gvn -instcombine -dce -array-map -dce -func-legal -gvn -adce -instcombine -cfgopt -simplifycfg -loop-simplify -array-burst -promote-global-argument -dce -axi4-lower -array-seg-normalize -basicaa -aggrmodref-aa -globalsmodref-aa -aggr-aa -gvn -gvn -basicaa -aggrmodref-aa -globalsmodref-aa -aggr-aa -dse -adse -adce -licm -inst-simplify -dce -globaldce -instcombine -array-stream -eliminate-keepreads -instcombine -dce -deadargelim -doublePtrSimplify -doublePtrElim -dce -doublePtrSimplify -promote-dbg-pointer -dce -scalarrepl -mem2reg -disaggr -norm-name -mem2reg -instcombine -dse -adse -adce -ptrLegalization -dce -auto-rom-infer -array-flatten -dce -instcombine -check-doubleptr -loop-rot -constprop -cfgopt -simplifycfg -loop-simplify -indvars -pointer-simplify -dce -loop-bound -loop-simplify -loop-preproc -constprop -global-constprop -gvn -mem2reg -instcombine -dce -loop-bound -loop-merge -dce -bitwidthmin -deadargelim -dce -canonicalize-dataflow -dce -scalar-propagation -deadargelim -globaldce -mem2reg -read-loop-dep -interface-preproc -directive-preproc -interface-gen -bram-byte-enable -deadargelim -inst-simplify -dce -gvn -mem2reg -instcombine -dce -adse -loop-bound -instcombine -cfgopt -simplifycfg -loop-simplify -clean-region -io-protocol -find-region -mem2reg -bitop-raise -inst-simplify -inst-rectify -instcombine -adce -deadargelim -loop-simplify -phi-opt -bitop-raise -cfgopt -simplifycfg -strip-dead-prototypes -interface-lower -bitop-lower -intrinsic-lower -auto-function-inline -basicaa -aggrmodref-aa -globalsmodref-aa -aggr-aa -inst-simplify -simplifycfg -loop-simplify -mergereturn -inst-simplify -inst-rectify -dce -load-elim -bitop-lower -loop-rewind -pointer-simplify -dce -cfgopt -dce -bitwidth -loop-bound -loop-dep -read-loop-dep -dce -check-stream -norm-name -legalize -validate-dataflow -inst-clarity -cdfg-build D:/Hoc_tap/Nam3_2024_2025/Ki1/PhanCungChoDL/Conv2D/conv2Dbuf/conv2Dbuffer/solution1/.autopilot/db/a.o.2.bc -o D:/Hoc_tap/Nam3_2024_2025/Ki1/PhanCungChoDL/Conv2D/conv2Dbuf/conv2Dbuffer/solution1/.autopilot/db/a.o.3.bc -f -phase build-ssdm 
Command         transform done; 0.107 sec.
INFO: [HLS 200-111] Finished Architecture Synthesis Time (s): cpu = 00:00:00 ; elapsed = 00:00:05 . Memory (MB): peak = 125.848 ; gain = 41.164
INFO-FLOW: Finish building internal data model.
Command       opt_and_import_c done; 0.631 sec.
Command     elaborate done; 4.397 sec.
Execute     autosyn -from_csynth_design=1 
INFO: [HLS 200-10] Starting hardware synthesis ...
INFO-FLOW: Synthesizing C/C++ design ...
INFO: [HLS 200-10] Synthesizing 'convolve_2d' ...
Execute       ap_set_top_model convolve_2d 
Execute       get_model_list convolve_2d -filter all-wo-channel -topdown 
Execute       preproc_iomode -model convolve_2d 
Execute       get_model_list convolve_2d -filter all-wo-channel 
INFO-FLOW: Model list for configure: convolve_2d
INFO-FLOW: Configuring Module : convolve_2d ...
Execute       set_default_model convolve_2d 
Execute       apply_spec_resource_limit convolve_2d 
INFO-FLOW: Model list for preprocess: convolve_2d
INFO-FLOW: Preprocessing Module: convolve_2d ...
Execute       set_default_model convolve_2d 
Execute       cdfg_preprocess -model convolve_2d 
Execute       rtl_gen_preprocess convolve_2d 
INFO-FLOW: Model list for synthesis: convolve_2d
INFO: [HLS 200-10] ----------------------------------------------------------------
INFO: [HLS 200-42] -- Implementing module 'convolve_2d' 
INFO: [HLS 200-10] ----------------------------------------------------------------
Execute       set_default_model convolve_2d 
Execute       schedule -model convolve_2d 
INFO: [SCHED 204-11] Starting scheduling ...
INFO: [SCHED 204-11] Finished scheduling.
Command       schedule done; 0.106 sec.
INFO: [HLS 200-111]  Elapsed time: 5.264 seconds; current allocated memory: 78.381 MB.
Execute       report -o D:/Hoc_tap/Nam3_2024_2025/Ki1/PhanCungChoDL/Conv2D/conv2Dbuf/conv2Dbuffer/solution1/.autopilot/db/convolve_2d.verbose.sched.rpt -verbose -f 
INFO: [HLS 200-434] Only 0 loops out of a total 10 loops have been pipelined in this design.
Execute       db_write -o D:/Hoc_tap/Nam3_2024_2025/Ki1/PhanCungChoDL/Conv2D/conv2Dbuf/conv2Dbuffer/solution1/.autopilot/db/convolve_2d.sched.adb -f 
INFO-FLOW: Finish scheduling convolve_2d.
Execute       set_default_model convolve_2d 
Execute       bind -model convolve_2d 
BIND OPTION: fu_weight=[ 0.0 -- 1.0 ]
BIND OPTION: model=convolve_2d
BIND OPTION: reg_weight=[ 0.0 -- 1.0 ]
INFO: [BIND 205-100] Starting micro-architecture generation ...
INFO: [BIND 205-101] Performing variable lifetime analysis.
INFO: [BIND 205-101] Exploring resource sharing.
INFO: [BIND 205-101] Binding ...
INFO: [BIND 205-100] Finished micro-architecture generation.
INFO: [HLS 200-111]  Elapsed time: 0.158 seconds; current allocated memory: 78.997 MB.
Execute       report -o D:/Hoc_tap/Nam3_2024_2025/Ki1/PhanCungChoDL/Conv2D/conv2Dbuf/conv2Dbuffer/solution1/.autopilot/db/convolve_2d.verbose.bind.rpt -verbose -f 
Execute       db_write -o D:/Hoc_tap/Nam3_2024_2025/Ki1/PhanCungChoDL/Conv2D/conv2Dbuf/conv2Dbuffer/solution1/.autopilot/db/convolve_2d.bind.adb -f 
INFO-FLOW: Finish binding convolve_2d.
Execute       get_model_list convolve_2d -filter all-wo-channel 
INFO-FLOW: Preprocessing for RTLGen ...
Execute       rtl_gen_preprocess convolve_2d 
INFO-FLOW: Model list for RTL generation: convolve_2d
INFO: [HLS 200-10] ----------------------------------------------------------------
INFO: [HLS 200-10] -- Generating RTL for module 'convolve_2d' 
INFO: [HLS 200-10] ----------------------------------------------------------------
Execute       get_config_rtl -prefix 
Execute       get_config_rtl -auto_prefix 
Execute       create_rtl_model convolve_2d -vendor xilinx -mg_file D:/Hoc_tap/Nam3_2024_2025/Ki1/PhanCungChoDL/Conv2D/conv2Dbuf/conv2Dbuffer/solution1/.autopilot/db/convolve_2d.compgen.tcl 
INFO: [RTGEN 206-500] Setting interface mode on port 'convolve_2d/out_stream_V' to 'ap_fifo'.
INFO: [RTGEN 206-500] Setting interface mode on port 'convolve_2d/in_stream_V' to 'ap_fifo'.
INFO: [RTGEN 206-500] Setting interface mode on port 'convolve_2d/kernel' to 'ap_memory'.
INFO: [RTGEN 206-500] Setting interface mode on function 'convolve_2d' to 'ap_ctrl_hs'.
INFO: [SYN 201-210] Renamed object name 'convolve_2d_line_buf' to 'convolve_2d_line_bkb' due to the length limit 20
INFO: [RTGEN 206-100] Finished creating RTL model for 'convolve_2d'.
Command       create_rtl_model done; 0.136 sec.
INFO: [HLS 200-111]  Elapsed time: 0.274 seconds; current allocated memory: 79.832 MB.
Execute       source D:/Hoc_tap/Nam3_2024_2025/Ki1/PhanCungChoDL/Conv2D/conv2Dbuf/conv2Dbuffer/solution1/.autopilot/db/convolve_2d.rtl_wrap.cfg.tcl 
Execute       gen_rtl convolve_2d -istop -style xilinx -tracefl mytrace -tracefmt vcd -traceopt all -f -lang sc -o D:/Hoc_tap/Nam3_2024_2025/Ki1/PhanCungChoDL/Conv2D/conv2Dbuf/conv2Dbuffer/solution1/syn/systemc/convolve_2d -synmodules convolve_2d 
Execute       gen_rtl convolve_2d -istop -style xilinx -f -lang vhdl -o D:/Hoc_tap/Nam3_2024_2025/Ki1/PhanCungChoDL/Conv2D/conv2Dbuf/conv2Dbuffer/solution1/syn/vhdl/convolve_2d 
Execute       gen_rtl convolve_2d -istop -style xilinx -f -lang vlog -o D:/Hoc_tap/Nam3_2024_2025/Ki1/PhanCungChoDL/Conv2D/conv2Dbuf/conv2Dbuffer/solution1/syn/verilog/convolve_2d 
Execute       export_constraint_db -o D:/Hoc_tap/Nam3_2024_2025/Ki1/PhanCungChoDL/Conv2D/conv2Dbuf/conv2Dbuffer/solution1/.autopilot/db/convolve_2d.constraint.tcl -f -tool general 
Execute       report -model convolve_2d -o D:/Hoc_tap/Nam3_2024_2025/Ki1/PhanCungChoDL/Conv2D/conv2Dbuf/conv2Dbuffer/solution1/.autopilot/db/convolve_2d.design.xml -verbose -f -dv 
Execute       report -model convolve_2d -o D:/Hoc_tap/Nam3_2024_2025/Ki1/PhanCungChoDL/Conv2D/conv2Dbuf/conv2Dbuffer/solution1/.autopilot/db/convolve_2d.sdaccel.xml -verbose -f -sdaccel 
Execute       gen_tb_info convolve_2d -o D:/Hoc_tap/Nam3_2024_2025/Ki1/PhanCungChoDL/Conv2D/conv2Dbuf/conv2Dbuffer/solution1/.autopilot/db/convolve_2d -p D:/Hoc_tap/Nam3_2024_2025/Ki1/PhanCungChoDL/Conv2D/conv2Dbuf/conv2Dbuffer/solution1/.autopilot/db 
Execute       report -model convolve_2d -o D:/Hoc_tap/Nam3_2024_2025/Ki1/PhanCungChoDL/Conv2D/conv2Dbuf/conv2Dbuffer/solution1/syn/report/convolve_2d_csynth.rpt -f 
Execute       report -model convolve_2d -o D:/Hoc_tap/Nam3_2024_2025/Ki1/PhanCungChoDL/Conv2D/conv2Dbuf/conv2Dbuffer/solution1/syn/report/convolve_2d_csynth.xml -f -x 
Execute       report -model convolve_2d -o D:/Hoc_tap/Nam3_2024_2025/Ki1/PhanCungChoDL/Conv2D/conv2Dbuf/conv2Dbuffer/solution1/.autopilot/db/convolve_2d.verbose.rpt -verbose -f 
Execute       db_write -model convolve_2d -o D:/Hoc_tap/Nam3_2024_2025/Ki1/PhanCungChoDL/Conv2D/conv2Dbuf/conv2Dbuffer/solution1/.autopilot/db/convolve_2d.adb -f 
Execute       sc_get_clocks convolve_2d 
Execute       get_config_export -vivado_clock 
Execute       sc_get_portdomain convolve_2d 
INFO-FLOW: Model list for RTL component generation: convolve_2d
INFO-FLOW: Handling components in module [convolve_2d] ... 
Execute       source D:/Hoc_tap/Nam3_2024_2025/Ki1/PhanCungChoDL/Conv2D/conv2Dbuf/conv2Dbuffer/solution1/.autopilot/db/convolve_2d.compgen.tcl 
INFO-FLOW: Found component convolve_2d_line_bkb.
INFO-FLOW: Append model convolve_2d_line_bkb
INFO-FLOW: Found component convolve_2d_window.
INFO-FLOW: Append model convolve_2d_window
INFO-FLOW: Append model convolve_2d
INFO-FLOW: Generating RTL model list ...
INFO-FLOW: All models in this session: convolve_2d_line_bkb convolve_2d_window convolve_2d
INFO-FLOW: To file: write model convolve_2d_line_bkb
INFO-FLOW: To file: write model convolve_2d_window
INFO-FLOW: To file: write model convolve_2d
INFO-FLOW: Finished generating RTL model list.


INFO-FLOW: RTL Generation done.
INFO-FLOW: CAS Generation done.
INFO-FLOW: CBC Generation done.
INFO-FLOW: DBG:CMD: auto_generate_csynth_design
INFO-FLOW: DBG:CMD:     auto_generate --sim-model -phase csynth_design -d D:/Hoc_tap/Nam3_2024_2025/Ki1/PhanCungChoDL/Conv2D/conv2Dbuf/conv2Dbuffer/solution1
Execute       source D:/Hoc_tap/Nam3_2024_2025/Ki1/PhanCungChoDL/Conv2D/conv2Dbuf/conv2Dbuffer/solution1/.autopilot/db/global.setting.tcl 
INFO-FLOW: DBG:CMD: read_platform_lib D:/Hoc_tap/Nam3_2024_2025/Ki1/PhanCungChoDL/Conv2D/conv2Dbuf/conv2Dbuffer/solution1/.autopilot/db/global.setting.tcl
Execute       source D:/Xilinx/Vivado/2018.3/common/technology/generic/autopilot/common.gen 
Execute         source D:/Xilinx/Vivado/2018.3/common/technology/generic/autopilot/APCoreGen.gen 
Execute       source D:/Xilinx/Vivado/2018.3/common/technology/generic/autopilot/op.gen 
Execute       source D:/Xilinx/Vivado/2018.3/common/technology/generic/autopilot/op_simcore.gen 
Execute       source D:/Xilinx/Vivado/2018.3/common/technology/generic/autopilot/interface.gen 
Execute       source D:/Hoc_tap/Nam3_2024_2025/Ki1/PhanCungChoDL/Conv2D/conv2Dbuf/conv2Dbuffer/solution1/.autopilot/db/global.setting.tcl 
Execute       source D:/Xilinx/Vivado/2018.3/common/technology/xilinx/zynq/zynq.gen 
Execute         source D:/Xilinx/Vivado/2018.3/common/technology/xilinx/common/virtex.gen 
Execute           source D:/Xilinx/Vivado/2018.3/common/technology/xilinx/common/xilinx.gen 
Execute             source D:/Xilinx/Vivado/2018.3/common/technology/xilinx/interface/plb46.gen 
Execute             source D:/Xilinx/Vivado/2018.3/common/technology/xilinx/interface/fsl.gen 
Execute             source D:/Xilinx/Vivado/2018.3/common/technology/xilinx/interface/axi4.gen 
Execute             source D:/Xilinx/Vivado/2018.3/common/technology/xilinx/interface/nativeAXI4.gen 
Execute               source D:/Xilinx/Vivado/2018.3/common/technology/xilinx/interface/saxilite.gen 
Execute               source D:/Xilinx/Vivado/2018.3/common/technology/xilinx/interface/maxi.gen 
Execute             source D:/Xilinx/Vivado/2018.3/common/technology/xilinx/scripts/xilinxcoregen.gen 
Execute             source D:/Xilinx/Vivado/2018.3/common/technology/xilinx/interface/XilEDKCoreGen.gen 
Execute             source D:/Xilinx/Vivado/2018.3/common/technology/xilinx/ip/dds_compiler.gen 
Execute             source D:/Xilinx/Vivado/2018.3/common/technology/xilinx/ip/util.gen 
Execute             source D:/Xilinx/Vivado/2018.3/common/technology/xilinx/ip/xfft.gen 
Execute             source D:/Xilinx/Vivado/2018.3/common/technology/xilinx/ip/xfir.gen 
Execute           source D:/Xilinx/Vivado/2018.3/common/technology/xilinx/common/dsp48.gen 
Execute       source D:/Xilinx/Vivado/2018.3/common/technology/xilinx/zynq/zynq_fpv6.gen 
Execute         source D:/Xilinx/Vivado/2018.3/common/technology/xilinx/common/xilinx_fpv6.gen 
INFO-FLOW: DBG:CMD:   using AESL_AUTOCG::g_clock_period=10.000 (was NA)
INFO-FLOW: DBG:CMD:       generate_ip_cores sim=1 export=0 expOnly=0 dstVlogDir=syn/verilog
Execute       source D:/Hoc_tap/Nam3_2024_2025/Ki1/PhanCungChoDL/Conv2D/conv2Dbuf/conv2Dbuffer/solution1/.autopilot/db/global.setting.tcl 
Execute       source D:/Hoc_tap/Nam3_2024_2025/Ki1/PhanCungChoDL/Conv2D/conv2Dbuf/conv2Dbuffer/solution1/.autopilot/db/global.setting.tcl 
Execute       source D:/Hoc_tap/Nam3_2024_2025/Ki1/PhanCungChoDL/Conv2D/conv2Dbuf/conv2Dbuffer/solution1/.autopilot/db/global.setting.tcl 
Execute       source D:/Hoc_tap/Nam3_2024_2025/Ki1/PhanCungChoDL/Conv2D/conv2Dbuf/conv2Dbuffer/solution1/.autopilot/db/convolve_2d.compgen.tcl 
INFO: [RTMG 210-278] Implementing memory 'convolve_2d_line_bkb_ram (RAM)' using distributed RAMs.
INFO: [RTMG 210-278] Implementing memory 'convolve_2d_window_ram (RAM)' using distributed RAMs.
INFO-FLOW: DBG:CMD:     auto_generate -export -impltomg_flag -rtl both -tool Vivado -pcore_version 1.00.a -phase csynth_design -d D:/Hoc_tap/Nam3_2024_2025/Ki1/PhanCungChoDL/Conv2D/conv2Dbuf/conv2Dbuffer/solution1
Execute       source D:/Hoc_tap/Nam3_2024_2025/Ki1/PhanCungChoDL/Conv2D/conv2Dbuf/conv2Dbuffer/solution1/.autopilot/db/global.setting.tcl 
INFO-FLOW: DBG:CMD: read_platform_lib D:/Hoc_tap/Nam3_2024_2025/Ki1/PhanCungChoDL/Conv2D/conv2Dbuf/conv2Dbuffer/solution1/.autopilot/db/global.setting.tcl
Execute       source D:/Xilinx/Vivado/2018.3/common/technology/generic/autopilot/common.gen 
Execute         source D:/Xilinx/Vivado/2018.3/common/technology/generic/autopilot/APCoreGen.gen 
Execute       source D:/Xilinx/Vivado/2018.3/common/technology/generic/autopilot/op.gen 
Execute       source D:/Xilinx/Vivado/2018.3/common/technology/generic/autopilot/op_simcore.gen 
Execute       source D:/Xilinx/Vivado/2018.3/common/technology/generic/autopilot/interface.gen 
Execute       source D:/Hoc_tap/Nam3_2024_2025/Ki1/PhanCungChoDL/Conv2D/conv2Dbuf/conv2Dbuffer/solution1/.autopilot/db/global.setting.tcl 
Execute       source D:/Xilinx/Vivado/2018.3/common/technology/xilinx/zynq/zynq.gen 
Execute         source D:/Xilinx/Vivado/2018.3/common/technology/xilinx/common/virtex.gen 
Execute           source D:/Xilinx/Vivado/2018.3/common/technology/xilinx/common/xilinx.gen 
Execute             source D:/Xilinx/Vivado/2018.3/common/technology/xilinx/interface/plb46.gen 
Execute             source D:/Xilinx/Vivado/2018.3/common/technology/xilinx/interface/fsl.gen 
Execute             source D:/Xilinx/Vivado/2018.3/common/technology/xilinx/interface/axi4.gen 
Execute             source D:/Xilinx/Vivado/2018.3/common/technology/xilinx/interface/nativeAXI4.gen 
Execute               source D:/Xilinx/Vivado/2018.3/common/technology/xilinx/interface/saxilite.gen 
Execute               source D:/Xilinx/Vivado/2018.3/common/technology/xilinx/interface/maxi.gen 
Execute             source D:/Xilinx/Vivado/2018.3/common/technology/xilinx/scripts/xilinxcoregen.gen 
Execute             source D:/Xilinx/Vivado/2018.3/common/technology/xilinx/interface/XilEDKCoreGen.gen 
Execute             source D:/Xilinx/Vivado/2018.3/common/technology/xilinx/ip/dds_compiler.gen 
Execute             source D:/Xilinx/Vivado/2018.3/common/technology/xilinx/ip/util.gen 
Execute             source D:/Xilinx/Vivado/2018.3/common/technology/xilinx/ip/xfft.gen 
Execute             source D:/Xilinx/Vivado/2018.3/common/technology/xilinx/ip/xfir.gen 
Execute           source D:/Xilinx/Vivado/2018.3/common/technology/xilinx/common/dsp48.gen 
Execute       source D:/Xilinx/Vivado/2018.3/common/technology/xilinx/zynq/zynq_fpv6.gen 
Execute         source D:/Xilinx/Vivado/2018.3/common/technology/xilinx/common/xilinx_fpv6.gen 
INFO-FLOW: DBG:CMD:       initCTypeInfo top_module=convolve_2d xml_exists=0
Execute       source D:/Hoc_tap/Nam3_2024_2025/Ki1/PhanCungChoDL/Conv2D/conv2Dbuf/conv2Dbuffer/solution1/.autopilot/db/convolve_2d.rtl_wrap.cfg.tcl 
Execute       source D:/Hoc_tap/Nam3_2024_2025/Ki1/PhanCungChoDL/Conv2D/conv2Dbuf/conv2Dbuffer/solution1/.autopilot/db/convolve_2d.rtl_wrap.cfg.tcl 
Execute       source D:/Hoc_tap/Nam3_2024_2025/Ki1/PhanCungChoDL/Conv2D/conv2Dbuf/conv2Dbuffer/solution1/.autopilot/db/convolve_2d.rtl_wrap.cfg.tcl 
Execute       source D:/Hoc_tap/Nam3_2024_2025/Ki1/PhanCungChoDL/Conv2D/conv2Dbuf/conv2Dbuffer/solution1/.autopilot/db/convolve_2d.tbgen.tcl 
Execute       source D:/Hoc_tap/Nam3_2024_2025/Ki1/PhanCungChoDL/Conv2D/conv2Dbuf/conv2Dbuffer/solution1/.autopilot/db/convolve_2d.tbgen.tcl 
INFO-FLOW: DBG:CMD:       export_impl_rtl
INFO-FLOW: DBG:CMD:       generate_ip_cores sim=0 export=0 expOnly=0 dstVlogDir=impl/.verilog
Execute       source D:/Hoc_tap/Nam3_2024_2025/Ki1/PhanCungChoDL/Conv2D/conv2Dbuf/conv2Dbuffer/solution1/.autopilot/db/global.setting.tcl 
Execute       source D:/Hoc_tap/Nam3_2024_2025/Ki1/PhanCungChoDL/Conv2D/conv2Dbuf/conv2Dbuffer/solution1/.autopilot/db/convolve_2d.compgen.tcl 
INFO-FLOW: DBG:CMD:       generate_ip_cores sim=0 export=1 expOnly=1 dstVlogDir=impl/.pcores/verilog
Execute       source D:/Hoc_tap/Nam3_2024_2025/Ki1/PhanCungChoDL/Conv2D/conv2Dbuf/conv2Dbuffer/solution1/.autopilot/db/global.setting.tcl 
Execute       source D:/Hoc_tap/Nam3_2024_2025/Ki1/PhanCungChoDL/Conv2D/conv2Dbuf/conv2Dbuffer/solution1/.autopilot/db/convolve_2d.compgen.tcl 
Execute         source D:/Hoc_tap/Nam3_2024_2025/Ki1/PhanCungChoDL/Conv2D/conv2Dbuf/conv2Dbuffer/solution1/.autopilot/db/convolve_2d.tbgen.tcl 
INFO-FLOW: DBG:CMD:       generate_ip_cores sim=0 export=0 expOnly=0 dstVlogDir=impl/.pcores/verilog_sim
Execute       source D:/Hoc_tap/Nam3_2024_2025/Ki1/PhanCungChoDL/Conv2D/conv2Dbuf/conv2Dbuffer/solution1/.autopilot/db/global.setting.tcl 
Execute       source D:/Hoc_tap/Nam3_2024_2025/Ki1/PhanCungChoDL/Conv2D/conv2Dbuf/conv2Dbuffer/solution1/.autopilot/db/convolve_2d.compgen.tcl 
Execute       source D:/Hoc_tap/Nam3_2024_2025/Ki1/PhanCungChoDL/Conv2D/conv2Dbuf/conv2Dbuffer/solution1/.autopilot/db/global.setting.tcl 
Execute       source D:/Hoc_tap/Nam3_2024_2025/Ki1/PhanCungChoDL/Conv2D/conv2Dbuf/conv2Dbuffer/solution1/.autopilot/db/convolve_2d.constraint.tcl 
Execute       source D:/Hoc_tap/Nam3_2024_2025/Ki1/PhanCungChoDL/Conv2D/conv2Dbuf/conv2Dbuffer/solution1/.autopilot/db/convolve_2d.tbgen.tcl 
INFO-FLOW: DBG:CMD:       hasPcoreIpAdapter=false #gSsdmPorts=8
INFO-FLOW: DBG:CMD: Skipping loadAnalyze_DB, #g_database=3
INFO-FLOW: DBG:CMD:       generate_json is_phase_csynth=1 g_has_adaptors=false generate_bd_files=0 #modelList=3 #gSsdmPorts=8
Execute       source D:/Hoc_tap/Nam3_2024_2025/Ki1/PhanCungChoDL/Conv2D/conv2Dbuf/conv2Dbuffer/solution1/.autopilot/db/global.setting.tcl 
Execute       source D:/Hoc_tap/Nam3_2024_2025/Ki1/PhanCungChoDL/Conv2D/conv2Dbuf/conv2Dbuffer/solution1/.autopilot/db/global.setting.tcl 
Execute       source D:/Hoc_tap/Nam3_2024_2025/Ki1/PhanCungChoDL/Conv2D/conv2Dbuf/conv2Dbuffer/solution1/.autopilot/db/convolve_2d.tbgen.tcl 
Execute       source D:/Hoc_tap/Nam3_2024_2025/Ki1/PhanCungChoDL/Conv2D/conv2Dbuf/conv2Dbuffer/solution1/.autopilot/db/convolve_2d.tbgen.tcl 
Execute       source D:/Hoc_tap/Nam3_2024_2025/Ki1/PhanCungChoDL/Conv2D/conv2Dbuf/conv2Dbuffer/solution1/.autopilot/db/global.setting.tcl 
Execute       get_config_sdx -target 
Execute       get_config_export -xo 
Execute       source D:/Hoc_tap/Nam3_2024_2025/Ki1/PhanCungChoDL/Conv2D/conv2Dbuf/conv2Dbuffer/solution1/.autopilot/db/global.setting.tcl 
Execute       source D:/Hoc_tap/Nam3_2024_2025/Ki1/PhanCungChoDL/Conv2D/conv2Dbuf/conv2Dbuffer/solution1/.autopilot/db/convolve_2d.constraint.tcl 
Execute       sc_get_clocks convolve_2d 
Execute       source D:/Hoc_tap/Nam3_2024_2025/Ki1/PhanCungChoDL/Conv2D/conv2Dbuf/conv2Dbuffer/solution1/.autopilot/db/global.setting.tcl 
Execute       get_config_sdx -target 
Execute       get_config_sdx -profile 
Execute       ::config_rtl 
INFO-FLOW: DBG:CMD: add_json_sdx_info kernel file does not exist: D:/Hoc_tap/Nam3_2024_2025/Ki1/PhanCungChoDL/Conv2D/conv2Dbuf/conv2Dbuffer/solution1/.autopilot/db/kernel.internal.xml
INFO-FLOW: DBG:CMD:       delete-temp-dirs (skipped for debug)
INFO: [HLS 200-111] Finished generating all RTL models Time (s): cpu = 00:00:00 ; elapsed = 00:00:07 . Memory (MB): peak = 131.340 ; gain = 46.656
INFO: [SYSC 207-301] Generating SystemC RTL for convolve_2d.
INFO: [VHDL 208-304] Generating VHDL RTL for convolve_2d.
INFO: [VLOG 209-307] Generating Verilog RTL for convolve_2d.
Command     autosyn done; 1.812 sec.
Execute     get_part 
Execute     get_config_export -sdx_tcl 
Command   csynth_design done; 6.234 sec.
Command ap_source done; 6.558 sec.
Execute cleanup_all 
