

================================================================
== Vivado HLS Report for 'convolve_2d'
================================================================
* Date:           Wed Dec 18 16:54:21 2024

* Version:        2018.3 (Build 2405991 on Thu Dec 06 23:56:15 MST 2018)
* Project:        conv2Dbuffer
* Solution:       solution1
* Product family: zynq
* Target device:  xc7z020clg484-1


================================================================
== Performance Estimates
================================================================
+ Timing (ns): 
    * Summary: 
    +--------+-------+----------+------------+
    |  Clock | Target| Estimated| Uncertainty|
    +--------+-------+----------+------------+
    |ap_clk  |  10.00|     8.510|        1.25|
    +--------+-------+----------+------------+

+ Latency (clock cycles): 
    * Summary: 
    +------+------+------+------+---------+
    |   Latency   |   Interval  | Pipeline|
    |  min |  max |  min |  max |   Type  |
    +------+------+------+------+---------+
    |  1553|  3611|  1553|  3611|   none  |
    +------+------+------+------+---------+

    + Detail: 
        * Instance: 
        N/A

        * Loop: 
        +---------------------------+------+------+-----------+-----------+-----------+------+----------+
        |                           |   Latency   | Iteration |  Initiation Interval  | Trip |          |
        |         Loop Name         |  min |  max |  Latency  |  achieved |   target  | Count| Pipelined|
        +---------------------------+------+------+-----------+-----------+-----------+------+----------+
        |- Loop 1                   |    18|    18|          9|          -|          -|     2|    no    |
        | + convolve_2d_label0      |     7|     7|          1|          -|          -|     7|    no    |
        |- Loop 2                   |  1533|  3591| 219 ~ 513 |          -|          -|     7|    no    |
        | + convolve_2d_label1      |   217|   511|  31 ~ 73  |          -|          -|     7|    no    |
        |  ++ convolve_2d_label1.1  |    18|    18|          6|          -|          -|     3|    no    |
        |   +++ convolve_2d_label2  |     4|     4|          2|          -|          -|     2|    no    |
        |  ++ convolve_2d_label1.2  |     4|     4|          2|          -|          -|     2|    no    |
        |  ++ convolve_2d_label1.3  |     4|     4|          2|          -|          -|     2|    no    |
        |  ++ convolve_label3       |    42|    42|         14|          -|          -|     3|    no    |
        |   +++ convolve_label3.1   |    12|    12|          4|          -|          -|     3|    no    |
        +---------------------------+------+------+-----------+-----------+-----------+------+----------+



================================================================
== Utilization Estimates
================================================================
* Summary: 
+-----------------+---------+-------+--------+-------+
|       Name      | BRAM_18K| DSP48E|   FF   |  LUT  |
+-----------------+---------+-------+--------+-------+
|DSP              |        -|      -|       -|      -|
|Expression       |        -|      3|       0|    487|
|FIFO             |        -|      -|       -|      -|
|Instance         |        -|      -|       -|      -|
|Memory           |        0|      -|     128|     12|
|Multiplexer      |        -|      -|       -|    311|
|Register         |        -|      -|     288|      -|
+-----------------+---------+-------+--------+-------+
|Total            |        0|      3|     416|    810|
+-----------------+---------+-------+--------+-------+
|Available        |      280|    220|  106400|  53200|
+-----------------+---------+-------+--------+-------+
|Utilization (%)  |        0|      1|   ~0   |      1|
+-----------------+---------+-------+--------+-------+

+ Detail: 
    * Instance: 
    N/A

    * DSP48: 
    N/A

    * Memory: 
    +------------+----------------------+---------+----+----+------+-----+------+-------------+
    |   Memory   |        Module        | BRAM_18K| FF | LUT| Words| Bits| Banks| W*Bits*Banks|
    +------------+----------------------+---------+----+----+------+-----+------+-------------+
    |line_buf_U  |convolve_2d_line_bkb  |        0|  64|   7|    14|   32|     1|          448|
    |window_U    |convolve_2d_window    |        0|  64|   5|     9|   32|     1|          288|
    +------------+----------------------+---------+----+----+------+-----+------+-------------+
    |Total       |                      |        0| 128|  12|    23|   64|     2|          736|
    +------------+----------------------+---------+----+----+------+-----+------+-------------+

    * FIFO: 
    N/A

    * Expression: 
    +----------------------------------+----------+-------+---+----+------------+------------+
    |           Variable Name          | Operation| DSP48E| FF| LUT| Bitwidth P0| Bitwidth P1|
    +----------------------------------+----------+-------+---+----+------------+------------+
    |tmp_17_i_fu_730_p2                |     *    |      3|  0|  20|          32|          32|
    |i_1_fu_353_p2                     |     +    |      0|  0|  10|           2|           1|
    |i_2_fu_516_p2                     |     +    |      0|  0|  10|           2|           1|
    |i_3_fu_439_p2                     |     +    |      0|  0|  10|           2|           1|
    |i_4_fu_584_p2                     |     +    |      0|  0|  10|           2|           1|
    |i_5_fu_675_p2                     |     +    |      0|  0|  10|           2|           1|
    |j_1_fu_383_p2                     |     +    |      0|  0|  12|           3|           1|
    |j_2_fu_477_p2                     |     +    |      0|  0|  10|           2|           1|
    |j_3_fu_709_p2                     |     +    |      0|  0|  10|           2|           1|
    |result_fu_734_p2                  |     +    |      0|  0|  39|          32|          32|
    |tmp_11_fu_540_p2                  |     +    |      0|  0|   8|           5|           5|
    |tmp_16_fu_568_p2                  |     +    |      0|  0|   8|           5|           2|
    |tmp_17_fu_487_p2                  |     +    |      0|  0|  15|           5|           5|
    |tmp_18_fu_501_p2                  |     +    |      0|  0|  15|           5|           5|
    |tmp_21_fu_614_p2                  |     +    |      0|  0|   8|           5|           5|
    |tmp_24_fu_642_p2                  |     +    |      0|  0|   8|           5|           5|
    |tmp_27_fu_719_p2                  |     +    |      0|  0|  15|           5|           5|
    |tmp_3_fu_393_p2                   |     +    |      0|  0|  15|           5|           5|
    |x_fu_427_p2                       |     +    |      0|  0|  12|           3|           1|
    |y_fu_409_p2                       |     +    |      0|  0|  12|           3|           1|
    |tmp_14_fu_562_p2                  |     -    |      0|  0|   8|           5|           5|
    |tmp_20_fu_608_p2                  |     -    |      0|  0|   8|           5|           5|
    |tmp_23_fu_636_p2                  |     -    |      0|  0|   8|           5|           5|
    |tmp_26_fu_697_p2                  |     -    |      0|  0|  15|           5|           5|
    |tmp_2_fu_371_p2                   |     -    |      0|  0|  15|           5|           5|
    |tmp_5_fu_461_p2                   |     -    |      0|  0|  15|           5|           5|
    |tmp_9_fu_534_p2                   |     -    |      0|  0|   8|           5|           5|
    |ap_block_state13                  |    and   |      0|  0|   2|           1|           1|
    |ap_block_state5                   |    and   |      0|  0|   2|           1|           1|
    |ap_predicate_op165_write_state13  |    and   |      0|  0|   2|           1|           1|
    |or_cond_fu_653_p2                 |    and   |      0|  0|   2|           1|           1|
    |exitcond1_fu_347_p2               |   icmp   |      0|  0|   9|           2|           3|
    |exitcond1_i_fu_669_p2             |   icmp   |      0|  0|   8|           2|           2|
    |exitcond4_fu_510_p2               |   icmp   |      0|  0|   9|           2|           3|
    |exitcond5_fu_471_p2               |   icmp   |      0|  0|   9|           2|           3|
    |exitcond6_fu_433_p2               |   icmp   |      0|  0|   8|           2|           2|
    |exitcond7_fu_421_p2               |   icmp   |      0|  0|   9|           3|           2|
    |exitcond8_fu_403_p2               |   icmp   |      0|  0|   9|           3|           2|
    |exitcond9_fu_377_p2               |   icmp   |      0|  0|   9|           3|           2|
    |exitcond_fu_578_p2                |   icmp   |      0|  0|   9|           2|           3|
    |exitcond_i_fu_703_p2              |   icmp   |      0|  0|   8|           2|           2|
    |tmp_10_fu_590_p2                  |   icmp   |      0|  0|   8|           2|           1|
    |tmp_1_fu_415_p2                   |   icmp   |      0|  0|   9|           3|           1|
    |tmp_7_fu_647_p2                   |   icmp   |      0|  0|   9|           3|           1|
    |tmp_15_fu_658_p3                  |  select  |      0|  0|  32|           1|          32|
    +----------------------------------+----------+-------+---+----+------------+------------+
    |Total                             |          |      3|  0| 487|         198|         209|
    +----------------------------------+----------+-------+---+----+------------+------------+

    * Multiplexer: 
    +--------------------+----+-----------+-----+-----------+
    |        Name        | LUT| Input Size| Bits| Total Bits|
    +--------------------+----+-----------+-----+-----------+
    |ap_NS_fsm           |  89|         18|    1|         18|
    |i1_reg_256          |   9|          2|    2|          4|
    |i3_reg_278          |   9|          2|    2|          4|
    |i4_reg_289          |   9|          2|    2|          4|
    |i_i_reg_313         |   9|          2|    2|          4|
    |i_reg_211           |   9|          2|    2|          4|
    |in_stream_V_blk_n   |   9|          2|    1|          2|
    |j2_reg_267          |   9|          2|    2|          4|
    |j_i_reg_336         |   9|          2|    2|          4|
    |j_reg_222           |   9|          2|    3|          6|
    |line_buf_address0   |  27|          5|    4|         20|
    |line_buf_d0         |  15|          3|   32|         96|
    |out_stream_V_blk_n  |   9|          2|    1|          2|
    |result_1_i_reg_324  |   9|          2|   32|         64|
    |result_2_reg_300    |   9|          2|   32|         64|
    |window_address0     |  33|          6|    4|         24|
    |window_d0           |  21|          4|   32|        128|
    |x_assign_reg_244    |   9|          2|    3|          6|
    |y_assign_reg_233    |   9|          2|    3|          6|
    +--------------------+----+-----------+-----+-----------+
    |Total               | 311|         64|  162|        464|
    +--------------------+----+-----------+-----+-----------+

    * Register: 
    +-----------------------+----+----+-----+-----------+
    |          Name         | FF | LUT| Bits| Const Bits|
    +-----------------------+----+----+-----+-----------+
    |ap_CS_fsm              |  17|   0|   17|          0|
    |i1_reg_256             |   2|   0|    2|          0|
    |i3_reg_278             |   2|   0|    2|          0|
    |i4_reg_289             |   2|   0|    2|          0|
    |i_1_reg_747            |   2|   0|    2|          0|
    |i_2_reg_834            |   2|   0|    2|          0|
    |i_3_reg_795            |   2|   0|    2|          0|
    |i_4_reg_852            |   2|   0|    2|          0|
    |i_5_reg_879            |   2|   0|    2|          0|
    |i_i_reg_313            |   2|   0|    2|          0|
    |i_reg_211              |   2|   0|    2|          0|
    |j2_reg_267             |   2|   0|    2|          0|
    |j_2_reg_816            |   2|   0|    2|          0|
    |j_3_reg_892            |   2|   0|    2|          0|
    |j_i_reg_336            |   2|   0|    2|          0|
    |j_reg_222              |   3|   0|    3|          0|
    |kernel_load_reg_912    |  32|   0|   32|          0|
    |or_cond_reg_872        |   1|   0|    1|          0|
    |result_1_i_reg_324     |  32|   0|   32|          0|
    |result_2_reg_300       |  32|   0|   32|          0|
    |tmp_10_reg_857         |   1|   0|    1|          0|
    |tmp_16_reg_844         |   5|   0|    5|          0|
    |tmp_17_i_reg_917       |  32|   0|   32|          0|
    |tmp_18_reg_826         |   5|   0|    5|          0|
    |tmp_1_reg_773          |   1|   0|    1|          0|
    |tmp_24_reg_867         |   5|   0|    5|          0|
    |tmp_26_reg_884         |   5|   0|    5|          0|
    |tmp_28_reg_786         |  32|   0|   32|          0|
    |tmp_2_reg_752          |   5|   0|    5|          0|
    |tmp_5_reg_800          |   5|   0|    5|          0|
    |tmp_8_cast_reg_806     |   3|   0|    5|          2|
    |window_load_1_reg_907  |  32|   0|   32|          0|
    |x_assign_reg_244       |   3|   0|    3|          0|
    |x_reg_781              |   3|   0|    3|          0|
    |y_assign_reg_233       |   3|   0|    3|          0|
    |y_reg_768              |   3|   0|    3|          0|
    +-----------------------+----+----+-----+-----------+
    |Total                  | 288|   0|  290|          2|
    +-----------------------+----+----+-----+-----------+



================================================================
== Interface
================================================================
* Summary: 
+---------------------+-----+-----+------------+--------------+--------------+
|      RTL Ports      | Dir | Bits|  Protocol  | Source Object|    C Type    |
+---------------------+-----+-----+------------+--------------+--------------+
|ap_clk               |  in |    1| ap_ctrl_hs |  convolve_2d | return value |
|ap_rst               |  in |    1| ap_ctrl_hs |  convolve_2d | return value |
|ap_start             |  in |    1| ap_ctrl_hs |  convolve_2d | return value |
|ap_done              | out |    1| ap_ctrl_hs |  convolve_2d | return value |
|ap_idle              | out |    1| ap_ctrl_hs |  convolve_2d | return value |
|ap_ready             | out |    1| ap_ctrl_hs |  convolve_2d | return value |
|out_stream_V_din     | out |   32|   ap_fifo  | out_stream_V |    pointer   |
|out_stream_V_full_n  |  in |    1|   ap_fifo  | out_stream_V |    pointer   |
|out_stream_V_write   | out |    1|   ap_fifo  | out_stream_V |    pointer   |
|in_stream_V_dout     |  in |   32|   ap_fifo  |  in_stream_V |    pointer   |
|in_stream_V_empty_n  |  in |    1|   ap_fifo  |  in_stream_V |    pointer   |
|in_stream_V_read     | out |    1|   ap_fifo  |  in_stream_V |    pointer   |
|kernel_address0      | out |    4|  ap_memory |    kernel    |     array    |
|kernel_ce0           | out |    1|  ap_memory |    kernel    |     array    |
|kernel_q0            |  in |   32|  ap_memory |    kernel    |     array    |
+---------------------+-----+-----+------------+--------------+--------------+

