

================================================================
== Vivado HLS Report for 'convolution_kernel'
================================================================
* Date:           Wed Dec 18 01:58:55 2024

* Version:        2018.3 (Build 2405991 on Thu Dec 06 23:56:15 MST 2018)
* Project:        conv2d_pj
* Solution:       solution1
* Product family: zynq
* Target device:  xc7z020clg484-1


================================================================
== Performance Estimates
================================================================
+ Timing (ns): 
    * Summary: 
    +--------+-------+----------+------------+
    |  Clock | Target| Estimated| Uncertainty|
    +--------+-------+----------+------------+
    |ap_clk  |  10.00|     8.510|        1.25|
    +--------+-------+----------+------------+

+ Latency (clock cycles): 
    * Summary: 
    +-------+-------+-------+-------+---------+
    |    Latency    |    Interval   | Pipeline|
    |  min  |  max  |  min  |  max  |   Type  |
    +-------+-------+-------+-------+---------+
    |  39661|  39661|  39661|  39661|   none  |
    +-------+-------+-------+-------+---------+

    + Detail: 
        * Instance: 
        N/A

        * Loop: 
        +---------------------+-------+-------+----------+-----------+-----------+------+----------+
        |                     |    Latency    | Iteration|  Initiation Interval  | Trip |          |
        |      Loop Name      |  min  |  max  |  Latency |  achieved |   target  | Count| Pipelined|
        +---------------------+-------+-------+----------+-----------+-----------+------+----------+
        |- Loop 1             |  39660|  39660|      1322|          -|          -|    30|    no    |
        | + Loop 1.1          |   1320|   1320|        44|          -|          -|    30|    no    |
        |  ++ Loop 1.1.1      |     42|     42|        14|          -|          -|     3|    no    |
        |   +++ Loop 1.1.1.1  |     12|     12|         4|          -|          -|     3|    no    |
        +---------------------+-------+-------+----------+-----------+-----------+------+----------+



================================================================
== Utilization Estimates
================================================================
* Summary: 
+-----------------+---------+-------+--------+-------+
|       Name      | BRAM_18K| DSP48E|   FF   |  LUT  |
+-----------------+---------+-------+--------+-------+
|DSP              |        -|      -|       -|      -|
|Expression       |        -|      3|       0|    233|
|FIFO             |        -|      -|       -|      -|
|Instance         |        -|      -|       -|      -|
|Memory           |        -|      -|       -|      -|
|Multiplexer      |        -|      -|       -|     98|
|Register         |        -|      -|     216|      -|
+-----------------+---------+-------+--------+-------+
|Total            |        0|      3|     216|    331|
+-----------------+---------+-------+--------+-------+
|Available        |      280|    220|  106400|  53200|
+-----------------+---------+-------+--------+-------+
|Utilization (%)  |        0|      1|   ~0   |   ~0  |
+-----------------+---------+-------+--------+-------+

+ Detail: 
    * Instance: 
    N/A

    * DSP48: 
    N/A

    * Memory: 
    N/A

    * FIFO: 
    N/A

    * Expression: 
    +---------------------+----------+-------+---+----+------------+------------+
    |    Variable Name    | Operation| DSP48E| FF| LUT| Bitwidth P0| Bitwidth P1|
    +---------------------+----------+-------+---+----+------------+------------+
    |tmp_6_fu_298_p2      |     *    |      3|  0|  20|          32|          32|
    |i_1_fu_152_p2        |     +    |      0|  0|  15|           5|           1|
    |j_1_fu_194_p2        |     +    |      0|  0|  15|           5|           1|
    |ki_1_fu_210_p2       |     +    |      0|  0|  10|           2|           1|
    |kj_1_fu_264_p2       |     +    |      0|  0|  10|           2|           1|
    |sum_2_fu_302_p2      |     +    |      0|  0|  39|          32|          32|
    |tmp_10_fu_288_p2     |     +    |      0|  0|  15|           5|           5|
    |tmp_3_fu_270_p2      |     +    |      0|  0|  15|           5|           5|
    |tmp_7_fu_244_p2      |     +    |      0|  0|  13|          11|          11|
    |tmp_s_fu_216_p2      |     +    |      0|  0|  15|           5|           5|
    |tmp_2_fu_234_p2      |     -    |      0|  0|  15|           5|           5|
    |tmp_4_fu_182_p2      |     -    |      0|  0|  13|          11|          11|
    |exitcond1_fu_204_p2  |   icmp   |      0|  0|   8|           2|           2|
    |exitcond2_fu_188_p2  |   icmp   |      0|  0|  11|           5|           3|
    |exitcond3_fu_146_p2  |   icmp   |      0|  0|  11|           5|           3|
    |exitcond_fu_258_p2   |   icmp   |      0|  0|   8|           2|           2|
    +---------------------+----------+-------+---+----+------------+------------+
    |Total                |          |      3|  0| 233|         134|         120|
    +---------------------+----------+-------+---+----+------------+------------+

    * Multiplexer: 
    +---------------+----+-----------+-----+-----------+
    |      Name     | LUT| Input Size| Bits| Total Bits|
    +---------------+----+-----------+-----+-----------+
    |ap_NS_fsm      |  44|          9|    1|          9|
    |i_reg_75       |   9|          2|    5|         10|
    |j_reg_87       |   9|          2|    5|         10|
    |ki_reg_112     |   9|          2|    2|          4|
    |kj_reg_135     |   9|          2|    2|          4|
    |sum_1_reg_123  |   9|          2|   32|         64|
    |sum_reg_99     |   9|          2|   32|         64|
    +---------------+----+-----------+-----+-----------+
    |Total          |  98|         21|   79|        165|
    +---------------+----+-----------+-----+-----------+

    * Register: 
    +---------------------+----+----+-----+-----------+
    |         Name        | FF | LUT| Bits| Const Bits|
    +---------------------+----+----+-----+-----------+
    |ap_CS_fsm            |   8|   0|    8|          0|
    |buffer_load_reg_364  |  32|   0|   32|          0|
    |i_1_reg_310          |   5|   0|    5|          0|
    |i_reg_75             |   5|   0|    5|          0|
    |j_1_reg_323          |   5|   0|    5|          0|
    |j_reg_87             |   5|   0|    5|          0|
    |kernel_load_reg_369  |  32|   0|   32|          0|
    |ki_1_reg_331         |   2|   0|    2|          0|
    |ki_reg_112           |   2|   0|    2|          0|
    |kj_1_reg_349         |   2|   0|    2|          0|
    |kj_reg_135           |   2|   0|    2|          0|
    |sum_1_reg_123        |  32|   0|   32|          0|
    |sum_reg_99           |  32|   0|   32|          0|
    |tmp_2_reg_341        |   5|   0|    5|          0|
    |tmp_4_reg_315        |  10|   0|   11|          1|
    |tmp_6_reg_374        |  32|   0|   32|          0|
    |tmp_s_reg_336        |   5|   0|    5|          0|
    +---------------------+----+----+-----+-----------+
    |Total                | 216|   0|  217|          1|
    +---------------------+----+----+-----+-----------+



================================================================
== Interface
================================================================
* Summary: 
+-------------------+-----+-----+------------+--------------------+--------------+
|     RTL Ports     | Dir | Bits|  Protocol  |    Source Object   |    C Type    |
+-------------------+-----+-----+------------+--------------------+--------------+
|ap_clk             |  in |    1| ap_ctrl_hs | convolution_kernel | return value |
|ap_rst             |  in |    1| ap_ctrl_hs | convolution_kernel | return value |
|ap_start           |  in |    1| ap_ctrl_hs | convolution_kernel | return value |
|ap_done            | out |    1| ap_ctrl_hs | convolution_kernel | return value |
|ap_idle            | out |    1| ap_ctrl_hs | convolution_kernel | return value |
|ap_ready           | out |    1| ap_ctrl_hs | convolution_kernel | return value |
|buffer_r_address0  | out |   10|  ap_memory |      buffer_r      |     array    |
|buffer_r_ce0       | out |    1|  ap_memory |      buffer_r      |     array    |
|buffer_r_q0        |  in |   32|  ap_memory |      buffer_r      |     array    |
|kernel_address0    | out |    4|  ap_memory |       kernel       |     array    |
|kernel_ce0         | out |    1|  ap_memory |       kernel       |     array    |
|kernel_q0          |  in |   32|  ap_memory |       kernel       |     array    |
|output_r_address0  | out |   10|  ap_memory |      output_r      |     array    |
|output_r_ce0       | out |    1|  ap_memory |      output_r      |     array    |
|output_r_we0       | out |    1|  ap_memory |      output_r      |     array    |
|output_r_d0        | out |   32|  ap_memory |      output_r      |     array    |
+-------------------+-----+-----+------------+--------------------+--------------+

============================================================
+ Verbose Summary: Synthesis Manager
============================================================
InlineROM: 1
ExposeGlobal: 0
============================================================
+ Verbose Summary: CDFG Model
============================================================
IsTopModel: 0
ResetActiveHigh: 1
IsCombinational: 2
IsDatapathOnly: 2
HasWiredReturn: 1
HasMFsm: 0
HasVarLatency: 1
IsPipeline: 0
IsRtlPipelined: 0
IsInstanceOverlapped: 0
IsDontTouch: 0
HasImplIP: 0
IsGatedGlobalClock: 0


============================================================
+ Verbose Summary: Schedule
============================================================
* Number of FSM states : 8
* Pipeline : 0
* Dataflow Pipeline: 0

* FSM state transitions: 
1 --> 
	2  / true
2 --> 
	3  / (!exitcond3)
3 --> 
	4  / (!exitcond2)
	2  / (exitcond2)
4 --> 
	5  / (!exitcond1)
	3  / (exitcond1)
5 --> 
	6  / (!exitcond)
	4  / (exitcond)
6 --> 
	7  / true
7 --> 
	8  / true
8 --> 
	5  / true

* FSM state operations: 

State 1 <SV = 0> <Delay = 1.76>
ST_1 : Operation 9 [1/1] (1.76ns)   --->   "br label %.loopexit" [conv2D.cpp:18]   --->   Operation 9 'br' <Predicate = true> <Delay = 1.76>

State 2 <SV = 1> <Delay = 1.78>
ST_2 : Operation 10 [1/1] (0.00ns)   --->   "%i = phi i5 [ 0, %0 ], [ %i_1, %.loopexit.loopexit ]"   --->   Operation 10 'phi' 'i' <Predicate = true> <Delay = 0.00>
ST_2 : Operation 11 [1/1] (1.36ns)   --->   "%exitcond3 = icmp eq i5 %i, -2" [conv2D.cpp:18]   --->   Operation 11 'icmp' 'exitcond3' <Predicate = true> <Delay = 1.36> <Core = "Cmp">   --->   Core 25 'Cmp' <Latency = 0> <II = 1> <Delay = 0.95> <FuncUnit> <Opcode : 'icmp'> <InPorts = 2> <OutPorts = 1>
ST_2 : Operation 12 [1/1] (0.00ns)   --->   "%empty = call i32 (...)* @_ssdm_op_SpecLoopTripCount(i64 30, i64 30, i64 30)"   --->   Operation 12 'speclooptripcount' 'empty' <Predicate = true> <Delay = 0.00>
ST_2 : Operation 13 [1/1] (1.78ns)   --->   "%i_1 = add i5 %i, 1" [conv2D.cpp:18]   --->   Operation 13 'add' 'i_1' <Predicate = true> <Delay = 1.78> <Core = "AddSub">   --->   Core 14 'AddSub' <Latency = 0> <II = 1> <Delay = 1.78> <FuncUnit> <Opcode : 'add' 'sub'> <InPorts = 2> <OutPorts = 1>
ST_2 : Operation 14 [1/1] (0.00ns)   --->   "br i1 %exitcond3, label %3, label %.preheader5.preheader" [conv2D.cpp:18]   --->   Operation 14 'br' <Predicate = true> <Delay = 0.00>
ST_2 : Operation 15 [1/1] (0.00ns)   --->   "%tmp = call i10 @_ssdm_op_BitConcatenate.i10.i5.i5(i5 %i, i5 0)" [conv2D.cpp:18]   --->   Operation 15 'bitconcatenate' 'tmp' <Predicate = (!exitcond3)> <Delay = 0.00>
ST_2 : Operation 16 [1/1] (0.00ns)   --->   "%p_shl_cast = zext i10 %tmp to i11" [conv2D.cpp:18]   --->   Operation 16 'zext' 'p_shl_cast' <Predicate = (!exitcond3)> <Delay = 0.00>
ST_2 : Operation 17 [1/1] (0.00ns)   --->   "%tmp_1 = call i6 @_ssdm_op_BitConcatenate.i6.i5.i1(i5 %i, i1 false)" [conv2D.cpp:18]   --->   Operation 17 'bitconcatenate' 'tmp_1' <Predicate = (!exitcond3)> <Delay = 0.00>
ST_2 : Operation 18 [1/1] (0.00ns)   --->   "%p_shl1_cast = zext i6 %tmp_1 to i11" [conv2D.cpp:27]   --->   Operation 18 'zext' 'p_shl1_cast' <Predicate = (!exitcond3)> <Delay = 0.00>
ST_2 : Operation 19 [1/1] (1.73ns)   --->   "%tmp_4 = sub i11 %p_shl_cast, %p_shl1_cast" [conv2D.cpp:27]   --->   Operation 19 'sub' 'tmp_4' <Predicate = (!exitcond3)> <Delay = 1.73> <Core = "AddSub">   --->   Core 14 'AddSub' <Latency = 0> <II = 1> <Delay = 1.78> <FuncUnit> <Opcode : 'add' 'sub'> <InPorts = 2> <OutPorts = 1>
ST_2 : Operation 20 [1/1] (1.76ns)   --->   "br label %.preheader5" [conv2D.cpp:19]   --->   Operation 20 'br' <Predicate = (!exitcond3)> <Delay = 1.76>
ST_2 : Operation 21 [1/1] (0.00ns)   --->   "ret void" [conv2D.cpp:30]   --->   Operation 21 'ret' <Predicate = (exitcond3)> <Delay = 0.00>

State 3 <SV = 2> <Delay = 1.78>
ST_3 : Operation 22 [1/1] (0.00ns)   --->   "%j = phi i5 [ %j_1, %2 ], [ 0, %.preheader5.preheader ]"   --->   Operation 22 'phi' 'j' <Predicate = true> <Delay = 0.00>
ST_3 : Operation 23 [1/1] (1.36ns)   --->   "%exitcond2 = icmp eq i5 %j, -2" [conv2D.cpp:19]   --->   Operation 23 'icmp' 'exitcond2' <Predicate = true> <Delay = 1.36> <Core = "Cmp">   --->   Core 25 'Cmp' <Latency = 0> <II = 1> <Delay = 0.95> <FuncUnit> <Opcode : 'icmp'> <InPorts = 2> <OutPorts = 1>
ST_3 : Operation 24 [1/1] (0.00ns)   --->   "%empty_3 = call i32 (...)* @_ssdm_op_SpecLoopTripCount(i64 30, i64 30, i64 30)"   --->   Operation 24 'speclooptripcount' 'empty_3' <Predicate = true> <Delay = 0.00>
ST_3 : Operation 25 [1/1] (1.78ns)   --->   "%j_1 = add i5 %j, 1" [conv2D.cpp:19]   --->   Operation 25 'add' 'j_1' <Predicate = true> <Delay = 1.78> <Core = "AddSub">   --->   Core 14 'AddSub' <Latency = 0> <II = 1> <Delay = 1.78> <FuncUnit> <Opcode : 'add' 'sub'> <InPorts = 2> <OutPorts = 1>
ST_3 : Operation 26 [1/1] (0.00ns)   --->   "br i1 %exitcond2, label %.loopexit.loopexit, label %.preheader4.preheader" [conv2D.cpp:19]   --->   Operation 26 'br' <Predicate = true> <Delay = 0.00>
ST_3 : Operation 27 [1/1] (1.76ns)   --->   "br label %.preheader4" [conv2D.cpp:22]   --->   Operation 27 'br' <Predicate = (!exitcond2)> <Delay = 1.76>
ST_3 : Operation 28 [1/1] (0.00ns)   --->   "br label %.loopexit"   --->   Operation 28 'br' <Predicate = (exitcond2)> <Delay = 0.00>

State 4 <SV = 3> <Delay = 4.89>
ST_4 : Operation 29 [1/1] (0.00ns)   --->   "%sum = phi i32 [ %sum_1, %.preheader4.loopexit ], [ 0, %.preheader4.preheader ]" [conv2D.cpp:24]   --->   Operation 29 'phi' 'sum' <Predicate = true> <Delay = 0.00>
ST_4 : Operation 30 [1/1] (0.00ns)   --->   "%ki = phi i2 [ %ki_1, %.preheader4.loopexit ], [ 0, %.preheader4.preheader ]"   --->   Operation 30 'phi' 'ki' <Predicate = true> <Delay = 0.00>
ST_4 : Operation 31 [1/1] (0.00ns)   --->   "%ki_cast4 = zext i2 %ki to i5" [conv2D.cpp:22]   --->   Operation 31 'zext' 'ki_cast4' <Predicate = true> <Delay = 0.00>
ST_4 : Operation 32 [1/1] (0.95ns)   --->   "%exitcond1 = icmp eq i2 %ki, -1" [conv2D.cpp:22]   --->   Operation 32 'icmp' 'exitcond1' <Predicate = true> <Delay = 0.95> <Core = "Cmp">   --->   Core 25 'Cmp' <Latency = 0> <II = 1> <Delay = 0.95> <FuncUnit> <Opcode : 'icmp'> <InPorts = 2> <OutPorts = 1>
ST_4 : Operation 33 [1/1] (0.00ns)   --->   "%empty_4 = call i32 (...)* @_ssdm_op_SpecLoopTripCount(i64 3, i64 3, i64 3)"   --->   Operation 33 'speclooptripcount' 'empty_4' <Predicate = true> <Delay = 0.00>
ST_4 : Operation 34 [1/1] (1.56ns)   --->   "%ki_1 = add i2 %ki, 1" [conv2D.cpp:22]   --->   Operation 34 'add' 'ki_1' <Predicate = true> <Delay = 1.56> <Core = "AddSub">   --->   Core 14 'AddSub' <Latency = 0> <II = 1> <Delay = 1.78> <FuncUnit> <Opcode : 'add' 'sub'> <InPorts = 2> <OutPorts = 1>
ST_4 : Operation 35 [1/1] (0.00ns)   --->   "br i1 %exitcond1, label %2, label %.preheader.preheader" [conv2D.cpp:22]   --->   Operation 35 'br' <Predicate = true> <Delay = 0.00>
ST_4 : Operation 36 [1/1] (1.78ns)   --->   "%tmp_s = add i5 %ki_cast4, %i" [conv2D.cpp:24]   --->   Operation 36 'add' 'tmp_s' <Predicate = (!exitcond1)> <Delay = 1.78> <Core = "AddSub">   --->   Core 14 'AddSub' <Latency = 0> <II = 1> <Delay = 1.78> <FuncUnit> <Opcode : 'add' 'sub'> <InPorts = 2> <OutPorts = 1>
ST_4 : Operation 37 [1/1] (0.00ns)   --->   "%tmp_9 = call i4 @_ssdm_op_BitConcatenate.i4.i2.i2(i2 %ki, i2 0)" [conv2D.cpp:22]   --->   Operation 37 'bitconcatenate' 'tmp_9' <Predicate = (!exitcond1)> <Delay = 0.00>
ST_4 : Operation 38 [1/1] (0.00ns)   --->   "%p_shl2_cast = zext i4 %tmp_9 to i5" [conv2D.cpp:24]   --->   Operation 38 'zext' 'p_shl2_cast' <Predicate = (!exitcond1)> <Delay = 0.00>
ST_4 : Operation 39 [1/1] (1.73ns)   --->   "%tmp_2 = sub i5 %p_shl2_cast, %ki_cast4" [conv2D.cpp:24]   --->   Operation 39 'sub' 'tmp_2' <Predicate = (!exitcond1)> <Delay = 1.73> <Core = "AddSub">   --->   Core 14 'AddSub' <Latency = 0> <II = 1> <Delay = 1.78> <FuncUnit> <Opcode : 'add' 'sub'> <InPorts = 2> <OutPorts = 1>
ST_4 : Operation 40 [1/1] (1.76ns)   --->   "br label %.preheader" [conv2D.cpp:23]   --->   Operation 40 'br' <Predicate = (!exitcond1)> <Delay = 1.76>
ST_4 : Operation 41 [1/1] (0.00ns)   --->   "%tmp_8_cast = zext i5 %j to i11" [conv2D.cpp:27]   --->   Operation 41 'zext' 'tmp_8_cast' <Predicate = (exitcond1)> <Delay = 0.00>
ST_4 : Operation 42 [1/1] (1.63ns)   --->   "%tmp_7 = add i11 %tmp_4, %tmp_8_cast" [conv2D.cpp:27]   --->   Operation 42 'add' 'tmp_7' <Predicate = (exitcond1)> <Delay = 1.63> <Core = "AddSub">   --->   Core 14 'AddSub' <Latency = 0> <II = 1> <Delay = 1.78> <FuncUnit> <Opcode : 'add' 'sub'> <InPorts = 2> <OutPorts = 1>
ST_4 : Operation 43 [1/1] (0.00ns)   --->   "%tmp_7_cast = sext i11 %tmp_7 to i64" [conv2D.cpp:27]   --->   Operation 43 'sext' 'tmp_7_cast' <Predicate = (exitcond1)> <Delay = 0.00>
ST_4 : Operation 44 [1/1] (0.00ns)   --->   "%output_addr = getelementptr [900 x i32]* %output_r, i64 0, i64 %tmp_7_cast" [conv2D.cpp:27]   --->   Operation 44 'getelementptr' 'output_addr' <Predicate = (exitcond1)> <Delay = 0.00>
ST_4 : Operation 45 [1/1] (3.25ns)   --->   "store i32 %sum, i32* %output_addr, align 4" [conv2D.cpp:27]   --->   Operation 45 'store' <Predicate = (exitcond1)> <Delay = 3.25> <Core = "RAM">   --->   Core 37 'RAM' <Latency = 1> <II = 1> <Delay = 3.25> <Storage> <Opcode : 'load' 'store'> <Ports = 2> <Width = 32> <Depth = 900> <RAM>
ST_4 : Operation 46 [1/1] (0.00ns)   --->   "br label %.preheader5" [conv2D.cpp:19]   --->   Operation 46 'br' <Predicate = (exitcond1)> <Delay = 0.00>

State 5 <SV = 4> <Delay = 5.03>
ST_5 : Operation 47 [1/1] (0.00ns)   --->   "%sum_1 = phi i32 [ %sum_2, %1 ], [ %sum, %.preheader.preheader ]"   --->   Operation 47 'phi' 'sum_1' <Predicate = true> <Delay = 0.00>
ST_5 : Operation 48 [1/1] (0.00ns)   --->   "%kj = phi i2 [ %kj_1, %1 ], [ 0, %.preheader.preheader ]"   --->   Operation 48 'phi' 'kj' <Predicate = true> <Delay = 0.00>
ST_5 : Operation 49 [1/1] (0.00ns)   --->   "%kj_cast2 = zext i2 %kj to i5" [conv2D.cpp:23]   --->   Operation 49 'zext' 'kj_cast2' <Predicate = true> <Delay = 0.00>
ST_5 : Operation 50 [1/1] (0.95ns)   --->   "%exitcond = icmp eq i2 %kj, -1" [conv2D.cpp:23]   --->   Operation 50 'icmp' 'exitcond' <Predicate = true> <Delay = 0.95> <Core = "Cmp">   --->   Core 25 'Cmp' <Latency = 0> <II = 1> <Delay = 0.95> <FuncUnit> <Opcode : 'icmp'> <InPorts = 2> <OutPorts = 1>
ST_5 : Operation 51 [1/1] (0.00ns)   --->   "%empty_5 = call i32 (...)* @_ssdm_op_SpecLoopTripCount(i64 3, i64 3, i64 3)"   --->   Operation 51 'speclooptripcount' 'empty_5' <Predicate = true> <Delay = 0.00>
ST_5 : Operation 52 [1/1] (1.56ns)   --->   "%kj_1 = add i2 %kj, 1" [conv2D.cpp:23]   --->   Operation 52 'add' 'kj_1' <Predicate = true> <Delay = 1.56> <Core = "AddSub">   --->   Core 14 'AddSub' <Latency = 0> <II = 1> <Delay = 1.78> <FuncUnit> <Opcode : 'add' 'sub'> <InPorts = 2> <OutPorts = 1>
ST_5 : Operation 53 [1/1] (0.00ns)   --->   "br i1 %exitcond, label %.preheader4.loopexit, label %1" [conv2D.cpp:23]   --->   Operation 53 'br' <Predicate = true> <Delay = 0.00>
ST_5 : Operation 54 [1/1] (1.78ns)   --->   "%tmp_3 = add i5 %kj_cast2, %j" [conv2D.cpp:24]   --->   Operation 54 'add' 'tmp_3' <Predicate = (!exitcond)> <Delay = 1.78> <Core = "AddSub">   --->   Core 14 'AddSub' <Latency = 0> <II = 1> <Delay = 1.78> <FuncUnit> <Opcode : 'add' 'sub'> <InPorts = 2> <OutPorts = 1>
ST_5 : Operation 55 [1/1] (0.00ns)   --->   "%tmp_5 = call i10 @_ssdm_op_BitConcatenate.i10.i5.i5(i5 %tmp_s, i5 %tmp_3)" [conv2D.cpp:24]   --->   Operation 55 'bitconcatenate' 'tmp_5' <Predicate = (!exitcond)> <Delay = 0.00>
ST_5 : Operation 56 [1/1] (0.00ns)   --->   "%tmp_8 = zext i10 %tmp_5 to i64" [conv2D.cpp:24]   --->   Operation 56 'zext' 'tmp_8' <Predicate = (!exitcond)> <Delay = 0.00>
ST_5 : Operation 57 [1/1] (0.00ns)   --->   "%buffer_addr = getelementptr [1024 x i32]* %buffer_r, i64 0, i64 %tmp_8" [conv2D.cpp:24]   --->   Operation 57 'getelementptr' 'buffer_addr' <Predicate = (!exitcond)> <Delay = 0.00>
ST_5 : Operation 58 [2/2] (3.25ns)   --->   "%buffer_load = load i32* %buffer_addr, align 4" [conv2D.cpp:24]   --->   Operation 58 'load' 'buffer_load' <Predicate = (!exitcond)> <Delay = 3.25> <Core = "RAM">   --->   Core 37 'RAM' <Latency = 1> <II = 1> <Delay = 3.25> <Storage> <Opcode : 'load' 'store'> <Ports = 2> <Width = 32> <Depth = 900> <RAM>
ST_5 : Operation 59 [1/1] (1.78ns)   --->   "%tmp_10 = add i5 %tmp_2, %kj_cast2" [conv2D.cpp:24]   --->   Operation 59 'add' 'tmp_10' <Predicate = (!exitcond)> <Delay = 1.78> <Core = "AddSub">   --->   Core 14 'AddSub' <Latency = 0> <II = 1> <Delay = 1.78> <FuncUnit> <Opcode : 'add' 'sub'> <InPorts = 2> <OutPorts = 1>
ST_5 : Operation 60 [1/1] (0.00ns)   --->   "%tmp_13_cast = sext i5 %tmp_10 to i64" [conv2D.cpp:24]   --->   Operation 60 'sext' 'tmp_13_cast' <Predicate = (!exitcond)> <Delay = 0.00>
ST_5 : Operation 61 [1/1] (0.00ns)   --->   "%kernel_addr = getelementptr [9 x i32]* %kernel, i64 0, i64 %tmp_13_cast" [conv2D.cpp:24]   --->   Operation 61 'getelementptr' 'kernel_addr' <Predicate = (!exitcond)> <Delay = 0.00>
ST_5 : Operation 62 [2/2] (2.32ns)   --->   "%kernel_load = load i32* %kernel_addr, align 4" [conv2D.cpp:24]   --->   Operation 62 'load' 'kernel_load' <Predicate = (!exitcond)> <Delay = 2.32> <Core = "RAM">   --->   Core 37 'RAM' <Latency = 1> <II = 1> <Delay = 3.25> <Storage> <Opcode : 'load' 'store'> <Ports = 2> <Width = 32> <Depth = 900> <RAM>
ST_5 : Operation 63 [1/1] (0.00ns)   --->   "br label %.preheader4"   --->   Operation 63 'br' <Predicate = (exitcond)> <Delay = 0.00>

State 6 <SV = 5> <Delay = 3.25>
ST_6 : Operation 64 [1/2] (3.25ns)   --->   "%buffer_load = load i32* %buffer_addr, align 4" [conv2D.cpp:24]   --->   Operation 64 'load' 'buffer_load' <Predicate = true> <Delay = 3.25> <Core = "RAM">   --->   Core 37 'RAM' <Latency = 1> <II = 1> <Delay = 3.25> <Storage> <Opcode : 'load' 'store'> <Ports = 2> <Width = 32> <Depth = 900> <RAM>
ST_6 : Operation 65 [1/2] (2.32ns)   --->   "%kernel_load = load i32* %kernel_addr, align 4" [conv2D.cpp:24]   --->   Operation 65 'load' 'kernel_load' <Predicate = true> <Delay = 2.32> <Core = "RAM">   --->   Core 37 'RAM' <Latency = 1> <II = 1> <Delay = 3.25> <Storage> <Opcode : 'load' 'store'> <Ports = 2> <Width = 32> <Depth = 900> <RAM>

State 7 <SV = 6> <Delay = 8.51>
ST_7 : Operation 66 [1/1] (8.51ns)   --->   "%tmp_6 = mul nsw i32 %kernel_load, %buffer_load" [conv2D.cpp:24]   --->   Operation 66 'mul' 'tmp_6' <Predicate = true> <Delay = 8.51> <Core = "Mul">   --->   Core 16 'Mul' <Latency = 0> <II = 1> <Delay = 8.51> <FuncUnit> <Opcode : 'mul'> <InPorts = 2> <OutPorts = 1>

State 8 <SV = 7> <Delay = 2.55>
ST_8 : Operation 67 [1/1] (2.55ns)   --->   "%sum_2 = add nsw i32 %sum_1, %tmp_6" [conv2D.cpp:24]   --->   Operation 67 'add' 'sum_2' <Predicate = true> <Delay = 2.55> <Core = "AddSub">   --->   Core 14 'AddSub' <Latency = 0> <II = 1> <Delay = 1.78> <FuncUnit> <Opcode : 'add' 'sub'> <InPorts = 2> <OutPorts = 1>
ST_8 : Operation 68 [1/1] (0.00ns)   --->   "br label %.preheader" [conv2D.cpp:23]   --->   Operation 68 'br' <Predicate = true> <Delay = 0.00>


============================================================
+ Verbose Summary: Binding
============================================================
STG Binding: 
---------------- STG Properties BEGIN ----------------
- Is combinational: 0
- Is one-state seq: 0
- Is datapath-only: 0
- Is pipelined: 0
- Is top level: 0
Port [ Return ] is wired: 1; IO mode=ap_ctrl_hs:ce=0
Port [ buffer_r]:  wired=1; compound=1; hidden=0; nouse=0; global=0; static=0; extern=0; dir=0; type=1; pingpong=0; private_global=0; MemPort=[13]; IO mode=ap_memory:ce=0
Port [ kernel]:  wired=1; compound=1; hidden=0; nouse=0; global=0; static=0; extern=0; dir=0; type=1; pingpong=0; private_global=0; MemPort=[13]; IO mode=ap_memory:ce=0
Port [ output_r]:  wired=1; compound=1; hidden=0; nouse=0; global=0; static=0; extern=0; dir=1; type=1; pingpong=0; private_global=0; MemPort=[03]; IO mode=ap_memory:ce=0
---------------- STG Properties END ------------------

---------------- Datapath Model BEGIN ----------------

<LifeTime>
<method=bitvector/>
StgValue_9  (br               ) [ 011111111]
i           (phi              ) [ 001011111]
exitcond3   (icmp             ) [ 001111111]
empty       (speclooptripcount) [ 000000000]
i_1         (add              ) [ 011111111]
StgValue_14 (br               ) [ 000000000]
tmp         (bitconcatenate   ) [ 000000000]
p_shl_cast  (zext             ) [ 000000000]
tmp_1       (bitconcatenate   ) [ 000000000]
p_shl1_cast (zext             ) [ 000000000]
tmp_4       (sub              ) [ 000111111]
StgValue_20 (br               ) [ 001111111]
StgValue_21 (ret              ) [ 000000000]
j           (phi              ) [ 000111111]
exitcond2   (icmp             ) [ 001111111]
empty_3     (speclooptripcount) [ 000000000]
j_1         (add              ) [ 001111111]
StgValue_26 (br               ) [ 000000000]
StgValue_27 (br               ) [ 001111111]
StgValue_28 (br               ) [ 011111111]
sum         (phi              ) [ 000011111]
ki          (phi              ) [ 000010000]
ki_cast4    (zext             ) [ 000000000]
exitcond1   (icmp             ) [ 001111111]
empty_4     (speclooptripcount) [ 000000000]
ki_1        (add              ) [ 001111111]
StgValue_35 (br               ) [ 000000000]
tmp_s       (add              ) [ 000001111]
tmp_9       (bitconcatenate   ) [ 000000000]
p_shl2_cast (zext             ) [ 000000000]
tmp_2       (sub              ) [ 000001111]
StgValue_40 (br               ) [ 001111111]
tmp_8_cast  (zext             ) [ 000000000]
tmp_7       (add              ) [ 000000000]
tmp_7_cast  (sext             ) [ 000000000]
output_addr (getelementptr    ) [ 000000000]
StgValue_45 (store            ) [ 000000000]
StgValue_46 (br               ) [ 001111111]
sum_1       (phi              ) [ 001111111]
kj          (phi              ) [ 000001000]
kj_cast2    (zext             ) [ 000000000]
exitcond    (icmp             ) [ 001111111]
empty_5     (speclooptripcount) [ 000000000]
kj_1        (add              ) [ 001111111]
StgValue_53 (br               ) [ 000000000]
tmp_3       (add              ) [ 000000000]
tmp_5       (bitconcatenate   ) [ 000000000]
tmp_8       (zext             ) [ 000000000]
buffer_addr (getelementptr    ) [ 000000100]
tmp_10      (add              ) [ 000000000]
tmp_13_cast (sext             ) [ 000000000]
kernel_addr (getelementptr    ) [ 000000100]
StgValue_63 (br               ) [ 001111111]
buffer_load (load             ) [ 000000010]
kernel_load (load             ) [ 000000010]
tmp_6       (mul              ) [ 000000001]
sum_2       (add              ) [ 001111111]
StgValue_68 (br               ) [ 001111111]
</LifeTime>

<model>

<comp_list>
<comp id="0" class="1000" name="buffer_r">
<pin_list>
<pin id="1" dir="1" index="0" bw="1" slack="0"/>
</pin_list>
<bind>
<StgValue><ssdm name="buffer_r"/><MemPortTyVec>1 3 </MemPortTyVec>
</StgValue>
</bind>
</comp>

<comp id="2" class="1000" name="kernel">
<pin_list>
<pin id="3" dir="1" index="0" bw="1" slack="0"/>
</pin_list>
<bind>
<StgValue><ssdm name="kernel"/><MemPortTyVec>1 3 </MemPortTyVec>
</StgValue>
</bind>
</comp>

<comp id="4" class="1000" name="output_r">
<pin_list>
<pin id="5" dir="1" index="0" bw="1" slack="0"/>
</pin_list>
<bind>
<StgValue><ssdm name="output_r"/><MemPortTyVec>0 3 </MemPortTyVec>
</StgValue>
</bind>
</comp>

<comp id="6" class="1001" name="const_6">
<pin_list>
<pin id="7" dir="1" index="0" bw="1" slack="0"/>
</pin_list>
<bind>
<StgValue><ssdm name=""/></StgValue>
</bind>
</comp>

<comp id="8" class="1001" name="const_8">
<pin_list>
<pin id="9" dir="1" index="0" bw="1" slack="0"/>
</pin_list>
<bind>
<StgValue><ssdm name=""/></StgValue>
</bind>
</comp>

<comp id="10" class="1001" name="const_10">
<pin_list>
<pin id="11" dir="1" index="0" bw="1" slack="2147483647"/>
</pin_list>
<bind>
<StgValue><ssdm name="_ssdm_op_SpecLoopTripCount"/></StgValue>
</bind>
</comp>

<comp id="12" class="1001" name="const_12">
<pin_list>
<pin id="13" dir="1" index="0" bw="1" slack="2147483647"/>
</pin_list>
<bind>
<StgValue><ssdm name=""/></StgValue>
</bind>
</comp>

<comp id="14" class="1001" name="const_14">
<pin_list>
<pin id="15" dir="1" index="0" bw="1" slack="0"/>
</pin_list>
<bind>
<StgValue><ssdm name=""/></StgValue>
</bind>
</comp>

<comp id="16" class="1001" name="const_16">
<pin_list>
<pin id="17" dir="1" index="0" bw="1" slack="0"/>
</pin_list>
<bind>
<StgValue><ssdm name="_ssdm_op_BitConcatenate.i10.i5.i5"/></StgValue>
</bind>
</comp>

<comp id="18" class="1001" name="const_18">
<pin_list>
<pin id="19" dir="1" index="0" bw="1" slack="0"/>
</pin_list>
<bind>
<StgValue><ssdm name="_ssdm_op_BitConcatenate.i6.i5.i1"/></StgValue>
</bind>
</comp>

<comp id="20" class="1001" name="const_20">
<pin_list>
<pin id="21" dir="1" index="0" bw="1" slack="0"/>
</pin_list>
<bind>
<StgValue><ssdm name=""/></StgValue>
</bind>
</comp>

<comp id="22" class="1001" name="const_22">
<pin_list>
<pin id="23" dir="1" index="0" bw="1" slack="1"/>
</pin_list>
<bind>
<StgValue><ssdm name=""/></StgValue>
</bind>
</comp>

<comp id="24" class="1001" name="const_24">
<pin_list>
<pin id="25" dir="1" index="0" bw="1" slack="0"/>
</pin_list>
<bind>
<StgValue><ssdm name=""/></StgValue>
</bind>
</comp>

<comp id="26" class="1001" name="const_26">
<pin_list>
<pin id="27" dir="1" index="0" bw="1" slack="0"/>
</pin_list>
<bind>
<StgValue><ssdm name=""/></StgValue>
</bind>
</comp>

<comp id="28" class="1001" name="const_28">
<pin_list>
<pin id="29" dir="1" index="0" bw="1" slack="2147483647"/>
</pin_list>
<bind>
<StgValue><ssdm name=""/></StgValue>
</bind>
</comp>

<comp id="30" class="1001" name="const_30">
<pin_list>
<pin id="31" dir="1" index="0" bw="1" slack="0"/>
</pin_list>
<bind>
<StgValue><ssdm name=""/></StgValue>
</bind>
</comp>

<comp id="32" class="1001" name="const_32">
<pin_list>
<pin id="33" dir="1" index="0" bw="1" slack="0"/>
</pin_list>
<bind>
<StgValue><ssdm name="_ssdm_op_BitConcatenate.i4.i2.i2"/></StgValue>
</bind>
</comp>

<comp id="34" class="1001" name="const_34">
<pin_list>
<pin id="35" dir="1" index="0" bw="1" slack="0"/>
</pin_list>
<bind>
<StgValue><ssdm name=""/></StgValue>
</bind>
</comp>

<comp id="36" class="1004" name="output_addr_gep_fu_36">
<pin_list>
<pin id="37" dir="0" index="0" bw="32" slack="0"/>
<pin id="38" dir="0" index="1" bw="1" slack="0"/>
<pin id="39" dir="0" index="2" bw="11" slack="0"/>
<pin id="40" dir="1" index="3" bw="10" slack="0"/>
</pin_list>
<bind>
<opcode="getelementptr(29) " fcode="getelementptr"/>
<opset="output_addr/4 "/>
</bind>
</comp>

<comp id="43" class="1004" name="StgValue_45_access_fu_43">
<pin_list>
<pin id="44" dir="0" index="0" bw="10" slack="0"/>
<pin id="45" dir="0" index="1" bw="32" slack="0"/>
<pin id="46" dir="0" index="2" bw="0" slack="2147483647"/>
<pin id="47" dir="1" index="3" bw="32" slack="2147483647"/>
</pin_list>
<bind>
<opcode="store(28) " fcode="store"/>
<opset="StgValue_45/4 "/>
</bind>
</comp>

<comp id="49" class="1004" name="buffer_addr_gep_fu_49">
<pin_list>
<pin id="50" dir="0" index="0" bw="32" slack="0"/>
<pin id="51" dir="0" index="1" bw="1" slack="0"/>
<pin id="52" dir="0" index="2" bw="10" slack="0"/>
<pin id="53" dir="1" index="3" bw="10" slack="0"/>
</pin_list>
<bind>
<opcode="getelementptr(29) " fcode="getelementptr"/>
<opset="buffer_addr/5 "/>
</bind>
</comp>

<comp id="56" class="1004" name="grp_access_fu_56">
<pin_list>
<pin id="57" dir="0" index="0" bw="10" slack="0"/>
<pin id="58" dir="0" index="1" bw="32" slack="2147483647"/>
<pin id="59" dir="0" index="2" bw="0" slack="2147483647"/>
<pin id="60" dir="1" index="3" bw="32" slack="1"/>
</pin_list>
<bind>
<opcode="load(27) " fcode="load"/>
<opset="buffer_load/5 "/>
</bind>
</comp>

<comp id="62" class="1004" name="kernel_addr_gep_fu_62">
<pin_list>
<pin id="63" dir="0" index="0" bw="32" slack="0"/>
<pin id="64" dir="0" index="1" bw="1" slack="0"/>
<pin id="65" dir="0" index="2" bw="5" slack="0"/>
<pin id="66" dir="1" index="3" bw="4" slack="0"/>
</pin_list>
<bind>
<opcode="getelementptr(29) " fcode="getelementptr"/>
<opset="kernel_addr/5 "/>
</bind>
</comp>

<comp id="69" class="1004" name="grp_access_fu_69">
<pin_list>
<pin id="70" dir="0" index="0" bw="4" slack="0"/>
<pin id="71" dir="0" index="1" bw="32" slack="2147483647"/>
<pin id="72" dir="0" index="2" bw="0" slack="2147483647"/>
<pin id="73" dir="1" index="3" bw="32" slack="1"/>
</pin_list>
<bind>
<opcode="load(27) " fcode="load"/>
<opset="kernel_load/5 "/>
</bind>
</comp>

<comp id="75" class="1005" name="i_reg_75">
<pin_list>
<pin id="76" dir="0" index="0" bw="5" slack="1"/>
<pin id="77" dir="1" index="1" bw="5" slack="1"/>
</pin_list>
<bind>
<opset="i (phireg) "/>
</bind>
</comp>

<comp id="79" class="1004" name="i_phi_fu_79">
<pin_list>
<pin id="80" dir="0" index="0" bw="1" slack="1"/>
<pin id="81" dir="0" index="1" bw="0" slack="2147483647"/>
<pin id="82" dir="0" index="2" bw="5" slack="0"/>
<pin id="83" dir="0" index="3" bw="0" slack="2147483647"/>
<pin id="84" dir="1" index="4" bw="5" slack="0"/>
</pin_list>
<bind>
<opcode="phi(47) " fcode="phi"/>
<opset="i/2 "/>
</bind>
</comp>

<comp id="87" class="1005" name="j_reg_87">
<pin_list>
<pin id="88" dir="0" index="0" bw="5" slack="1"/>
<pin id="89" dir="1" index="1" bw="5" slack="1"/>
</pin_list>
<bind>
<opset="j (phireg) "/>
</bind>
</comp>

<comp id="91" class="1004" name="j_phi_fu_91">
<pin_list>
<pin id="92" dir="0" index="0" bw="5" slack="0"/>
<pin id="93" dir="0" index="1" bw="0" slack="2147483647"/>
<pin id="94" dir="0" index="2" bw="1" slack="1"/>
<pin id="95" dir="0" index="3" bw="0" slack="2147483647"/>
<pin id="96" dir="1" index="4" bw="5" slack="0"/>
</pin_list>
<bind>
<opcode="phi(47) " fcode="phi"/>
<opset="j/3 "/>
</bind>
</comp>

<comp id="99" class="1005" name="sum_reg_99">
<pin_list>
<pin id="100" dir="0" index="0" bw="32" slack="1"/>
<pin id="101" dir="1" index="1" bw="32" slack="1"/>
</pin_list>
<bind>
<opset="sum (phireg) "/>
</bind>
</comp>

<comp id="103" class="1004" name="sum_phi_fu_103">
<pin_list>
<pin id="104" dir="0" index="0" bw="32" slack="1"/>
<pin id="105" dir="0" index="1" bw="0" slack="2147483647"/>
<pin id="106" dir="0" index="2" bw="1" slack="1"/>
<pin id="107" dir="0" index="3" bw="0" slack="2147483647"/>
<pin id="108" dir="1" index="4" bw="32" slack="0"/>
</pin_list>
<bind>
<opcode="phi(47) " fcode="phi"/>
<opset="sum/4 "/>
</bind>
</comp>

<comp id="112" class="1005" name="ki_reg_112">
<pin_list>
<pin id="113" dir="0" index="0" bw="2" slack="1"/>
<pin id="114" dir="1" index="1" bw="2" slack="1"/>
</pin_list>
<bind>
<opset="ki (phireg) "/>
</bind>
</comp>

<comp id="116" class="1004" name="ki_phi_fu_116">
<pin_list>
<pin id="117" dir="0" index="0" bw="2" slack="0"/>
<pin id="118" dir="0" index="1" bw="0" slack="2147483647"/>
<pin id="119" dir="0" index="2" bw="1" slack="1"/>
<pin id="120" dir="0" index="3" bw="0" slack="2147483647"/>
<pin id="121" dir="1" index="4" bw="2" slack="0"/>
</pin_list>
<bind>
<opcode="phi(47) " fcode="phi"/>
<opset="ki/4 "/>
</bind>
</comp>

<comp id="123" class="1005" name="sum_1_reg_123">
<pin_list>
<pin id="124" dir="0" index="0" bw="32" slack="1"/>
<pin id="125" dir="1" index="1" bw="32" slack="1"/>
</pin_list>
<bind>
<opset="sum_1 (phireg) "/>
</bind>
</comp>

<comp id="127" class="1004" name="sum_1_phi_fu_127">
<pin_list>
<pin id="128" dir="0" index="0" bw="32" slack="1"/>
<pin id="129" dir="0" index="1" bw="0" slack="2147483647"/>
<pin id="130" dir="0" index="2" bw="32" slack="1"/>
<pin id="131" dir="0" index="3" bw="0" slack="2147483647"/>
<pin id="132" dir="1" index="4" bw="32" slack="1"/>
</pin_list>
<bind>
<opcode="phi(47) " fcode="phi"/>
<opset="sum_1/5 "/>
</bind>
</comp>

<comp id="135" class="1005" name="kj_reg_135">
<pin_list>
<pin id="136" dir="0" index="0" bw="2" slack="1"/>
<pin id="137" dir="1" index="1" bw="2" slack="1"/>
</pin_list>
<bind>
<opset="kj (phireg) "/>
</bind>
</comp>

<comp id="139" class="1004" name="kj_phi_fu_139">
<pin_list>
<pin id="140" dir="0" index="0" bw="2" slack="0"/>
<pin id="141" dir="0" index="1" bw="0" slack="2147483647"/>
<pin id="142" dir="0" index="2" bw="1" slack="1"/>
<pin id="143" dir="0" index="3" bw="0" slack="2147483647"/>
<pin id="144" dir="1" index="4" bw="2" slack="0"/>
</pin_list>
<bind>
<opcode="phi(47) " fcode="phi"/>
<opset="kj/5 "/>
</bind>
</comp>

<comp id="146" class="1004" name="exitcond3_fu_146">
<pin_list>
<pin id="147" dir="0" index="0" bw="5" slack="0"/>
<pin id="148" dir="0" index="1" bw="5" slack="0"/>
<pin id="149" dir="1" index="2" bw="1" slack="2147483647"/>
</pin_list>
<bind>
<opcode="icmp(45) " fcode="icmp"/>
<opset="exitcond3/2 "/>
</bind>
</comp>

<comp id="152" class="1004" name="i_1_fu_152">
<pin_list>
<pin id="153" dir="0" index="0" bw="5" slack="0"/>
<pin id="154" dir="0" index="1" bw="1" slack="0"/>
<pin id="155" dir="1" index="2" bw="5" slack="0"/>
</pin_list>
<bind>
<opcode="add(8) " fcode="add"/>
<opset="i_1/2 "/>
</bind>
</comp>

<comp id="158" class="1004" name="tmp_fu_158">
<pin_list>
<pin id="159" dir="0" index="0" bw="10" slack="0"/>
<pin id="160" dir="0" index="1" bw="5" slack="0"/>
<pin id="161" dir="0" index="2" bw="1" slack="0"/>
<pin id="162" dir="1" index="3" bw="10" slack="0"/>
</pin_list>
<bind>
<opcode="bitconcatenate(1004) " fcode="bitconcatenate"/>
<opset="tmp/2 "/>
</bind>
</comp>

<comp id="166" class="1004" name="p_shl_cast_fu_166">
<pin_list>
<pin id="167" dir="0" index="0" bw="10" slack="0"/>
<pin id="168" dir="1" index="1" bw="11" slack="0"/>
</pin_list>
<bind>
<opcode="zext(34) " fcode="zext"/>
<opset="p_shl_cast/2 "/>
</bind>
</comp>

<comp id="170" class="1004" name="tmp_1_fu_170">
<pin_list>
<pin id="171" dir="0" index="0" bw="6" slack="0"/>
<pin id="172" dir="0" index="1" bw="5" slack="0"/>
<pin id="173" dir="0" index="2" bw="1" slack="0"/>
<pin id="174" dir="1" index="3" bw="6" slack="0"/>
</pin_list>
<bind>
<opcode="bitconcatenate(1004) " fcode="bitconcatenate"/>
<opset="tmp_1/2 "/>
</bind>
</comp>

<comp id="178" class="1004" name="p_shl1_cast_fu_178">
<pin_list>
<pin id="179" dir="0" index="0" bw="6" slack="0"/>
<pin id="180" dir="1" index="1" bw="11" slack="0"/>
</pin_list>
<bind>
<opcode="zext(34) " fcode="zext"/>
<opset="p_shl1_cast/2 "/>
</bind>
</comp>

<comp id="182" class="1004" name="tmp_4_fu_182">
<pin_list>
<pin id="183" dir="0" index="0" bw="10" slack="0"/>
<pin id="184" dir="0" index="1" bw="6" slack="0"/>
<pin id="185" dir="1" index="2" bw="11" slack="2"/>
</pin_list>
<bind>
<opcode="sub(10) " fcode="sub"/>
<opset="tmp_4/2 "/>
</bind>
</comp>

<comp id="188" class="1004" name="exitcond2_fu_188">
<pin_list>
<pin id="189" dir="0" index="0" bw="5" slack="0"/>
<pin id="190" dir="0" index="1" bw="5" slack="0"/>
<pin id="191" dir="1" index="2" bw="1" slack="2147483647"/>
</pin_list>
<bind>
<opcode="icmp(45) " fcode="icmp"/>
<opset="exitcond2/3 "/>
</bind>
</comp>

<comp id="194" class="1004" name="j_1_fu_194">
<pin_list>
<pin id="195" dir="0" index="0" bw="5" slack="0"/>
<pin id="196" dir="0" index="1" bw="1" slack="0"/>
<pin id="197" dir="1" index="2" bw="5" slack="0"/>
</pin_list>
<bind>
<opcode="add(8) " fcode="add"/>
<opset="j_1/3 "/>
</bind>
</comp>

<comp id="200" class="1004" name="ki_cast4_fu_200">
<pin_list>
<pin id="201" dir="0" index="0" bw="2" slack="0"/>
<pin id="202" dir="1" index="1" bw="5" slack="0"/>
</pin_list>
<bind>
<opcode="zext(34) " fcode="zext"/>
<opset="ki_cast4/4 "/>
</bind>
</comp>

<comp id="204" class="1004" name="exitcond1_fu_204">
<pin_list>
<pin id="205" dir="0" index="0" bw="2" slack="0"/>
<pin id="206" dir="0" index="1" bw="2" slack="0"/>
<pin id="207" dir="1" index="2" bw="1" slack="2147483647"/>
</pin_list>
<bind>
<opcode="icmp(45) " fcode="icmp"/>
<opset="exitcond1/4 "/>
</bind>
</comp>

<comp id="210" class="1004" name="ki_1_fu_210">
<pin_list>
<pin id="211" dir="0" index="0" bw="2" slack="0"/>
<pin id="212" dir="0" index="1" bw="1" slack="0"/>
<pin id="213" dir="1" index="2" bw="2" slack="0"/>
</pin_list>
<bind>
<opcode="add(8) " fcode="add"/>
<opset="ki_1/4 "/>
</bind>
</comp>

<comp id="216" class="1004" name="tmp_s_fu_216">
<pin_list>
<pin id="217" dir="0" index="0" bw="2" slack="0"/>
<pin id="218" dir="0" index="1" bw="5" slack="2"/>
<pin id="219" dir="1" index="2" bw="5" slack="1"/>
</pin_list>
<bind>
<opcode="add(8) " fcode="add"/>
<opset="tmp_s/4 "/>
</bind>
</comp>

<comp id="222" class="1004" name="tmp_9_fu_222">
<pin_list>
<pin id="223" dir="0" index="0" bw="4" slack="0"/>
<pin id="224" dir="0" index="1" bw="2" slack="0"/>
<pin id="225" dir="0" index="2" bw="1" slack="0"/>
<pin id="226" dir="1" index="3" bw="4" slack="0"/>
</pin_list>
<bind>
<opcode="bitconcatenate(1004) " fcode="bitconcatenate"/>
<opset="tmp_9/4 "/>
</bind>
</comp>

<comp id="230" class="1004" name="p_shl2_cast_fu_230">
<pin_list>
<pin id="231" dir="0" index="0" bw="4" slack="0"/>
<pin id="232" dir="1" index="1" bw="5" slack="0"/>
</pin_list>
<bind>
<opcode="zext(34) " fcode="zext"/>
<opset="p_shl2_cast/4 "/>
</bind>
</comp>

<comp id="234" class="1004" name="tmp_2_fu_234">
<pin_list>
<pin id="235" dir="0" index="0" bw="4" slack="0"/>
<pin id="236" dir="0" index="1" bw="2" slack="0"/>
<pin id="237" dir="1" index="2" bw="5" slack="1"/>
</pin_list>
<bind>
<opcode="sub(10) " fcode="sub"/>
<opset="tmp_2/4 "/>
</bind>
</comp>

<comp id="240" class="1004" name="tmp_8_cast_fu_240">
<pin_list>
<pin id="241" dir="0" index="0" bw="5" slack="1"/>
<pin id="242" dir="1" index="1" bw="11" slack="0"/>
</pin_list>
<bind>
<opcode="zext(34) " fcode="zext"/>
<opset="tmp_8_cast/4 "/>
</bind>
</comp>

<comp id="244" class="1004" name="tmp_7_fu_244">
<pin_list>
<pin id="245" dir="0" index="0" bw="11" slack="2"/>
<pin id="246" dir="0" index="1" bw="5" slack="0"/>
<pin id="247" dir="1" index="2" bw="11" slack="0"/>
</pin_list>
<bind>
<opcode="add(8) " fcode="add"/>
<opset="tmp_7/4 "/>
</bind>
</comp>

<comp id="249" class="1004" name="tmp_7_cast_fu_249">
<pin_list>
<pin id="250" dir="0" index="0" bw="11" slack="0"/>
<pin id="251" dir="1" index="1" bw="64" slack="0"/>
</pin_list>
<bind>
<opcode="sext(35) " fcode="sext"/>
<opset="tmp_7_cast/4 "/>
</bind>
</comp>

<comp id="254" class="1004" name="kj_cast2_fu_254">
<pin_list>
<pin id="255" dir="0" index="0" bw="2" slack="0"/>
<pin id="256" dir="1" index="1" bw="5" slack="0"/>
</pin_list>
<bind>
<opcode="zext(34) " fcode="zext"/>
<opset="kj_cast2/5 "/>
</bind>
</comp>

<comp id="258" class="1004" name="exitcond_fu_258">
<pin_list>
<pin id="259" dir="0" index="0" bw="2" slack="0"/>
<pin id="260" dir="0" index="1" bw="2" slack="0"/>
<pin id="261" dir="1" index="2" bw="1" slack="2147483647"/>
</pin_list>
<bind>
<opcode="icmp(45) " fcode="icmp"/>
<opset="exitcond/5 "/>
</bind>
</comp>

<comp id="264" class="1004" name="kj_1_fu_264">
<pin_list>
<pin id="265" dir="0" index="0" bw="2" slack="0"/>
<pin id="266" dir="0" index="1" bw="1" slack="0"/>
<pin id="267" dir="1" index="2" bw="2" slack="0"/>
</pin_list>
<bind>
<opcode="add(8) " fcode="add"/>
<opset="kj_1/5 "/>
</bind>
</comp>

<comp id="270" class="1004" name="tmp_3_fu_270">
<pin_list>
<pin id="271" dir="0" index="0" bw="2" slack="0"/>
<pin id="272" dir="0" index="1" bw="5" slack="2"/>
<pin id="273" dir="1" index="2" bw="5" slack="0"/>
</pin_list>
<bind>
<opcode="add(8) " fcode="add"/>
<opset="tmp_3/5 "/>
</bind>
</comp>

<comp id="276" class="1004" name="tmp_5_fu_276">
<pin_list>
<pin id="277" dir="0" index="0" bw="10" slack="0"/>
<pin id="278" dir="0" index="1" bw="5" slack="1"/>
<pin id="279" dir="0" index="2" bw="5" slack="0"/>
<pin id="280" dir="1" index="3" bw="10" slack="0"/>
</pin_list>
<bind>
<opcode="bitconcatenate(1004) " fcode="bitconcatenate"/>
<opset="tmp_5/5 "/>
</bind>
</comp>

<comp id="283" class="1004" name="tmp_8_fu_283">
<pin_list>
<pin id="284" dir="0" index="0" bw="10" slack="0"/>
<pin id="285" dir="1" index="1" bw="64" slack="0"/>
</pin_list>
<bind>
<opcode="zext(34) " fcode="zext"/>
<opset="tmp_8/5 "/>
</bind>
</comp>

<comp id="288" class="1004" name="tmp_10_fu_288">
<pin_list>
<pin id="289" dir="0" index="0" bw="5" slack="1"/>
<pin id="290" dir="0" index="1" bw="2" slack="0"/>
<pin id="291" dir="1" index="2" bw="5" slack="0"/>
</pin_list>
<bind>
<opcode="add(8) " fcode="add"/>
<opset="tmp_10/5 "/>
</bind>
</comp>

<comp id="293" class="1004" name="tmp_13_cast_fu_293">
<pin_list>
<pin id="294" dir="0" index="0" bw="5" slack="0"/>
<pin id="295" dir="1" index="1" bw="64" slack="0"/>
</pin_list>
<bind>
<opcode="sext(35) " fcode="sext"/>
<opset="tmp_13_cast/5 "/>
</bind>
</comp>

<comp id="298" class="1004" name="tmp_6_fu_298">
<pin_list>
<pin id="299" dir="0" index="0" bw="32" slack="1"/>
<pin id="300" dir="0" index="1" bw="32" slack="1"/>
<pin id="301" dir="1" index="2" bw="32" slack="1"/>
</pin_list>
<bind>
<opcode="mul(12) " fcode="mul"/>
<opset="tmp_6/7 "/>
</bind>
</comp>

<comp id="302" class="1004" name="sum_2_fu_302">
<pin_list>
<pin id="303" dir="0" index="0" bw="32" slack="3"/>
<pin id="304" dir="0" index="1" bw="32" slack="1"/>
<pin id="305" dir="1" index="2" bw="32" slack="1"/>
</pin_list>
<bind>
<opcode="add(8) " fcode="add"/>
<opset="sum_2/8 "/>
</bind>
</comp>

<comp id="310" class="1005" name="i_1_reg_310">
<pin_list>
<pin id="311" dir="0" index="0" bw="5" slack="0"/>
<pin id="312" dir="1" index="1" bw="5" slack="0"/>
</pin_list>
<bind>
<opset="i_1 "/>
</bind>
</comp>

<comp id="315" class="1005" name="tmp_4_reg_315">
<pin_list>
<pin id="316" dir="0" index="0" bw="11" slack="2"/>
<pin id="317" dir="1" index="1" bw="11" slack="2"/>
</pin_list>
<bind>
<opset="tmp_4 "/>
</bind>
</comp>

<comp id="323" class="1005" name="j_1_reg_323">
<pin_list>
<pin id="324" dir="0" index="0" bw="5" slack="0"/>
<pin id="325" dir="1" index="1" bw="5" slack="0"/>
</pin_list>
<bind>
<opset="j_1 "/>
</bind>
</comp>

<comp id="331" class="1005" name="ki_1_reg_331">
<pin_list>
<pin id="332" dir="0" index="0" bw="2" slack="0"/>
<pin id="333" dir="1" index="1" bw="2" slack="0"/>
</pin_list>
<bind>
<opset="ki_1 "/>
</bind>
</comp>

<comp id="336" class="1005" name="tmp_s_reg_336">
<pin_list>
<pin id="337" dir="0" index="0" bw="5" slack="1"/>
<pin id="338" dir="1" index="1" bw="5" slack="1"/>
</pin_list>
<bind>
<opset="tmp_s "/>
</bind>
</comp>

<comp id="341" class="1005" name="tmp_2_reg_341">
<pin_list>
<pin id="342" dir="0" index="0" bw="5" slack="1"/>
<pin id="343" dir="1" index="1" bw="5" slack="1"/>
</pin_list>
<bind>
<opset="tmp_2 "/>
</bind>
</comp>

<comp id="349" class="1005" name="kj_1_reg_349">
<pin_list>
<pin id="350" dir="0" index="0" bw="2" slack="0"/>
<pin id="351" dir="1" index="1" bw="2" slack="0"/>
</pin_list>
<bind>
<opset="kj_1 "/>
</bind>
</comp>

<comp id="354" class="1005" name="buffer_addr_reg_354">
<pin_list>
<pin id="355" dir="0" index="0" bw="10" slack="1"/>
<pin id="356" dir="1" index="1" bw="10" slack="1"/>
</pin_list>
<bind>
<opset="buffer_addr "/>
</bind>
</comp>

<comp id="359" class="1005" name="kernel_addr_reg_359">
<pin_list>
<pin id="360" dir="0" index="0" bw="4" slack="1"/>
<pin id="361" dir="1" index="1" bw="4" slack="1"/>
</pin_list>
<bind>
<opset="kernel_addr "/>
</bind>
</comp>

<comp id="364" class="1005" name="buffer_load_reg_364">
<pin_list>
<pin id="365" dir="0" index="0" bw="32" slack="1"/>
<pin id="366" dir="1" index="1" bw="32" slack="1"/>
</pin_list>
<bind>
<opset="buffer_load "/>
</bind>
</comp>

<comp id="369" class="1005" name="kernel_load_reg_369">
<pin_list>
<pin id="370" dir="0" index="0" bw="32" slack="1"/>
<pin id="371" dir="1" index="1" bw="32" slack="1"/>
</pin_list>
<bind>
<opset="kernel_load "/>
</bind>
</comp>

<comp id="374" class="1005" name="tmp_6_reg_374">
<pin_list>
<pin id="375" dir="0" index="0" bw="32" slack="1"/>
<pin id="376" dir="1" index="1" bw="32" slack="1"/>
</pin_list>
<bind>
<opset="tmp_6 "/>
</bind>
</comp>

<comp id="379" class="1005" name="sum_2_reg_379">
<pin_list>
<pin id="380" dir="0" index="0" bw="32" slack="1"/>
<pin id="381" dir="1" index="1" bw="32" slack="1"/>
</pin_list>
<bind>
<opset="sum_2 "/>
</bind>
</comp>

</comp_list>

<net_list>
<net id="41"><net_src comp="4" pin="0"/><net_sink comp="36" pin=0"/></net>

<net id="42"><net_src comp="34" pin="0"/><net_sink comp="36" pin=1"/></net>

<net id="48"><net_src comp="36" pin="3"/><net_sink comp="43" pin=0"/></net>

<net id="54"><net_src comp="0" pin="0"/><net_sink comp="49" pin=0"/></net>

<net id="55"><net_src comp="34" pin="0"/><net_sink comp="49" pin=1"/></net>

<net id="61"><net_src comp="49" pin="3"/><net_sink comp="56" pin=0"/></net>

<net id="67"><net_src comp="2" pin="0"/><net_sink comp="62" pin=0"/></net>

<net id="68"><net_src comp="34" pin="0"/><net_sink comp="62" pin=1"/></net>

<net id="74"><net_src comp="62" pin="3"/><net_sink comp="69" pin=0"/></net>

<net id="78"><net_src comp="6" pin="0"/><net_sink comp="75" pin=0"/></net>

<net id="85"><net_src comp="75" pin="1"/><net_sink comp="79" pin=0"/></net>

<net id="86"><net_src comp="79" pin="4"/><net_sink comp="75" pin=0"/></net>

<net id="90"><net_src comp="6" pin="0"/><net_sink comp="87" pin=0"/></net>

<net id="97"><net_src comp="87" pin="1"/><net_sink comp="91" pin=2"/></net>

<net id="98"><net_src comp="91" pin="4"/><net_sink comp="87" pin=0"/></net>

<net id="102"><net_src comp="22" pin="0"/><net_sink comp="99" pin=0"/></net>

<net id="109"><net_src comp="99" pin="1"/><net_sink comp="103" pin=2"/></net>

<net id="110"><net_src comp="103" pin="4"/><net_sink comp="43" pin=1"/></net>

<net id="111"><net_src comp="103" pin="4"/><net_sink comp="99" pin=0"/></net>

<net id="115"><net_src comp="24" pin="0"/><net_sink comp="112" pin=0"/></net>

<net id="122"><net_src comp="112" pin="1"/><net_sink comp="116" pin=2"/></net>

<net id="126"><net_src comp="123" pin="1"/><net_sink comp="103" pin=0"/></net>

<net id="133"><net_src comp="99" pin="1"/><net_sink comp="127" pin=2"/></net>

<net id="134"><net_src comp="127" pin="4"/><net_sink comp="123" pin=0"/></net>

<net id="138"><net_src comp="24" pin="0"/><net_sink comp="135" pin=0"/></net>

<net id="145"><net_src comp="135" pin="1"/><net_sink comp="139" pin=2"/></net>

<net id="150"><net_src comp="79" pin="4"/><net_sink comp="146" pin=0"/></net>

<net id="151"><net_src comp="8" pin="0"/><net_sink comp="146" pin=1"/></net>

<net id="156"><net_src comp="79" pin="4"/><net_sink comp="152" pin=0"/></net>

<net id="157"><net_src comp="14" pin="0"/><net_sink comp="152" pin=1"/></net>

<net id="163"><net_src comp="16" pin="0"/><net_sink comp="158" pin=0"/></net>

<net id="164"><net_src comp="79" pin="4"/><net_sink comp="158" pin=1"/></net>

<net id="165"><net_src comp="6" pin="0"/><net_sink comp="158" pin=2"/></net>

<net id="169"><net_src comp="158" pin="3"/><net_sink comp="166" pin=0"/></net>

<net id="175"><net_src comp="18" pin="0"/><net_sink comp="170" pin=0"/></net>

<net id="176"><net_src comp="79" pin="4"/><net_sink comp="170" pin=1"/></net>

<net id="177"><net_src comp="20" pin="0"/><net_sink comp="170" pin=2"/></net>

<net id="181"><net_src comp="170" pin="3"/><net_sink comp="178" pin=0"/></net>

<net id="186"><net_src comp="166" pin="1"/><net_sink comp="182" pin=0"/></net>

<net id="187"><net_src comp="178" pin="1"/><net_sink comp="182" pin=1"/></net>

<net id="192"><net_src comp="91" pin="4"/><net_sink comp="188" pin=0"/></net>

<net id="193"><net_src comp="8" pin="0"/><net_sink comp="188" pin=1"/></net>

<net id="198"><net_src comp="91" pin="4"/><net_sink comp="194" pin=0"/></net>

<net id="199"><net_src comp="14" pin="0"/><net_sink comp="194" pin=1"/></net>

<net id="203"><net_src comp="116" pin="4"/><net_sink comp="200" pin=0"/></net>

<net id="208"><net_src comp="116" pin="4"/><net_sink comp="204" pin=0"/></net>

<net id="209"><net_src comp="26" pin="0"/><net_sink comp="204" pin=1"/></net>

<net id="214"><net_src comp="116" pin="4"/><net_sink comp="210" pin=0"/></net>

<net id="215"><net_src comp="30" pin="0"/><net_sink comp="210" pin=1"/></net>

<net id="220"><net_src comp="200" pin="1"/><net_sink comp="216" pin=0"/></net>

<net id="221"><net_src comp="75" pin="1"/><net_sink comp="216" pin=1"/></net>

<net id="227"><net_src comp="32" pin="0"/><net_sink comp="222" pin=0"/></net>

<net id="228"><net_src comp="116" pin="4"/><net_sink comp="222" pin=1"/></net>

<net id="229"><net_src comp="24" pin="0"/><net_sink comp="222" pin=2"/></net>

<net id="233"><net_src comp="222" pin="3"/><net_sink comp="230" pin=0"/></net>

<net id="238"><net_src comp="230" pin="1"/><net_sink comp="234" pin=0"/></net>

<net id="239"><net_src comp="200" pin="1"/><net_sink comp="234" pin=1"/></net>

<net id="243"><net_src comp="87" pin="1"/><net_sink comp="240" pin=0"/></net>

<net id="248"><net_src comp="240" pin="1"/><net_sink comp="244" pin=1"/></net>

<net id="252"><net_src comp="244" pin="2"/><net_sink comp="249" pin=0"/></net>

<net id="253"><net_src comp="249" pin="1"/><net_sink comp="36" pin=2"/></net>

<net id="257"><net_src comp="139" pin="4"/><net_sink comp="254" pin=0"/></net>

<net id="262"><net_src comp="139" pin="4"/><net_sink comp="258" pin=0"/></net>

<net id="263"><net_src comp="26" pin="0"/><net_sink comp="258" pin=1"/></net>

<net id="268"><net_src comp="139" pin="4"/><net_sink comp="264" pin=0"/></net>

<net id="269"><net_src comp="30" pin="0"/><net_sink comp="264" pin=1"/></net>

<net id="274"><net_src comp="254" pin="1"/><net_sink comp="270" pin=0"/></net>

<net id="275"><net_src comp="87" pin="1"/><net_sink comp="270" pin=1"/></net>

<net id="281"><net_src comp="16" pin="0"/><net_sink comp="276" pin=0"/></net>

<net id="282"><net_src comp="270" pin="2"/><net_sink comp="276" pin=2"/></net>

<net id="286"><net_src comp="276" pin="3"/><net_sink comp="283" pin=0"/></net>

<net id="287"><net_src comp="283" pin="1"/><net_sink comp="49" pin=2"/></net>

<net id="292"><net_src comp="254" pin="1"/><net_sink comp="288" pin=1"/></net>

<net id="296"><net_src comp="288" pin="2"/><net_sink comp="293" pin=0"/></net>

<net id="297"><net_src comp="293" pin="1"/><net_sink comp="62" pin=2"/></net>

<net id="306"><net_src comp="123" pin="1"/><net_sink comp="302" pin=0"/></net>

<net id="313"><net_src comp="152" pin="2"/><net_sink comp="310" pin=0"/></net>

<net id="314"><net_src comp="310" pin="1"/><net_sink comp="79" pin=2"/></net>

<net id="318"><net_src comp="182" pin="2"/><net_sink comp="315" pin=0"/></net>

<net id="319"><net_src comp="315" pin="1"/><net_sink comp="244" pin=0"/></net>

<net id="326"><net_src comp="194" pin="2"/><net_sink comp="323" pin=0"/></net>

<net id="327"><net_src comp="323" pin="1"/><net_sink comp="91" pin=0"/></net>

<net id="334"><net_src comp="210" pin="2"/><net_sink comp="331" pin=0"/></net>

<net id="335"><net_src comp="331" pin="1"/><net_sink comp="116" pin=0"/></net>

<net id="339"><net_src comp="216" pin="2"/><net_sink comp="336" pin=0"/></net>

<net id="340"><net_src comp="336" pin="1"/><net_sink comp="276" pin=1"/></net>

<net id="344"><net_src comp="234" pin="2"/><net_sink comp="341" pin=0"/></net>

<net id="345"><net_src comp="341" pin="1"/><net_sink comp="288" pin=0"/></net>

<net id="352"><net_src comp="264" pin="2"/><net_sink comp="349" pin=0"/></net>

<net id="353"><net_src comp="349" pin="1"/><net_sink comp="139" pin=0"/></net>

<net id="357"><net_src comp="49" pin="3"/><net_sink comp="354" pin=0"/></net>

<net id="358"><net_src comp="354" pin="1"/><net_sink comp="56" pin=0"/></net>

<net id="362"><net_src comp="62" pin="3"/><net_sink comp="359" pin=0"/></net>

<net id="363"><net_src comp="359" pin="1"/><net_sink comp="69" pin=0"/></net>

<net id="367"><net_src comp="56" pin="3"/><net_sink comp="364" pin=0"/></net>

<net id="368"><net_src comp="364" pin="1"/><net_sink comp="298" pin=1"/></net>

<net id="372"><net_src comp="69" pin="3"/><net_sink comp="369" pin=0"/></net>

<net id="373"><net_src comp="369" pin="1"/><net_sink comp="298" pin=0"/></net>

<net id="377"><net_src comp="298" pin="2"/><net_sink comp="374" pin=0"/></net>

<net id="378"><net_src comp="374" pin="1"/><net_sink comp="302" pin=1"/></net>

<net id="382"><net_src comp="302" pin="2"/><net_sink comp="379" pin=0"/></net>

<net id="383"><net_src comp="379" pin="1"/><net_sink comp="127" pin=0"/></net>

</net_list>

</model> 
---------------- Datapath Model END ------------------

* FSMD analyzer results:
  - Output states:
	Port: kernel | {}
	Port: output_r | {4 }
 - Input state : 
	Port: convolution_kernel : buffer_r | {5 6 }
	Port: convolution_kernel : kernel | {5 6 }
  - Chain level:
	State 1
	State 2
		exitcond3 : 1
		i_1 : 1
		StgValue_14 : 2
		tmp : 1
		p_shl_cast : 2
		tmp_1 : 1
		p_shl1_cast : 2
		tmp_4 : 3
	State 3
		exitcond2 : 1
		j_1 : 1
		StgValue_26 : 2
	State 4
		ki_cast4 : 1
		exitcond1 : 1
		ki_1 : 1
		StgValue_35 : 2
		tmp_s : 2
		tmp_9 : 1
		p_shl2_cast : 2
		tmp_2 : 3
		tmp_7 : 1
		tmp_7_cast : 2
		output_addr : 3
		StgValue_45 : 4
	State 5
		kj_cast2 : 1
		exitcond : 1
		kj_1 : 1
		StgValue_53 : 2
		tmp_3 : 2
		tmp_5 : 3
		tmp_8 : 4
		buffer_addr : 5
		buffer_load : 6
		tmp_10 : 2
		tmp_13_cast : 3
		kernel_addr : 4
		kernel_load : 5
	State 6
	State 7
	State 8


============================================================
+ Verbose Summary: Datapath Resource usage 
============================================================

* Functional unit list:
|----------|--------------------|---------|---------|---------|
| Operation|   Functional Unit  |  DSP48E |    FF   |   LUT   |
|----------|--------------------|---------|---------|---------|
|          |     i_1_fu_152     |    0    |    0    |    15   |
|          |     j_1_fu_194     |    0    |    0    |    15   |
|          |     ki_1_fu_210    |    0    |    0    |    10   |
|          |    tmp_s_fu_216    |    0    |    0    |    15   |
|    add   |    tmp_7_fu_244    |    0    |    0    |    13   |
|          |     kj_1_fu_264    |    0    |    0    |    10   |
|          |    tmp_3_fu_270    |    0    |    0    |    15   |
|          |    tmp_10_fu_288   |    0    |    0    |    15   |
|          |    sum_2_fu_302    |    0    |    0    |    39   |
|----------|--------------------|---------|---------|---------|
|          |  exitcond3_fu_146  |    0    |    0    |    11   |
|   icmp   |  exitcond2_fu_188  |    0    |    0    |    11   |
|          |  exitcond1_fu_204  |    0    |    0    |    8    |
|          |   exitcond_fu_258  |    0    |    0    |    8    |
|----------|--------------------|---------|---------|---------|
|    sub   |    tmp_4_fu_182    |    0    |    0    |    14   |
|          |    tmp_2_fu_234    |    0    |    0    |    13   |
|----------|--------------------|---------|---------|---------|
|    mul   |    tmp_6_fu_298    |    3    |    0    |    20   |
|----------|--------------------|---------|---------|---------|
|          |     tmp_fu_158     |    0    |    0    |    0    |
|bitconcatenate|    tmp_1_fu_170    |    0    |    0    |    0    |
|          |    tmp_9_fu_222    |    0    |    0    |    0    |
|          |    tmp_5_fu_276    |    0    |    0    |    0    |
|----------|--------------------|---------|---------|---------|
|          |  p_shl_cast_fu_166 |    0    |    0    |    0    |
|          | p_shl1_cast_fu_178 |    0    |    0    |    0    |
|          |   ki_cast4_fu_200  |    0    |    0    |    0    |
|   zext   | p_shl2_cast_fu_230 |    0    |    0    |    0    |
|          |  tmp_8_cast_fu_240 |    0    |    0    |    0    |
|          |   kj_cast2_fu_254  |    0    |    0    |    0    |
|          |    tmp_8_fu_283    |    0    |    0    |    0    |
|----------|--------------------|---------|---------|---------|
|   sext   |  tmp_7_cast_fu_249 |    0    |    0    |    0    |
|          | tmp_13_cast_fu_293 |    0    |    0    |    0    |
|----------|--------------------|---------|---------|---------|
|   Total  |                    |    3    |    0    |   232   |
|----------|--------------------|---------|---------|---------|

Memories:
N/A

* Register list:
+-------------------+--------+
|                   |   FF   |
+-------------------+--------+
|buffer_addr_reg_354|   10   |
|buffer_load_reg_364|   32   |
|    i_1_reg_310    |    5   |
|      i_reg_75     |    5   |
|    j_1_reg_323    |    5   |
|      j_reg_87     |    5   |
|kernel_addr_reg_359|    4   |
|kernel_load_reg_369|   32   |
|    ki_1_reg_331   |    2   |
|     ki_reg_112    |    2   |
|    kj_1_reg_349   |    2   |
|     kj_reg_135    |    2   |
|   sum_1_reg_123   |   32   |
|   sum_2_reg_379   |   32   |
|     sum_reg_99    |   32   |
|   tmp_2_reg_341   |    5   |
|   tmp_4_reg_315   |   11   |
|   tmp_6_reg_374   |   32   |
|   tmp_s_reg_336   |    5   |
+-------------------+--------+
|       Total       |   255  |
+-------------------+--------+

* Multiplexer (MUX) list: 
|------------------|------|------|------|--------||---------||---------|
|       Comp       |  Pin | Size |  BW  | S x BW ||  Delay  ||   LUT   |
|------------------|------|------|------|--------||---------||---------|
| grp_access_fu_56 |  p0  |   2  |  10  |   20   ||    9    |
| grp_access_fu_69 |  p0  |   2  |   4  |    8   ||    9    |
|     i_reg_75     |  p0  |   2  |   5  |   10   ||    9    |
|     j_reg_87     |  p0  |   2  |   5  |   10   ||    9    |
|    sum_reg_99    |  p0  |   2  |  32  |   64   ||    9    |
|------------------|------|------|------|--------||---------||---------|
|       Total      |      |      |      |   112  ||  8.845  ||    45   |
|------------------|------|------|------|--------||---------||---------|



* Summary:
+-----------+--------+--------+--------+--------+
|           | DSP48E |  Delay |   FF   |   LUT  |
+-----------+--------+--------+--------+--------+
|  Function |    3   |    -   |    0   |   232  |
|   Memory  |    -   |    -   |    -   |    -   |
|Multiplexer|    -   |    8   |    -   |   45   |
|  Register |    -   |    -   |   255  |    -   |
+-----------+--------+--------+--------+--------+
|   Total   |    3   |    8   |   255  |   277  |
+-----------+--------+--------+--------+--------+
