==============================================================
File generated on Wed Dec 18 16:33:47 +0700 2024
Vivado(TM) HLS - High-Level Synthesis from C, C++ and SystemC v2018.3 (64-bit)
SW Build 2405991 on Thu Dec  6 23:38:27 MST 2018
IP Build 2404404 on Fri Dec  7 01:43:56 MST 2018
Copyright 1986-2018 Xilinx, Inc. All Rights Reserved.
==============================================================
INFO: [SYN 201-201] Setting up clock 'default' with a period of 10ns.
INFO: [HLS 200-10] Setting target device to 'xc7z020clg484-1'
INFO: [SCHED 204-61] Option 'relax_ii_for_timing' is enabled, will increase II to preserve clock frequency constraints.
INFO: [HLS 200-10] Analyzing design file 'convolve_2d.cpp' ... 
INFO: [HLS 200-111] Finished Linking Time (s): cpu = 00:00:00 ; elapsed = 00:00:04 . Memory (MB): peak = 102.961 ; gain = 18.359
INFO: [HLS 200-111] Finished Checking Pragmas Time (s): cpu = 00:00:00 ; elapsed = 00:00:04 . Memory (MB): peak = 102.961 ; gain = 18.359
INFO: [HLS 200-10] Starting code transformations ...
INFO: [HLS 200-111] Finished Standard Transforms Time (s): cpu = 00:00:00 ; elapsed = 00:00:05 . Memory (MB): peak = 104.777 ; gain = 20.176
INFO: [HLS 200-10] Checking synthesizability ...
INFO: [XFORM 203-602] Inlining function 'bounds_ok' into 'convolve_2d' (convolve_2d.cpp:39) automatically.
INFO: [XFORM 203-602] Inlining function 'convolve' into 'convolve_2d' (convolve_2d.cpp:55) automatically.
INFO: [HLS 200-111] Finished Checking Synthesizability Time (s): cpu = 00:00:00 ; elapsed = 00:00:05 . Memory (MB): peak = 105.168 ; gain = 20.566
INFO: [XFORM 203-502] Unrolling all sub-loops inside loop 'convolve_2d_label1' (convolve_2d.cpp:37) in function 'convolve_2d' for pipelining.
INFO: [XFORM 203-502] Unrolling all loops for pipelining in function 'convolve' (convolve_2d.cpp:13).
INFO: [HLS 200-489] Unrolling loop 'Loop-2.1.1' (convolve_2d.cpp:42) in function 'convolve_2d' completely with a factor of 3.
INFO: [HLS 200-489] Unrolling loop 'convolve_2d_label2' (convolve_2d.cpp:44) in function 'convolve_2d' completely with a factor of 2.
INFO: [HLS 200-489] Unrolling loop 'Loop-2.1.2' (convolve_2d.cpp:46) in function 'convolve_2d' completely with a factor of 2.
INFO: [HLS 200-489] Unrolling loop 'Loop-2.1.3' (convolve_2d.cpp:51) in function 'convolve_2d' completely with a factor of 2.
INFO: [HLS 200-489] Unrolling loop 'convolve_label3' (convolve_2d.cpp:15) in function 'convolve' completely with a factor of 3.
INFO: [HLS 200-489] Unrolling loop 'Loop-1.1' (convolve_2d.cpp:16) in function 'convolve' completely with a factor of 3.
INFO: [XFORM 203-102] Partitioning array 'window.0' automatically.
INFO: [XFORM 203-102] Partitioning array 'window.1' automatically.
INFO: [XFORM 203-102] Partitioning array 'window.2' automatically.
INFO: [XFORM 203-102] Partitioning array 'window' (convolve_2d.cpp:29) in dimension 1 automatically.
INFO: [XFORM 203-102] Partitioning array 'window.0' (convolve_2d.cpp:29) automatically.
INFO: [XFORM 203-102] Partitioning array 'window.1' (convolve_2d.cpp:29) automatically.
INFO: [XFORM 203-102] Partitioning array 'window.2' (convolve_2d.cpp:29) automatically.
INFO: [XFORM 203-602] Inlining function 'bounds_ok' into 'convolve_2d' (convolve_2d.cpp:39) automatically.
INFO: [XFORM 203-602] Inlining function 'convolve' into 'convolve_2d' (convolve_2d.cpp:55) automatically.
INFO: [XFORM 203-11] Balancing expressions in function 'convolve_2d' (convolve_2d.cpp:24)...8 expression(s) balanced.
INFO: [HLS 200-111] Finished Pre-synthesis Time (s): cpu = 00:00:01 ; elapsed = 00:00:05 . Memory (MB): peak = 127.742 ; gain = 43.141
INFO: [XFORM 203-541] Flattening a loop nest 'Loop-2' (convolve_2d.cpp:36:19) in function 'convolve_2d'.
INFO: [HLS 200-111] Finished Architecture Synthesis Time (s): cpu = 00:00:01 ; elapsed = 00:00:05 . Memory (MB): peak = 127.742 ; gain = 43.141
INFO: [HLS 200-10] Starting hardware synthesis ...
INFO: [HLS 200-10] Synthesizing 'convolve_2d' ...
INFO: [HLS 200-10] ----------------------------------------------------------------
INFO: [HLS 200-42] -- Implementing module 'convolve_2d' 
INFO: [HLS 200-10] ----------------------------------------------------------------
INFO: [SCHED 204-11] Starting scheduling ...
INFO: [SCHED 204-61] Pipelining loop 'L_convolve_2d_label1'.
WARNING: [SCHED 204-69] Unable to schedule 'load' operation ('kernel_load_2', convolve_2d.cpp:17->convolve_2d.cpp:55) on array 'kernel' due to limited memory ports. Please consider using a memory core with more ports or partitioning the array 'kernel'.
INFO: [SCHED 204-61] Pipelining result : Target II = 1, Final II = 5, Depth = 9.
INFO: [SCHED 204-11] Finished scheduling.
INFO: [HLS 200-111]  Elapsed time: 5.851 seconds; current allocated memory: 78.276 MB.
INFO: [HLS 200-434] Only 1 loops out of a total 3 loops have been pipelined in this design.
INFO: [BIND 205-100] Starting micro-architecture generation ...
INFO: [BIND 205-101] Performing variable lifetime analysis.
INFO: [BIND 205-101] Exploring resource sharing.
INFO: [BIND 205-101] Binding ...
INFO: [BIND 205-100] Finished micro-architecture generation.
INFO: [HLS 200-111]  Elapsed time: 0.171 seconds; current allocated memory: 78.778 MB.
INFO: [HLS 200-10] ----------------------------------------------------------------
INFO: [HLS 200-10] -- Generating RTL for module 'convolve_2d' 
INFO: [HLS 200-10] ----------------------------------------------------------------
INFO: [RTGEN 206-500] Setting interface mode on port 'convolve_2d/out_stream_V' to 'ap_fifo'.
INFO: [RTGEN 206-500] Setting interface mode on port 'convolve_2d/in_stream_V' to 'ap_fifo'.
INFO: [RTGEN 206-500] Setting interface mode on port 'convolve_2d/kernel' to 'ap_memory'.
INFO: [RTGEN 206-500] Setting interface mode on function 'convolve_2d' to 'ap_ctrl_hs'.
INFO: [SYN 201-210] Renamed object name 'convolve_2d_line_buf' to 'convolve_2d_line_bkb' due to the length limit 20
INFO: [RTGEN 206-100] Finished creating RTL model for 'convolve_2d'.
INFO: [HLS 200-111]  Elapsed time: 0.292 seconds; current allocated memory: 79.625 MB.
INFO: [RTMG 210-278] Implementing memory 'convolve_2d_line_bkb_ram (RAM)' using block RAMs.
INFO: [HLS 200-111] Finished generating all RTL models Time (s): cpu = 00:00:01 ; elapsed = 00:00:07 . Memory (MB): peak = 130.395 ; gain = 45.793
INFO: [SYSC 207-301] Generating SystemC RTL for convolve_2d.
INFO: [VHDL 208-304] Generating VHDL RTL for convolve_2d.
INFO: [VLOG 209-307] Generating Verilog RTL for convolve_2d.
INFO: [HLS 200-112] Total elapsed time: 7.412 seconds; peak allocated memory: 79.625 MB.
==============================================================
File generated on Wed Dec 18 16:34:12 +0700 2024
Vivado(TM) HLS - High-Level Synthesis from C, C++ and SystemC v2018.3 (64-bit)
SW Build 2405991 on Thu Dec  6 23:38:27 MST 2018
IP Build 2404404 on Fri Dec  7 01:43:56 MST 2018
Copyright 1986-2018 Xilinx, Inc. All Rights Reserved.
==============================================================
INFO: [SYN 201-201] Setting up clock 'default' with a period of 10ns.
INFO: [HLS 200-10] Setting target device to 'xc7z020clg484-1'
INFO: [SCHED 204-61] Option 'relax_ii_for_timing' is enabled, will increase II to preserve clock frequency constraints.
INFO: [HLS 200-10] Analyzing design file 'convolve_2d.cpp' ... 
INFO: [HLS 200-111] Finished Linking Time (s): cpu = 00:00:00 ; elapsed = 00:00:04 . Memory (MB): peak = 103.031 ; gain = 18.465
INFO: [HLS 200-111] Finished Checking Pragmas Time (s): cpu = 00:00:00 ; elapsed = 00:00:04 . Memory (MB): peak = 103.031 ; gain = 18.465
INFO: [HLS 200-10] Starting code transformations ...
INFO: [HLS 200-111] Finished Standard Transforms Time (s): cpu = 00:00:00 ; elapsed = 00:00:05 . Memory (MB): peak = 104.441 ; gain = 19.875
INFO: [HLS 200-10] Checking synthesizability ...
INFO: [XFORM 203-602] Inlining function 'bounds_ok' into 'convolve_2d' (convolve_2d.cpp:39) automatically.
INFO: [XFORM 203-602] Inlining function 'convolve' into 'convolve_2d' (convolve_2d.cpp:55) automatically.
INFO: [HLS 200-111] Finished Checking Synthesizability Time (s): cpu = 00:00:00 ; elapsed = 00:00:05 . Memory (MB): peak = 104.988 ; gain = 20.422
INFO: [XFORM 203-502] Unrolling all sub-loops inside loop 'convolve_2d_label1' (convolve_2d.cpp:37) in function 'convolve_2d' for pipelining.
WARNING: [XFORM 203-505] Ignored pipeline directive for loop 'convolve_2d_label2' (convolve_2d.cpp:43) because its parent loop or function is pipelined.
INFO: [XFORM 203-502] Unrolling all loops for pipelining in function 'convolve' (convolve_2d.cpp:13).
INFO: [HLS 200-489] Unrolling loop 'convolve_2d_label2' (convolve_2d.cpp:43) in function 'convolve_2d' completely with a factor of 3.
INFO: [HLS 200-489] Unrolling loop 'Loop-2.1.1.1' (convolve_2d.cpp:43) in function 'convolve_2d' completely with a factor of 2.
INFO: [HLS 200-489] Unrolling loop 'Loop-2.1.2' (convolve_2d.cpp:46) in function 'convolve_2d' completely with a factor of 2.
INFO: [HLS 200-489] Unrolling loop 'Loop-2.1.3' (convolve_2d.cpp:51) in function 'convolve_2d' completely with a factor of 2.
INFO: [HLS 200-489] Unrolling loop 'convolve_label3' (convolve_2d.cpp:15) in function 'convolve' completely with a factor of 3.
INFO: [HLS 200-489] Unrolling loop 'Loop-1.1' (convolve_2d.cpp:16) in function 'convolve' completely with a factor of 3.
INFO: [XFORM 203-102] Partitioning array 'window.0' automatically.
INFO: [XFORM 203-102] Partitioning array 'window.1' automatically.
INFO: [XFORM 203-102] Partitioning array 'window.2' automatically.
INFO: [XFORM 203-102] Partitioning array 'window' (convolve_2d.cpp:29) in dimension 1 automatically.
INFO: [XFORM 203-102] Partitioning array 'window.0' (convolve_2d.cpp:29) automatically.
INFO: [XFORM 203-102] Partitioning array 'window.1' (convolve_2d.cpp:29) automatically.
INFO: [XFORM 203-102] Partitioning array 'window.2' (convolve_2d.cpp:29) automatically.
INFO: [XFORM 203-602] Inlining function 'bounds_ok' into 'convolve_2d' (convolve_2d.cpp:39) automatically.
INFO: [XFORM 203-602] Inlining function 'convolve' into 'convolve_2d' (convolve_2d.cpp:55) automatically.
INFO: [XFORM 203-11] Balancing expressions in function 'convolve_2d' (convolve_2d.cpp:24)...8 expression(s) balanced.
INFO: [HLS 200-111] Finished Pre-synthesis Time (s): cpu = 00:00:00 ; elapsed = 00:00:05 . Memory (MB): peak = 127.414 ; gain = 42.848
INFO: [XFORM 203-541] Flattening a loop nest 'Loop-2' (convolve_2d.cpp:36:19) in function 'convolve_2d'.
INFO: [HLS 200-111] Finished Architecture Synthesis Time (s): cpu = 00:00:00 ; elapsed = 00:00:05 . Memory (MB): peak = 127.414 ; gain = 42.848
INFO: [HLS 200-10] Starting hardware synthesis ...
INFO: [HLS 200-10] Synthesizing 'convolve_2d' ...
INFO: [HLS 200-10] ----------------------------------------------------------------
INFO: [HLS 200-42] -- Implementing module 'convolve_2d' 
INFO: [HLS 200-10] ----------------------------------------------------------------
INFO: [SCHED 204-11] Starting scheduling ...
INFO: [SCHED 204-61] Pipelining loop 'L_convolve_2d_label1'.
WARNING: [SCHED 204-69] Unable to schedule 'load' operation ('kernel_load_2', convolve_2d.cpp:17->convolve_2d.cpp:55) on array 'kernel' due to limited memory ports. Please consider using a memory core with more ports or partitioning the array 'kernel'.
INFO: [SCHED 204-61] Pipelining result : Target II = 1, Final II = 5, Depth = 9.
INFO: [SCHED 204-11] Finished scheduling.
INFO: [HLS 200-111]  Elapsed time: 5.805 seconds; current allocated memory: 78.278 MB.
INFO: [HLS 200-434] Only 1 loops out of a total 3 loops have been pipelined in this design.
INFO: [BIND 205-100] Starting micro-architecture generation ...
INFO: [BIND 205-101] Performing variable lifetime analysis.
INFO: [BIND 205-101] Exploring resource sharing.
INFO: [BIND 205-101] Binding ...
INFO: [BIND 205-100] Finished micro-architecture generation.
INFO: [HLS 200-111]  Elapsed time: 0.198 seconds; current allocated memory: 78.780 MB.
INFO: [HLS 200-10] ----------------------------------------------------------------
INFO: [HLS 200-10] -- Generating RTL for module 'convolve_2d' 
INFO: [HLS 200-10] ----------------------------------------------------------------
INFO: [RTGEN 206-500] Setting interface mode on port 'convolve_2d/out_stream_V' to 'ap_fifo'.
INFO: [RTGEN 206-500] Setting interface mode on port 'convolve_2d/in_stream_V' to 'ap_fifo'.
INFO: [RTGEN 206-500] Setting interface mode on port 'convolve_2d/kernel' to 'ap_memory'.
INFO: [RTGEN 206-500] Setting interface mode on function 'convolve_2d' to 'ap_ctrl_hs'.
INFO: [SYN 201-210] Renamed object name 'convolve_2d_line_buf' to 'convolve_2d_line_bkb' due to the length limit 20
INFO: [RTGEN 206-100] Finished creating RTL model for 'convolve_2d'.
INFO: [HLS 200-111]  Elapsed time: 0.301 seconds; current allocated memory: 79.626 MB.
INFO: [RTMG 210-278] Implementing memory 'convolve_2d_line_bkb_ram (RAM)' using block RAMs.
INFO: [HLS 200-111] Finished generating all RTL models Time (s): cpu = 00:00:01 ; elapsed = 00:00:07 . Memory (MB): peak = 129.871 ; gain = 45.305
INFO: [SYSC 207-301] Generating SystemC RTL for convolve_2d.
INFO: [VHDL 208-304] Generating VHDL RTL for convolve_2d.
INFO: [VLOG 209-307] Generating Verilog RTL for convolve_2d.
INFO: [HLS 200-112] Total elapsed time: 7.431 seconds; peak allocated memory: 79.626 MB.
==============================================================
File generated on Wed Dec 18 16:54:56 +0700 2024
Vivado(TM) HLS - High-Level Synthesis from C, C++ and SystemC v2018.3 (64-bit)
SW Build 2405991 on Thu Dec  6 23:38:27 MST 2018
IP Build 2404404 on Fri Dec  7 01:43:56 MST 2018
Copyright 1986-2018 Xilinx, Inc. All Rights Reserved.
==============================================================
INFO: [SYN 201-201] Setting up clock 'default' with a period of 10ns.
INFO: [HLS 200-10] Setting target device to 'xc7z020clg484-1'
INFO: [SCHED 204-61] Option 'relax_ii_for_timing' is enabled, will increase II to preserve clock frequency constraints.
INFO: [HLS 200-10] Analyzing design file 'convolve_2d.cpp' ... 
INFO: [HLS 200-111] Finished Linking Time (s): cpu = 00:00:00 ; elapsed = 00:00:04 . Memory (MB): peak = 102.941 ; gain = 17.805
INFO: [HLS 200-111] Finished Checking Pragmas Time (s): cpu = 00:00:00 ; elapsed = 00:00:04 . Memory (MB): peak = 102.941 ; gain = 17.805
INFO: [HLS 200-10] Starting code transformations ...
INFO: [HLS 200-111] Finished Standard Transforms Time (s): cpu = 00:00:00 ; elapsed = 00:00:05 . Memory (MB): peak = 104.723 ; gain = 19.586
INFO: [HLS 200-10] Checking synthesizability ...
INFO: [XFORM 203-602] Inlining function 'bounds_ok' into 'convolve_2d' (convolve_2d.cpp:39) automatically.
INFO: [XFORM 203-602] Inlining function 'convolve' into 'convolve_2d' (convolve_2d.cpp:55) automatically.
INFO: [HLS 200-111] Finished Checking Synthesizability Time (s): cpu = 00:00:00 ; elapsed = 00:00:05 . Memory (MB): peak = 105.047 ; gain = 19.910
INFO: [XFORM 203-502] Unrolling all sub-loops inside loop 'convolve_2d_label1' (convolve_2d.cpp:37) in function 'convolve_2d' for pipelining.
WARNING: [XFORM 203-505] Ignored pipeline directive for loop 'convolve_2d_label2' (convolve_2d.cpp:43) because its parent loop or function is pipelined.
INFO: [XFORM 203-502] Unrolling all loops for pipelining in function 'convolve' (convolve_2d.cpp:13).
INFO: [HLS 200-489] Unrolling loop 'convolve_2d_label2' (convolve_2d.cpp:43) in function 'convolve_2d' completely with a factor of 3.
INFO: [HLS 200-489] Unrolling loop 'Loop-2.1.1.1' (convolve_2d.cpp:43) in function 'convolve_2d' completely with a factor of 2.
INFO: [HLS 200-489] Unrolling loop 'Loop-2.1.2' (convolve_2d.cpp:46) in function 'convolve_2d' completely with a factor of 2.
INFO: [HLS 200-489] Unrolling loop 'Loop-2.1.3' (convolve_2d.cpp:51) in function 'convolve_2d' completely with a factor of 2.
INFO: [HLS 200-489] Unrolling loop 'convolve_label3' (convolve_2d.cpp:15) in function 'convolve' completely with a factor of 3.
INFO: [HLS 200-489] Unrolling loop 'Loop-1.1' (convolve_2d.cpp:16) in function 'convolve' completely with a factor of 3.
INFO: [XFORM 203-102] Partitioning array 'window.0' automatically.
INFO: [XFORM 203-102] Partitioning array 'window.1' automatically.
INFO: [XFORM 203-102] Partitioning array 'window.2' automatically.
INFO: [XFORM 203-102] Partitioning array 'window' (convolve_2d.cpp:29) in dimension 1 automatically.
INFO: [XFORM 203-102] Partitioning array 'window.0' (convolve_2d.cpp:29) automatically.
INFO: [XFORM 203-102] Partitioning array 'window.1' (convolve_2d.cpp:29) automatically.
INFO: [XFORM 203-102] Partitioning array 'window.2' (convolve_2d.cpp:29) automatically.
INFO: [XFORM 203-602] Inlining function 'bounds_ok' into 'convolve_2d' (convolve_2d.cpp:39) automatically.
INFO: [XFORM 203-602] Inlining function 'convolve' into 'convolve_2d' (convolve_2d.cpp:55) automatically.
INFO: [XFORM 203-11] Balancing expressions in function 'convolve_2d' (convolve_2d.cpp:24)...8 expression(s) balanced.
INFO: [HLS 200-111] Finished Pre-synthesis Time (s): cpu = 00:00:00 ; elapsed = 00:00:05 . Memory (MB): peak = 127.109 ; gain = 41.973
INFO: [XFORM 203-541] Flattening a loop nest 'Loop-2' (convolve_2d.cpp:36:19) in function 'convolve_2d'.
INFO: [HLS 200-111] Finished Architecture Synthesis Time (s): cpu = 00:00:01 ; elapsed = 00:00:06 . Memory (MB): peak = 127.109 ; gain = 41.973
INFO: [HLS 200-10] Starting hardware synthesis ...
INFO: [HLS 200-10] Synthesizing 'convolve_2d' ...
INFO: [HLS 200-10] ----------------------------------------------------------------
INFO: [HLS 200-42] -- Implementing module 'convolve_2d' 
INFO: [HLS 200-10] ----------------------------------------------------------------
INFO: [SCHED 204-11] Starting scheduling ...
INFO: [SCHED 204-61] Pipelining loop 'L_convolve_2d_label1'.
WARNING: [SCHED 204-69] Unable to schedule 'load' operation ('kernel_load_2', convolve_2d.cpp:17->convolve_2d.cpp:55) on array 'kernel' due to limited memory ports. Please consider using a memory core with more ports or partitioning the array 'kernel'.
INFO: [SCHED 204-61] Pipelining result : Target II = 1, Final II = 5, Depth = 9.
INFO: [SCHED 204-11] Finished scheduling.
INFO: [HLS 200-111]  Elapsed time: 5.979 seconds; current allocated memory: 78.256 MB.
INFO: [HLS 200-434] Only 1 loops out of a total 3 loops have been pipelined in this design.
INFO: [BIND 205-100] Starting micro-architecture generation ...
INFO: [BIND 205-101] Performing variable lifetime analysis.
INFO: [BIND 205-101] Exploring resource sharing.
INFO: [BIND 205-101] Binding ...
INFO: [BIND 205-100] Finished micro-architecture generation.
INFO: [HLS 200-111]  Elapsed time: 0.179 seconds; current allocated memory: 78.757 MB.
INFO: [HLS 200-10] ----------------------------------------------------------------
INFO: [HLS 200-10] -- Generating RTL for module 'convolve_2d' 
INFO: [HLS 200-10] ----------------------------------------------------------------
INFO: [RTGEN 206-500] Setting interface mode on port 'convolve_2d/out_stream_V' to 'ap_fifo'.
INFO: [RTGEN 206-500] Setting interface mode on port 'convolve_2d/in_stream_V' to 'ap_fifo'.
INFO: [RTGEN 206-500] Setting interface mode on port 'convolve_2d/kernel' to 'ap_memory'.
INFO: [RTGEN 206-500] Setting interface mode on function 'convolve_2d' to 'ap_ctrl_hs'.
INFO: [SYN 201-210] Renamed object name 'convolve_2d_line_buf' to 'convolve_2d_line_bkb' due to the length limit 20
INFO: [RTGEN 206-100] Finished creating RTL model for 'convolve_2d'.
INFO: [HLS 200-111]  Elapsed time: 0.3 seconds; current allocated memory: 79.598 MB.
INFO: [RTMG 210-278] Implementing memory 'convolve_2d_line_bkb_ram (RAM)' using block RAMs.
INFO: [HLS 200-111] Finished generating all RTL models Time (s): cpu = 00:00:01 ; elapsed = 00:00:07 . Memory (MB): peak = 130.305 ; gain = 45.168
INFO: [SYSC 207-301] Generating SystemC RTL for convolve_2d.
INFO: [VHDL 208-304] Generating VHDL RTL for convolve_2d.
INFO: [VLOG 209-307] Generating Verilog RTL for convolve_2d.
INFO: [HLS 200-112] Total elapsed time: 7.6 seconds; peak allocated memory: 79.598 MB.
==============================================================
File generated on Wed Dec 18 20:38:40 +0700 2024
Vivado(TM) HLS - High-Level Synthesis from C, C++ and SystemC v2018.3 (64-bit)
SW Build 2405991 on Thu Dec  6 23:38:27 MST 2018
IP Build 2404404 on Fri Dec  7 01:43:56 MST 2018
Copyright 1986-2018 Xilinx, Inc. All Rights Reserved.
==============================================================
INFO: [SYN 201-201] Setting up clock 'default' with a period of 10ns.
INFO: [HLS 200-10] Setting target device to 'xc7z020clg484-1'
INFO: [SCHED 204-61] Option 'relax_ii_for_timing' is enabled, will increase II to preserve clock frequency constraints.
INFO: [HLS 200-10] Analyzing design file 'convolve_2d.cpp' ... 
INFO: [HLS 200-111] Finished Linking Time (s): cpu = 00:00:00 ; elapsed = 00:00:05 . Memory (MB): peak = 102.875 ; gain = 18.176
INFO: [HLS 200-111] Finished Checking Pragmas Time (s): cpu = 00:00:00 ; elapsed = 00:00:05 . Memory (MB): peak = 102.875 ; gain = 18.176
INFO: [HLS 200-10] Starting code transformations ...
INFO: [HLS 200-111] Finished Standard Transforms Time (s): cpu = 00:00:01 ; elapsed = 00:00:06 . Memory (MB): peak = 104.625 ; gain = 19.926
INFO: [HLS 200-10] Checking synthesizability ...
INFO: [XFORM 203-602] Inlining function 'bounds_ok' into 'convolve_2d' (convolve_2d.cpp:39) automatically.
INFO: [XFORM 203-602] Inlining function 'convolve' into 'convolve_2d' (convolve_2d.cpp:55) automatically.
INFO: [HLS 200-111] Finished Checking Synthesizability Time (s): cpu = 00:00:01 ; elapsed = 00:00:06 . Memory (MB): peak = 104.945 ; gain = 20.246
INFO: [XFORM 203-502] Unrolling all sub-loops inside loop 'convolve_2d_label1' (convolve_2d.cpp:37) in function 'convolve_2d' for pipelining.
WARNING: [XFORM 203-505] Ignored pipeline directive for loop 'convolve_2d_label2' (convolve_2d.cpp:43) because its parent loop or function is pipelined.
INFO: [XFORM 203-502] Unrolling all loops for pipelining in function 'convolve' (convolve_2d.cpp:13).
INFO: [HLS 200-489] Unrolling loop 'convolve_2d_label2' (convolve_2d.cpp:43) in function 'convolve_2d' completely with a factor of 3.
INFO: [HLS 200-489] Unrolling loop 'convolve_2d_label3' (convolve_2d.cpp:44) in function 'convolve_2d' completely with a factor of 2.
INFO: [HLS 200-489] Unrolling loop 'convolve_2d_label4' (convolve_2d.cpp:47) in function 'convolve_2d' completely with a factor of 2.
INFO: [HLS 200-489] Unrolling loop 'convolve_2d_label5' (convolve_2d.cpp:52) in function 'convolve_2d' completely with a factor of 2.
INFO: [HLS 200-489] Unrolling loop 'convolve_label3' (convolve_2d.cpp:15) in function 'convolve' completely with a factor of 3.
INFO: [HLS 200-489] Unrolling loop 'convolve_label4' (convolve_2d.cpp:16) in function 'convolve' completely with a factor of 3.
INFO: [XFORM 203-102] Partitioning array 'window.0' automatically.
INFO: [XFORM 203-102] Partitioning array 'window.1' automatically.
INFO: [XFORM 203-102] Partitioning array 'window.2' automatically.
INFO: [XFORM 203-102] Partitioning array 'window' (convolve_2d.cpp:29) in dimension 1 automatically.
INFO: [XFORM 203-102] Partitioning array 'window.0' (convolve_2d.cpp:29) automatically.
INFO: [XFORM 203-102] Partitioning array 'window.1' (convolve_2d.cpp:29) automatically.
INFO: [XFORM 203-102] Partitioning array 'window.2' (convolve_2d.cpp:29) automatically.
INFO: [XFORM 203-602] Inlining function 'bounds_ok' into 'convolve_2d' (convolve_2d.cpp:39) automatically.
INFO: [XFORM 203-602] Inlining function 'convolve' into 'convolve_2d' (convolve_2d.cpp:55) automatically.
INFO: [XFORM 203-11] Balancing expressions in function 'convolve_2d' (convolve_2d.cpp:24)...8 expression(s) balanced.
INFO: [HLS 200-111] Finished Pre-synthesis Time (s): cpu = 00:00:01 ; elapsed = 00:00:06 . Memory (MB): peak = 126.348 ; gain = 41.648
INFO: [XFORM 203-541] Flattening a loop nest 'convolve_2d_label6' (convolve_2d.cpp:36:53) in function 'convolve_2d'.
INFO: [HLS 200-111] Finished Architecture Synthesis Time (s): cpu = 00:00:01 ; elapsed = 00:00:06 . Memory (MB): peak = 126.352 ; gain = 41.652
INFO: [HLS 200-10] Starting hardware synthesis ...
INFO: [HLS 200-10] Synthesizing 'convolve_2d' ...
INFO: [HLS 200-10] ----------------------------------------------------------------
INFO: [HLS 200-42] -- Implementing module 'convolve_2d' 
INFO: [HLS 200-10] ----------------------------------------------------------------
INFO: [SCHED 204-11] Starting scheduling ...
INFO: [SCHED 204-61] Pipelining loop 'convolve_2d_label6_convolve_2d_label1'.
WARNING: [SCHED 204-69] Unable to schedule 'load' operation ('kernel_load_2', convolve_2d.cpp:17->convolve_2d.cpp:55) on array 'kernel' due to limited memory ports. Please consider using a memory core with more ports or partitioning the array 'kernel'.
INFO: [SCHED 204-61] Pipelining result : Target II = 1, Final II = 5, Depth = 9.
INFO: [SCHED 204-11] Finished scheduling.
INFO: [HLS 200-111]  Elapsed time: 6.793 seconds; current allocated memory: 78.285 MB.
INFO: [HLS 200-434] Only 1 loops out of a total 3 loops have been pipelined in this design.
INFO: [BIND 205-100] Starting micro-architecture generation ...
INFO: [BIND 205-101] Performing variable lifetime analysis.
INFO: [BIND 205-101] Exploring resource sharing.
INFO: [BIND 205-101] Binding ...
INFO: [BIND 205-100] Finished micro-architecture generation.
INFO: [HLS 200-111]  Elapsed time: 0.183 seconds; current allocated memory: 78.786 MB.
INFO: [HLS 200-10] ----------------------------------------------------------------
INFO: [HLS 200-10] -- Generating RTL for module 'convolve_2d' 
INFO: [HLS 200-10] ----------------------------------------------------------------
INFO: [RTGEN 206-500] Setting interface mode on port 'convolve_2d/out_stream_V' to 'ap_fifo'.
INFO: [RTGEN 206-500] Setting interface mode on port 'convolve_2d/in_stream_V' to 'ap_fifo'.
INFO: [RTGEN 206-500] Setting interface mode on port 'convolve_2d/kernel' to 'ap_memory'.
INFO: [RTGEN 206-500] Setting interface mode on function 'convolve_2d' to 'ap_ctrl_hs'.
INFO: [SYN 201-210] Renamed object name 'convolve_2d_line_buf' to 'convolve_2d_line_bkb' due to the length limit 20
INFO: [RTGEN 206-100] Finished creating RTL model for 'convolve_2d'.
INFO: [HLS 200-111]  Elapsed time: 0.321 seconds; current allocated memory: 79.628 MB.
INFO: [RTMG 210-278] Implementing memory 'convolve_2d_line_bkb_ram (RAM)' using block RAMs.
INFO: [HLS 200-111] Finished generating all RTL models Time (s): cpu = 00:00:01 ; elapsed = 00:00:08 . Memory (MB): peak = 130.656 ; gain = 45.957
INFO: [SYSC 207-301] Generating SystemC RTL for convolve_2d.
INFO: [VHDL 208-304] Generating VHDL RTL for convolve_2d.
INFO: [VLOG 209-307] Generating Verilog RTL for convolve_2d.
INFO: [HLS 200-112] Total elapsed time: 8.371 seconds; peak allocated memory: 79.628 MB.
