INFO-FLOW: Workspace D:/Hoc_tap/Nam3_2024_2025/Ki1/PhanCungChoDL/Conv2D/update/conv2d_pj/solution4 opened at Wed Dec 18 10:55:19 +0700 2024
Execute     config_clock -quiet -name default -period 10 -default=false 
INFO: [SYN 201-201] Setting up clock 'default' with a period of 10ns.
Execute     open_platform DefaultPlatform 
Execute     import_lib D:/Xilinx/Vivado/2018.3/common/technology/xilinx/zynq/zynq 
Execute       source D:/Xilinx/Vivado/2018.3/common/technology/xilinx/common/xilinx.lib 
Execute         source D:/Xilinx/Vivado/2018.3/common/technology/xilinx/interface/xilinx_interface.lib 
Execute           source D:/Xilinx/Vivado/2018.3/common/technology/xilinx/interface/plb46.lib 
Execute           source D:/Xilinx/Vivado/2018.3/common/technology/xilinx/interface/fsl.lib 
Execute           source D:/Xilinx/Vivado/2018.3/common/technology/xilinx/interface/axi4.lib 
Execute           source D:/Xilinx/Vivado/2018.3/common/technology/xilinx/interface/maxi.lib 
Execute           source D:/Xilinx/Vivado/2018.3/common/technology/xilinx/interface/saxilite.lib 
Execute         source D:/Xilinx/Vivado/2018.3/common/technology/xilinx/common/dsp48.lib 
Execute         source D:/Xilinx/Vivado/2018.3/common/technology/xilinx/ip/dds_compiler.lib 
Execute         source D:/Xilinx/Vivado/2018.3/common/technology/xilinx/ip/xfft.lib 
Execute         source D:/Xilinx/Vivado/2018.3/common/technology/xilinx/ip/xfir.lib 
Execute       source D:/Xilinx/Vivado/2018.3/common/technology/xilinx/common/xilinx_old.lib 
Execute       source D:/Xilinx/Vivado/2018.3/common/technology/xilinx/common/xilinx_vivado.lib 
Execute       source D:/Xilinx/Vivado/2018.3/common/technology/xilinx/common/xilinx.hlp 
Execute         source D:/Xilinx/Vivado/2018.3/common/technology/xilinx/common/target_info.tcl 
Execute         source D:/Xilinx/Vivado/2018.3/common/technology/xilinx/interface/xilinx_interface.hlp 
Execute           source D:/Xilinx/Vivado/2018.3/common/technology/xilinx/interface/maxi.hlp 
Execute           source D:/Xilinx/Vivado/2018.3/common/technology/xilinx/interface/saxilite.hlp 
Execute         source D:/Xilinx/Vivado/2018.3/common/technology/xilinx/common/dsp48.hlp 
Execute       source D:/Xilinx/Vivado/2018.3/common/technology/xilinx/zynq/dsp48e1.hlp 
Execute       get_default_platform 
Execute       config_chip_info -quiet -resource  {SLICE 13300}  {LUT 53200}     {FF 106400} {DSP48E 220}   {BRAM 280}  
Execute       config_chip_info -quiet -speed medium 
Execute       source D:/Xilinx/Vivado/2018.3/common/technology/xilinx/common/xilinx.hlp 
Execute         source D:/Xilinx/Vivado/2018.3/common/technology/xilinx/common/target_info.tcl 
Execute         source D:/Xilinx/Vivado/2018.3/common/technology/xilinx/interface/xilinx_interface.hlp 
Execute           source D:/Xilinx/Vivado/2018.3/common/technology/xilinx/interface/maxi.hlp 
Execute           source D:/Xilinx/Vivado/2018.3/common/technology/xilinx/interface/saxilite.hlp 
Execute         source D:/Xilinx/Vivado/2018.3/common/technology/xilinx/common/dsp48.hlp 
Execute     source D:/Xilinx/Vivado/2018.3/common/technology/xilinx/zynq/zynq.gen 
Execute       source D:/Xilinx/Vivado/2018.3/common/technology/xilinx/common/virtex.gen 
Execute         source D:/Xilinx/Vivado/2018.3/common/technology/xilinx/common/xilinx.gen 
Execute           source D:/Xilinx/Vivado/2018.3/common/technology/xilinx/interface/plb46.gen 
Execute           source D:/Xilinx/Vivado/2018.3/common/technology/xilinx/interface/fsl.gen 
Execute           source D:/Xilinx/Vivado/2018.3/common/technology/xilinx/interface/axi4.gen 
Execute           source D:/Xilinx/Vivado/2018.3/common/technology/xilinx/interface/nativeAXI4.gen 
Execute             source D:/Xilinx/Vivado/2018.3/common/technology/xilinx/interface/saxilite.gen 
Execute             source D:/Xilinx/Vivado/2018.3/common/technology/xilinx/interface/maxi.gen 
Execute           source D:/Xilinx/Vivado/2018.3/common/technology/xilinx/scripts/xilinxcoregen.gen 
Execute           source D:/Xilinx/Vivado/2018.3/common/technology/xilinx/interface/XilEDKCoreGen.gen 
Execute           source D:/Xilinx/Vivado/2018.3/common/technology/xilinx/ip/dds_compiler.gen 
Execute           source D:/Xilinx/Vivado/2018.3/common/technology/xilinx/ip/util.gen 
Execute           source D:/Xilinx/Vivado/2018.3/common/technology/xilinx/ip/xfft.gen 
Execute           source D:/Xilinx/Vivado/2018.3/common/technology/xilinx/ip/xfir.gen 
Execute         source D:/Xilinx/Vivado/2018.3/common/technology/xilinx/common/dsp48.gen 
Execute     open_platform DefaultPlatform 
Execute     import_lib D:/Xilinx/Vivado/2018.3/common/technology/xilinx/zynq/zynq_fpv6 
Execute       source D:/Xilinx/Vivado/2018.3/common/technology/xilinx/common/xilinx_fpv7.lib 
Execute         source D:/Xilinx/Vivado/2018.3/common/technology/xilinx/common/xilinx_hp.lib 
Execute       source D:/Xilinx/Vivado/2018.3/common/technology/xilinx/common/xilinx_fpv.hlp 
Execute         source D:/Xilinx/Vivado/2018.3/common/technology/xilinx/common/xilinx.hlp 
Execute           source D:/Xilinx/Vivado/2018.3/common/technology/xilinx/common/target_info.tcl 
Execute           source D:/Xilinx/Vivado/2018.3/common/technology/xilinx/interface/xilinx_interface.hlp 
Execute             source D:/Xilinx/Vivado/2018.3/common/technology/xilinx/interface/maxi.hlp 
Execute             source D:/Xilinx/Vivado/2018.3/common/technology/xilinx/interface/saxilite.hlp 
Execute           source D:/Xilinx/Vivado/2018.3/common/technology/xilinx/common/dsp48.hlp 
Execute       source D:/Xilinx/Vivado/2018.3/common/technology/xilinx/zynq/zynq_hp.hlp 
Execute     source D:/Xilinx/Vivado/2018.3/common/technology/xilinx/zynq/zynq_fpv6.gen 
Execute       source D:/Xilinx/Vivado/2018.3/common/technology/xilinx/common/xilinx_fpv6.gen 
Execute     set_part xc7z020clg484-1 
Execute       add_library xilinx/zynq/zynq:xc7z020:clg484:-1 
Execute         get_default_platform 
Execute         license_isbetapart xc7z020 
Command         license_isbetapart done; error code: 1; 
Execute         get_default_platform 
Execute         config_chip_info -quiet -resource  {SLICE 13300}  {LUT 53200}     {FF 106400} {DSP48E 220}   {BRAM 280}  
Execute         config_chip_info -quiet -speed slow 
Execute       add_library xilinx/zynq/zynq_fpv6 
Execute         get_default_platform 
INFO: [HLS 200-10] Setting target device to 'xc7z020clg484-1'
Execute       get_default_platform 
Execute     get_default_platform 
Execute     config_chip_info -quiet -resource  {SLICE 13300}  {LUT 53200}     {FF 106400} {DSP48E 220}   {BRAM 280}  
Execute     config_chip_info -quiet -speed slow 
Command   open_solution done; 0.159 sec.
Execute   set_part xc7z020clg484-1 -tool vivado 
Execute     add_library xilinx/zynq/zynq:xc7z020:clg484:-1 
Execute       get_default_platform 
Execute       license_isbetapart xc7z020 
Command       license_isbetapart done; error code: 1; 
Execute       get_default_platform 
Execute       config_chip_info -quiet -resource  {SLICE 13300}  {LUT 53200}     {FF 106400} {DSP48E 220}   {BRAM 280}  
Execute       config_chip_info -quiet -speed slow 
Execute     add_library xilinx/zynq/zynq_fpv6 
Execute       get_default_platform 
Execute     get_default_platform 
Execute   create_clock -period 10 -name default 
Execute   source ./conv2d_pj/solution4/directives.tcl 
Execute     set_directive_pipeline convolution_kernel/Loop2 
INFO-FLOW: Setting directive 'PIPELINE' 
Execute     set_directive_pipeline load_input/Inner_Loop 
INFO-FLOW: Setting directive 'PIPELINE' 
INFO-FLOW: Setting directive 'PIPELINE' 
Execute     set_directive_pipeline write_output/W_Inner_Loop 
INFO-FLOW: Setting directive 'PIPELINE' 
INFO-FLOW: Setting directive 'PIPELINE' 
INFO-FLOW: Setting directive 'PIPELINE' 
Execute     set_directive_dataflow conv2d 
INFO-FLOW: Setting directive 'PIPELINE' 
INFO-FLOW: Setting directive 'PIPELINE' 
INFO-FLOW: Setting directive 'PIPELINE' 
INFO-FLOW: Setting directive 'DATAFLOW' 
Execute     set_directive_unroll write_output/W_Inner_Loop 
INFO-FLOW: Setting directive 'PIPELINE' 
INFO-FLOW: Setting directive 'PIPELINE' 
INFO-FLOW: Setting directive 'PIPELINE' 
INFO-FLOW: Setting directive 'DATAFLOW' 
INFO-FLOW: Setting directive 'UNROLL' 
Execute     set_directive_unroll load_input/Inner_Loop 
INFO-FLOW: Setting directive 'PIPELINE' 
INFO-FLOW: Setting directive 'PIPELINE' 
INFO-FLOW: Setting directive 'PIPELINE' 
INFO-FLOW: Setting directive 'DATAFLOW' 
INFO-FLOW: Setting directive 'UNROLL' 
INFO-FLOW: Setting directive 'UNROLL' 
Execute     set_directive_pipeline load_input/Outer_Loop 
INFO-FLOW: Setting directive 'PIPELINE' 
INFO-FLOW: Setting directive 'PIPELINE' 
INFO-FLOW: Setting directive 'PIPELINE' 
INFO-FLOW: Setting directive 'DATAFLOW' 
INFO-FLOW: Setting directive 'UNROLL' 
INFO-FLOW: Setting directive 'UNROLL' 
INFO-FLOW: Setting directive 'PIPELINE' 
Execute     set_directive_unroll write_output/W_Outer_Loop 
INFO-FLOW: Setting directive 'PIPELINE' 
INFO-FLOW: Setting directive 'PIPELINE' 
INFO-FLOW: Setting directive 'PIPELINE' 
INFO-FLOW: Setting directive 'DATAFLOW' 
INFO-FLOW: Setting directive 'UNROLL' 
INFO-FLOW: Setting directive 'UNROLL' 
INFO-FLOW: Setting directive 'PIPELINE' 
INFO-FLOW: Setting directive 'UNROLL' 
Execute     set_directive_interface -mode bram conv2d input 
INFO-FLOW: Setting directive 'PIPELINE' 
INFO-FLOW: Setting directive 'PIPELINE' 
INFO-FLOW: Setting directive 'PIPELINE' 
INFO-FLOW: Setting directive 'DATAFLOW' 
INFO-FLOW: Setting directive 'UNROLL' 
INFO-FLOW: Setting directive 'UNROLL' 
INFO-FLOW: Setting directive 'PIPELINE' 
INFO-FLOW: Setting directive 'UNROLL' 
INFO-FLOW: Setting directive 'INTERFACE' bram=positionBoolean0mode port=positionBooleanTextRequiredinput 
Execute     set_directive_interface -mode bram conv2d kernel 
INFO-FLOW: Setting directive 'PIPELINE' 
INFO-FLOW: Setting directive 'PIPELINE' 
INFO-FLOW: Setting directive 'PIPELINE' 
INFO-FLOW: Setting directive 'DATAFLOW' 
INFO-FLOW: Setting directive 'UNROLL' 
INFO-FLOW: Setting directive 'UNROLL' 
INFO-FLOW: Setting directive 'PIPELINE' 
INFO-FLOW: Setting directive 'UNROLL' 
INFO-FLOW: Setting directive 'INTERFACE' bram=positionBoolean0mode port=positionBooleanTextRequiredinput 
INFO-FLOW: Setting directive 'INTERFACE' bram=positionBoolean0mode port=positionBooleanTextRequiredkernel 
Execute     set_directive_interface -mode bram conv2d result 
INFO-FLOW: Setting directive 'PIPELINE' 
INFO-FLOW: Setting directive 'PIPELINE' 
INFO-FLOW: Setting directive 'PIPELINE' 
INFO-FLOW: Setting directive 'DATAFLOW' 
INFO-FLOW: Setting directive 'UNROLL' 
INFO-FLOW: Setting directive 'UNROLL' 
INFO-FLOW: Setting directive 'PIPELINE' 
INFO-FLOW: Setting directive 'UNROLL' 
INFO-FLOW: Setting directive 'INTERFACE' bram=positionBoolean0mode port=positionBooleanTextRequiredinput 
INFO-FLOW: Setting directive 'INTERFACE' bram=positionBoolean0mode port=positionBooleanTextRequiredkernel 
INFO-FLOW: Setting directive 'INTERFACE' bram=positionBoolean0mode port=positionBooleanTextRequiredresult 
Execute     set_directive_pipeline convolution_kernel/Loop_Row 
INFO-FLOW: Setting directive 'PIPELINE' 
INFO-FLOW: Setting directive 'PIPELINE' 
INFO-FLOW: Setting directive 'PIPELINE' 
INFO-FLOW: Setting directive 'DATAFLOW' 
INFO-FLOW: Setting directive 'UNROLL' 
INFO-FLOW: Setting directive 'UNROLL' 
INFO-FLOW: Setting directive 'PIPELINE' 
INFO-FLOW: Setting directive 'UNROLL' 
INFO-FLOW: Setting directive 'INTERFACE' bram=positionBoolean0mode port=positionBooleanTextRequiredinput 
INFO-FLOW: Setting directive 'INTERFACE' bram=positionBoolean0mode port=positionBooleanTextRequiredkernel 
INFO-FLOW: Setting directive 'INTERFACE' bram=positionBoolean0mode port=positionBooleanTextRequiredresult 
INFO-FLOW: Setting directive 'PIPELINE' 
Execute     set_directive_unroll convolution_kernel/convolution_kernel_label1 
INFO-FLOW: Setting directive 'PIPELINE' 
INFO-FLOW: Setting directive 'PIPELINE' 
INFO-FLOW: Setting directive 'PIPELINE' 
INFO-FLOW: Setting directive 'DATAFLOW' 
INFO-FLOW: Setting directive 'UNROLL' 
INFO-FLOW: Setting directive 'UNROLL' 
INFO-FLOW: Setting directive 'PIPELINE' 
INFO-FLOW: Setting directive 'UNROLL' 
INFO-FLOW: Setting directive 'INTERFACE' bram=positionBoolean0mode port=positionBooleanTextRequiredinput 
INFO-FLOW: Setting directive 'INTERFACE' bram=positionBoolean0mode port=positionBooleanTextRequiredkernel 
INFO-FLOW: Setting directive 'INTERFACE' bram=positionBoolean0mode port=positionBooleanTextRequiredresult 
INFO-FLOW: Setting directive 'PIPELINE' 
INFO-FLOW: Setting directive 'UNROLL' 
Execute     set_directive_pipeline convolution_kernel/Load_Next_Row 
INFO-FLOW: Setting directive 'PIPELINE' 
INFO-FLOW: Setting directive 'PIPELINE' 
INFO-FLOW: Setting directive 'PIPELINE' 
INFO-FLOW: Setting directive 'DATAFLOW' 
INFO-FLOW: Setting directive 'UNROLL' 
INFO-FLOW: Setting directive 'UNROLL' 
INFO-FLOW: Setting directive 'PIPELINE' 
INFO-FLOW: Setting directive 'UNROLL' 
INFO-FLOW: Setting directive 'INTERFACE' bram=positionBoolean0mode port=positionBooleanTextRequiredinput 
INFO-FLOW: Setting directive 'INTERFACE' bram=positionBoolean0mode port=positionBooleanTextRequiredkernel 
INFO-FLOW: Setting directive 'INTERFACE' bram=positionBoolean0mode port=positionBooleanTextRequiredresult 
INFO-FLOW: Setting directive 'PIPELINE' 
INFO-FLOW: Setting directive 'UNROLL' 
INFO-FLOW: Setting directive 'PIPELINE' 
Execute     set_directive_pipeline convolution_kernel/Loop_Col 
INFO-FLOW: Setting directive 'PIPELINE' 
INFO-FLOW: Setting directive 'PIPELINE' 
INFO-FLOW: Setting directive 'PIPELINE' 
INFO-FLOW: Setting directive 'DATAFLOW' 
INFO-FLOW: Setting directive 'UNROLL' 
INFO-FLOW: Setting directive 'UNROLL' 
INFO-FLOW: Setting directive 'PIPELINE' 
INFO-FLOW: Setting directive 'UNROLL' 
INFO-FLOW: Setting directive 'INTERFACE' bram=positionBoolean0mode port=positionBooleanTextRequiredinput 
INFO-FLOW: Setting directive 'INTERFACE' bram=positionBoolean0mode port=positionBooleanTextRequiredkernel 
INFO-FLOW: Setting directive 'INTERFACE' bram=positionBoolean0mode port=positionBooleanTextRequiredresult 
INFO-FLOW: Setting directive 'PIPELINE' 
INFO-FLOW: Setting directive 'UNROLL' 
INFO-FLOW: Setting directive 'PIPELINE' 
INFO-FLOW: Setting directive 'PIPELINE' 
Execute     set_directive_unroll convolution_kernel/Kernel_Row 
INFO-FLOW: Setting directive 'PIPELINE' 
INFO-FLOW: Setting directive 'PIPELINE' 
INFO-FLOW: Setting directive 'PIPELINE' 
INFO-FLOW: Setting directive 'DATAFLOW' 
INFO-FLOW: Setting directive 'UNROLL' 
INFO-FLOW: Setting directive 'UNROLL' 
INFO-FLOW: Setting directive 'PIPELINE' 
INFO-FLOW: Setting directive 'UNROLL' 
INFO-FLOW: Setting directive 'INTERFACE' bram=positionBoolean0mode port=positionBooleanTextRequiredinput 
INFO-FLOW: Setting directive 'INTERFACE' bram=positionBoolean0mode port=positionBooleanTextRequiredkernel 
INFO-FLOW: Setting directive 'INTERFACE' bram=positionBoolean0mode port=positionBooleanTextRequiredresult 
INFO-FLOW: Setting directive 'PIPELINE' 
INFO-FLOW: Setting directive 'UNROLL' 
INFO-FLOW: Setting directive 'PIPELINE' 
INFO-FLOW: Setting directive 'PIPELINE' 
INFO-FLOW: Setting directive 'UNROLL' 
Execute     set_directive_unroll convolution_kernel/Kernel_Col 
INFO-FLOW: Setting directive 'PIPELINE' 
INFO-FLOW: Setting directive 'PIPELINE' 
INFO-FLOW: Setting directive 'PIPELINE' 
INFO-FLOW: Setting directive 'DATAFLOW' 
INFO-FLOW: Setting directive 'UNROLL' 
INFO-FLOW: Setting directive 'UNROLL' 
INFO-FLOW: Setting directive 'PIPELINE' 
INFO-FLOW: Setting directive 'UNROLL' 
INFO-FLOW: Setting directive 'INTERFACE' bram=positionBoolean0mode port=positionBooleanTextRequiredinput 
INFO-FLOW: Setting directive 'INTERFACE' bram=positionBoolean0mode port=positionBooleanTextRequiredkernel 
INFO-FLOW: Setting directive 'INTERFACE' bram=positionBoolean0mode port=positionBooleanTextRequiredresult 
INFO-FLOW: Setting directive 'PIPELINE' 
INFO-FLOW: Setting directive 'UNROLL' 
INFO-FLOW: Setting directive 'PIPELINE' 
INFO-FLOW: Setting directive 'PIPELINE' 
INFO-FLOW: Setting directive 'UNROLL' 
INFO-FLOW: Setting directive 'UNROLL' 
Execute   csynth_design 
Execute     get_config_compile -effort 
Execute     get_config_compile -enable_clang39 
Execute     get_config_compile -g 
Execute     get_config_compile -lm 
Execute     get_config_compile -ng 
Execute     get_config_compile -opt_fp 
Execute     get_config_compile -skip_cdt 
Execute     get_config_compile -skip_syncheck 
Execute     get_config_compile -skip_transform 
Execute     config_compile -blackbox  
Execute     get_config_compile -keep_printf 
Execute     elaborate -effort=medium -skip_syncheck=0 -keep_printf=0 -lm=0 -skip_cdt=0 -skip_transform=0 -ng=0 -g=0 -opt_fp=0 -from_csynth_design=1 
Execute       get_config_schedule -relax_ii_for_timing 
INFO: [SCHED 204-61] Option 'relax_ii_for_timing' is enabled, will increase II to preserve clock frequency constraints.
Execute       get_config_schedule -suppress_dependence_error_break 
INFO: [HLS 200-10] Analyzing design file 'conv2D.cpp' ... 
INFO-FLOW: Compiling one TU...
Execute       is_m_axi_addr64 
INFO-FLOW: Handling conv2D.cpp as C++
Execute       get_default_platform 
Execute       is_encrypted conv2D.cpp 
Execute       get_default_platform 
INFO-FLOW: Running: GCC PP
INFO-FLOW: Source preprocessing
Execute       clang  -fno-limit-debug-info -gcc-toolchain "D:/Xilinx/Vivado/2018.3/msys" -hls  -fno-exceptions  -D__llvm__  -E "conv2D.cpp"     -fno-math-errno -c -emit-llvm -O0  -mllvm -disable-llvm-optzns -fno-threadsafe-statics  -fno-use-cxa-atexit  -fno-threadsafe-statics -fno-use-cxa-atexit -D__CLANG_3_1__ -D__cdecl= -DAESL_SYN -D__SYNTHESIS__ -D__HLS_SYN__ -I "D:/Xilinx/Vivado/2018.3/common/technology/autopilot" -I "D:/Xilinx/Vivado/2018.3/common/technology/autopilot/ap_sysc" -include etc/autopilot_ssdm_op.h -D__DSP48E1__  -o "D:/Hoc_tap/Nam3_2024_2025/Ki1/PhanCungChoDL/Conv2D/update/conv2d_pj/solution4/.autopilot/db/conv2D.pp.0.cpp" 
INFO-FLOW: exec D:/Xilinx/Vivado/2018.3/win64/tools/clang/bin/clang -fno-limit-debug-info -gcc-toolchain D:/Xilinx/Vivado/2018.3/msys -hls -fno-exceptions -D__llvm__ -E conv2D.cpp -fno-math-errno -c -emit-llvm -O0 -mllvm -disable-llvm-optzns -fno-threadsafe-statics -fno-use-cxa-atexit -fno-threadsafe-statics -fno-use-cxa-atexit -D__CLANG_3_1__ -D__cdecl= -DAESL_SYN -D__SYNTHESIS__ -D__HLS_SYN__ -I D:/Xilinx/Vivado/2018.3/common/technology/autopilot -I D:/Xilinx/Vivado/2018.3/common/technology/autopilot/ap_sysc -include etc/autopilot_ssdm_op.h -D__DSP48E1__ -o D:/Hoc_tap/Nam3_2024_2025/Ki1/PhanCungChoDL/Conv2D/update/conv2d_pj/solution4/.autopilot/db/conv2D.pp.0.cpp
Command       clang done; 0.408 sec.
Execute       tidy_31 xilinx-xfmat-array-geometry D:/Hoc_tap/Nam3_2024_2025/Ki1/PhanCungChoDL/Conv2D/update/conv2d_pj/solution4/.autopilot/db/conv2D.pp.0.cpp std=gnu++98 
INFO-FLOW: exec D:/Xilinx/Vivado/2018.3/win64/tools/clang-3.9-csynth/bin/tidy-3.1 -header-filter=.* -checks=-*,xilinx-xfmat-array-geometry -quiet -fix D:/Hoc_tap/Nam3_2024_2025/Ki1/PhanCungChoDL/Conv2D/update/conv2d_pj/solution4/.autopilot/db/conv2D.pp.0.cpp -- -std=gnu++98 -fhls -ferror-limit=0
Command       tidy_31 done; 0.183 sec.
INFO-FLOW: Syntax Checking before pre-processing...
Execute       clang -syntaxcheck -src D:/Hoc_tap/Nam3_2024_2025/Ki1/PhanCungChoDL/Conv2D/update/conv2d_pj/solution4/.autopilot/db/conv2D.pp.0.cpp  -fno-limit-debug-info -gcc-toolchain "D:/Xilinx/Vivado/2018.3/msys" -hls    -fno-math-errno -c -emit-llvm -O0  -mllvm -disable-llvm-optzns -fno-threadsafe-statics  -fno-use-cxa-atexit  -fno-threadsafe-statics -fno-use-cxa-atexit -D__CLANG_3_1__ -D__cdecl= -DAESL_SYN -D__SYNTHESIS__ -D__HLS_SYN__ -I "D:/Xilinx/Vivado/2018.3/common/technology/autopilot" -I "D:/Xilinx/Vivado/2018.3/common/technology/autopilot/ap_sysc" -include etc/autopilot_ssdm_op.h -D__DSP48E1__  "D:/Hoc_tap/Nam3_2024_2025/Ki1/PhanCungChoDL/Conv2D/update/conv2d_pj/solution4/.autopilot/db/conv2D.pp.0.cpp"  -o "D:/Hoc_tap/Nam3_2024_2025/Ki1/PhanCungChoDL/Conv2D/update/conv2d_pj/solution4/.autopilot/db/useless.bc"  
INFO-FLOW: exec D:/Xilinx/Vivado/2018.3/win64/tools/clang/bin/clang -fno-limit-debug-info -gcc-toolchain D:/Xilinx/Vivado/2018.3/msys -hls -fno-math-errno -c -emit-llvm -O0 -mllvm -disable-llvm-optzns -fno-threadsafe-statics -fno-use-cxa-atexit -fno-threadsafe-statics -fno-use-cxa-atexit -D__CLANG_3_1__ -D__cdecl= -DAESL_SYN -D__SYNTHESIS__ -D__HLS_SYN__ -I D:/Xilinx/Vivado/2018.3/common/technology/autopilot -I D:/Xilinx/Vivado/2018.3/common/technology/autopilot/ap_sysc -include etc/autopilot_ssdm_op.h -D__DSP48E1__ D:/Hoc_tap/Nam3_2024_2025/Ki1/PhanCungChoDL/Conv2D/update/conv2d_pj/solution4/.autopilot/db/conv2D.pp.0.cpp -o D:/Hoc_tap/Nam3_2024_2025/Ki1/PhanCungChoDL/Conv2D/update/conv2d_pj/solution4/.autopilot/db/useless.bc
Command       clang done; 0.523 sec.
INFO-FLOW: Done: GCC PP time: 1.1 seconds per iteration
INFO-FLOW: Setting directive 'PIPELINE' 
INFO-FLOW: Setting directive 'PIPELINE' 
INFO-FLOW: Setting directive 'PIPELINE' 
INFO-FLOW: Setting directive 'DATAFLOW' 
INFO-FLOW: Setting directive 'UNROLL' 
INFO-FLOW: Setting directive 'UNROLL' 
INFO-FLOW: Setting directive 'PIPELINE' 
INFO-FLOW: Setting directive 'UNROLL' 
INFO-FLOW: Setting directive 'INTERFACE' bram=positionBoolean0mode port=positionBooleanTextRequiredinput 
INFO-FLOW: Setting directive 'INTERFACE' bram=positionBoolean0mode port=positionBooleanTextRequiredkernel 
INFO-FLOW: Setting directive 'INTERFACE' bram=positionBoolean0mode port=positionBooleanTextRequiredresult 
INFO-FLOW: Setting directive 'PIPELINE' 
INFO-FLOW: Setting directive 'UNROLL' 
INFO-FLOW: Setting directive 'PIPELINE' 
INFO-FLOW: Setting directive 'PIPELINE' 
INFO-FLOW: Setting directive 'UNROLL' 
INFO-FLOW: Setting directive 'UNROLL' 
INFO-FLOW: Setting directive 'PIPELINE' 
INFO-FLOW: Setting directive 'PIPELINE' 
INFO-FLOW: Setting directive 'PIPELINE' 
INFO-FLOW: Setting directive 'DATAFLOW' 
INFO-FLOW: Setting directive 'UNROLL' 
INFO-FLOW: Setting directive 'UNROLL' 
INFO-FLOW: Setting directive 'PIPELINE' 
INFO-FLOW: Setting directive 'UNROLL' 
INFO-FLOW: Setting directive 'INTERFACE' bram=positionBoolean0mode port=positionBooleanTextRequiredinput 
INFO-FLOW: Setting directive 'INTERFACE' bram=positionBoolean0mode port=positionBooleanTextRequiredkernel 
INFO-FLOW: Setting directive 'INTERFACE' bram=positionBoolean0mode port=positionBooleanTextRequiredresult 
INFO-FLOW: Setting directive 'PIPELINE' 
INFO-FLOW: Setting directive 'UNROLL' 
INFO-FLOW: Setting directive 'PIPELINE' 
INFO-FLOW: Setting directive 'PIPELINE' 
INFO-FLOW: Setting directive 'UNROLL' 
INFO-FLOW: Setting directive 'UNROLL' 
Execute       list_core -type functional_unit 
Execute       tidy_31 xilinx-systemc-detector D:/Hoc_tap/Nam3_2024_2025/Ki1/PhanCungChoDL/Conv2D/update/conv2d_pj/solution4/.autopilot/db/conv2D.pp.0.cpp std=gnu++98 -directive=D:/Hoc_tap/Nam3_2024_2025/Ki1/PhanCungChoDL/Conv2D/update/conv2d_pj/solution4/.autopilot/db/.systemc_flag 
INFO-FLOW: exec D:/Xilinx/Vivado/2018.3/win64/tools/clang-3.9-csynth/bin/tidy-3.1 -header-filter=.* -checks=-*,xilinx-systemc-detector -import-directive=D:/Hoc_tap/Nam3_2024_2025/Ki1/PhanCungChoDL/Conv2D/update/conv2d_pj/solution4/.autopilot/db/.systemc_flag -quiet -fix-errors D:/Hoc_tap/Nam3_2024_2025/Ki1/PhanCungChoDL/Conv2D/update/conv2d_pj/solution4/.autopilot/db/conv2D.pp.0.cpp -- -std=gnu++98 -fhls -ferror-limit=0
Command       tidy_31 done; 0.165 sec.
INFO-FLOW: Running: tidy-3.1 CDT preprocess
Execute       tidy_31 xilinx-directive2pragma D:/Hoc_tap/Nam3_2024_2025/Ki1/PhanCungChoDL/Conv2D/update/conv2d_pj/solution4/.autopilot/db/conv2D.pp.0.cpp std=gnu++98 -directive=D:/Hoc_tap/Nam3_2024_2025/Ki1/PhanCungChoDL/Conv2D/update/conv2d_pj/solution4/.autopilot/db/all.directive.json 
INFO-FLOW: exec D:/Xilinx/Vivado/2018.3/win64/tools/clang-3.9-csynth/bin/tidy-3.1 -header-filter=.* -checks=-*,xilinx-directive2pragma -import-directive=D:/Hoc_tap/Nam3_2024_2025/Ki1/PhanCungChoDL/Conv2D/update/conv2d_pj/solution4/.autopilot/db/all.directive.json -quiet -fix-errors D:/Hoc_tap/Nam3_2024_2025/Ki1/PhanCungChoDL/Conv2D/update/conv2d_pj/solution4/.autopilot/db/conv2D.pp.0.cpp -- -std=gnu++98 -fhls -ferror-limit=0
Command       tidy_31 done; 0.427 sec.
Execute       get_config_dataflow -strict_mode 
Execute       ap_eval exec -ignorestderr D:/Xilinx/Vivado/2018.3/win64/tools/clang-3.9-csynth/bin/xilinx-dataflow-lawyer -export-fixes=D:/Hoc_tap/Nam3_2024_2025/Ki1/PhanCungChoDL/Conv2D/update/conv2d_pj/solution4/.autopilot/db/xilinx-dataflow-lawyer.conv2D.pp.0.cpp.diag.yml D:/Hoc_tap/Nam3_2024_2025/Ki1/PhanCungChoDL/Conv2D/update/conv2d_pj/solution4/.autopilot/db/conv2D.pp.0.cpp -- -std=gnu++98 -fhls -ferror-limit=0 -fstrict-dataflow > D:/Hoc_tap/Nam3_2024_2025/Ki1/PhanCungChoDL/Conv2D/update/conv2d_pj/solution4/.autopilot/db/xilinx-dataflow-lawyer.conv2D.pp.0.cpp.out.log 2> D:/Hoc_tap/Nam3_2024_2025/Ki1/PhanCungChoDL/Conv2D/update/conv2d_pj/solution4/.autopilot/db/xilinx-dataflow-lawyer.conv2D.pp.0.cpp.err.log 
Command       ap_eval done; 0.142 sec.
Execute       tidy_31 -errorcheck xilinx-constantarray-param,xilinx-resource-pragma-transformer,xilinx-xfmat-array-geometry D:/Hoc_tap/Nam3_2024_2025/Ki1/PhanCungChoDL/Conv2D/update/conv2d_pj/solution4/.autopilot/db/conv2D.pp.0.cpp std=gnu++98 
Execute         ap_eval exec -ignorestderr D:/Xilinx/Vivado/2018.3/win64/tools/clang-3.9-csynth/bin/tidy-3.1 -export-fixes=D:/Hoc_tap/Nam3_2024_2025/Ki1/PhanCungChoDL/Conv2D/update/conv2d_pj/solution4/.autopilot/db/tidy-3.1.conv2D.pp.0.cpp.diag.yml -header-filter=.* -checks=-*,xilinx-constantarray-param,xilinx-resource-pragma-transformer,xilinx-xfmat-array-geometry -quiet -fix-errors D:/Hoc_tap/Nam3_2024_2025/Ki1/PhanCungChoDL/Conv2D/update/conv2d_pj/solution4/.autopilot/db/conv2D.pp.0.cpp -- -std=gnu++98 -fhls -ferror-limit=0 > D:/Hoc_tap/Nam3_2024_2025/Ki1/PhanCungChoDL/Conv2D/update/conv2d_pj/solution4/.autopilot/db/tidy-3.1.conv2D.pp.0.cpp.out.log 2> D:/Hoc_tap/Nam3_2024_2025/Ki1/PhanCungChoDL/Conv2D/update/conv2d_pj/solution4/.autopilot/db/tidy-3.1.conv2D.pp.0.cpp.err.log 
Command         ap_eval done; 0.466 sec.
Execute         ap_eval exec -ignorestderr D:/Xilinx/Vivado/2018.3/win64/tools/clang-3.9-csynth/bin/xilinx-legacy-rewriter D:/Hoc_tap/Nam3_2024_2025/Ki1/PhanCungChoDL/Conv2D/update/conv2d_pj/solution4/.autopilot/db/conv2D.pp.0.cpp -- -std=gnu++98 -fhls -ferror-limit=0 > D:/Hoc_tap/Nam3_2024_2025/Ki1/PhanCungChoDL/Conv2D/update/conv2d_pj/solution4/.autopilot/db/xilinx-legacy-rewriter.conv2D.pp.0.cpp.out.log 2> D:/Hoc_tap/Nam3_2024_2025/Ki1/PhanCungChoDL/Conv2D/update/conv2d_pj/solution4/.autopilot/db/xilinx-legacy-rewriter.conv2D.pp.0.cpp.err.log 
Command         ap_eval done; 0.151 sec.
Command       tidy_31 done; 0.638 sec.
INFO-FLOW: Done: tidy-3.1 CDT preprocess time: 1.2 seconds per iteration
INFO-FLOW: Pragma Handling...
Execute       tidy_31 xilinx-ssdm-intrinsics-arguments D:/Hoc_tap/Nam3_2024_2025/Ki1/PhanCungChoDL/Conv2D/update/conv2d_pj/solution4/.autopilot/db/conv2D.pragma.1.cpp std=gnu++98 
INFO-FLOW: exec D:/Xilinx/Vivado/2018.3/win64/tools/clang-3.9-csynth/bin/tidy-3.1 -header-filter=.* -checks=-*,xilinx-ssdm-intrinsics-arguments -quiet -fix-errors D:/Hoc_tap/Nam3_2024_2025/Ki1/PhanCungChoDL/Conv2D/update/conv2d_pj/solution4/.autopilot/db/conv2D.pragma.1.cpp -- -std=gnu++98 -fhls -ferror-limit=0
Command       tidy_31 done; 0.474 sec.
Execute       get_default_platform 
INFO-FLOW: Processing labels
Execute       clang -src D:/Hoc_tap/Nam3_2024_2025/Ki1/PhanCungChoDL/Conv2D/update/conv2d_pj/solution4/.autopilot/db/conv2D.pragma.2.cpp  -fno-limit-debug-info -gcc-toolchain D:/Xilinx/Vivado/2018.3/msys -hls -hls-analyze-label -hls-analyze-pragma -fno-exceptions  -D__llvm__  -w  "D:/Hoc_tap/Nam3_2024_2025/Ki1/PhanCungChoDL/Conv2D/update/conv2d_pj/solution4/.autopilot/db/conv2D.pragma.2.cpp"    -fno-math-errno -c -emit-llvm -O0  -mllvm -disable-llvm-optzns -fno-threadsafe-statics  -fno-use-cxa-atexit -DAESL_SYN -D__SYNTHESIS__ -D__HLS_SYN__ -I "D:/Xilinx/Vivado/2018.3/common/technology/autopilot" -I "D:/Xilinx/Vivado/2018.3/common/technology/autopilot/ap_sysc" -include etc/autopilot_ssdm_op.h -D__DSP48E1__ -g -o "D:/Hoc_tap/Nam3_2024_2025/Ki1/PhanCungChoDL/Conv2D/update/conv2d_pj/solution4/.autopilot/db/conv2D.bc" 
INFO-FLOW: exec D:/Xilinx/Vivado/2018.3/win64/tools/clang/bin/clang -fno-limit-debug-info -gcc-toolchain D:/Xilinx/Vivado/2018.3/msys -hls -hls-analyze-label -hls-analyze-pragma -fno-exceptions -D__llvm__ -w D:/Hoc_tap/Nam3_2024_2025/Ki1/PhanCungChoDL/Conv2D/update/conv2d_pj/solution4/.autopilot/db/conv2D.pragma.2.cpp -fno-math-errno -c -emit-llvm -O0 -mllvm -disable-llvm-optzns -fno-threadsafe-statics -fno-use-cxa-atexit -DAESL_SYN -D__SYNTHESIS__ -D__HLS_SYN__ -I D:/Xilinx/Vivado/2018.3/common/technology/autopilot -I D:/Xilinx/Vivado/2018.3/common/technology/autopilot/ap_sysc -include etc/autopilot_ssdm_op.h -D__DSP48E1__ -g -o D:/Hoc_tap/Nam3_2024_2025/Ki1/PhanCungChoDL/Conv2D/update/conv2d_pj/solution4/.autopilot/db/conv2D.bc
Command       clang done; 0.527 sec.
INFO-FLOW: Linking Debug ...
Execute       llvm-ld D:/Hoc_tap/Nam3_2024_2025/Ki1/PhanCungChoDL/Conv2D/update/conv2d_pj/solution4/.autopilot/db/conv2D.g.bc -hls-opt -except-internalize conv2d -LD:/Xilinx/Vivado/2018.3/win64/lib -lhlsm -lhlsmc++ -o D:/Hoc_tap/Nam3_2024_2025/Ki1/PhanCungChoDL/Conv2D/update/conv2d_pj/solution4/.autopilot/db/a.g 
Command       llvm-ld done; 0.503 sec.
INFO: [HLS 200-111] Finished Linking Time (s): cpu = 00:00:00 ; elapsed = 00:00:05 . Memory (MB): peak = 103.344 ; gain = 17.992
INFO: [HLS 200-111] Finished Checking Pragmas Time (s): cpu = 00:00:00 ; elapsed = 00:00:05 . Memory (MB): peak = 103.344 ; gain = 17.992
Execute       get_config_sdx -target 
Execute       opt_and_import_c a -opt_level=2 -skip_syncheck=0 -ng=0 -keep_printf=0 
Execute         cleanup_all_models 
INFO: [HLS 200-10] Starting code transformations ...
Execute         transform -promote-dbg-pointer D:/Hoc_tap/Nam3_2024_2025/Ki1/PhanCungChoDL/Conv2D/update/conv2d_pj/solution4/.autopilot/db/a.pp.bc -o D:/Hoc_tap/Nam3_2024_2025/Ki1/PhanCungChoDL/Conv2D/update/conv2d_pj/solution4/.autopilot/db/a.pp.0.bc -f 
Execute         llvm-ld D:/Hoc_tap/Nam3_2024_2025/Ki1/PhanCungChoDL/Conv2D/update/conv2d_pj/solution4/.autopilot/db/a.pp.0.bc -disable-opt -LD:/Xilinx/Vivado/2018.3/win64/lib -lfloatconversion -o D:/Hoc_tap/Nam3_2024_2025/Ki1/PhanCungChoDL/Conv2D/update/conv2d_pj/solution4/.autopilot/db/a.g.0 
Command         llvm-ld done; 0.216 sec.
INFO-FLOW: Running Standard Transforms...
Execute         transform -hls -share-std-xform -demangle-name -inline-byval-memcpy -always-inline -promote-dbg-pointer -interface-preproc -mem2reg -lower-blackbox -scalarrepl -mem2reg -keep-read-access -instcombine -dce -promote-dbg-pointer -bitop-raise -loop-simplify -indvarspre -indvars -loop-simplify -xunroll -constprop -instcombine -simplifycfg -indvars -simplifycfg -dce -globaldce -basicaa -simplifycfg -mem2reg -globalopt -global-constprop -deadargelim -instcombine -simplifycfg -prune-eh -simplifycfg -scalarrepl -instcombine -reassociate -licm -simplifycfg -loop-simplify -indvars -instcombine -simplifycfg -mem2reg -loop-simplify -indvars -instcombine -gvn -gvn -instcombine -adce -break-crit-edges -simplifycfg -loop-delete -global-array-opt -dce -dse -adce -find-syn-modules -top conv2d -deadargelim -mem2reg -instcombine -dce -presyn-prepare -auto-rom-infer -interface-preproc -syn-check -check-rec-only -find-region -simplifycfg -func-extr -function-inline -globaldce -mem2reg -instcombine -dce -gvn -globaldce -adce -adse -constprop -instcombine -bit-constprop -instcombine -dce -simplifycfg -bitop-raise -simplifycfg -dce -loop-delete -reassociate -globalopt -global-privatize -mem2reg -dce -global-constprop -pointer-simplify -constprop -dce -func-inst -deadargelim -auto-shift-reg-idiom -promote-dbg-pointer -norm-name D:/Hoc_tap/Nam3_2024_2025/Ki1/PhanCungChoDL/Conv2D/update/conv2d_pj/solution4/.autopilot/db/a.g.0.bc -o D:/Hoc_tap/Nam3_2024_2025/Ki1/PhanCungChoDL/Conv2D/update/conv2d_pj/solution4/.autopilot/db/a.g.1.bc -f -phase std-opt 
INFO: [HLS 200-111] Finished Standard Transforms Time (s): cpu = 00:00:00 ; elapsed = 00:00:05 . Memory (MB): peak = 104.891 ; gain = 19.539
INFO: [HLS 200-10] Checking synthesizability ...
INFO-FLOW: Checking Synthesizability 1/2..
Execute         transform -hls -syn-check -check-rec-only -disaggr -scalarrepl -norm-name -dce -mem2reg -instcombine -function-uniquify -directive-preproc -mem2reg -dse -dce -auto-rom-infer -dce -pag -array-normalize -instcombine -dce -warn-fifo-pointer -array-seg-normalize -instcombine -dce -array-flatten -instcombine -dce -array-burst -dce -deadargelim -promote-global-argument -simplifycfg -mem2reg -globaldce -resolve-double-ptr -dce -deadargelim -dce -instcombine -function-inline -globaldce -dce -doublePtrSimplify -doublePtrElim -dce -doublePtrSimplify -promote-dbg-pointer -dce -scalarrepl -dse -adse -instcombine -ptrLegalization -simplifycfg -dce -instcombine -pointer-simplify -ptrArgReplace -dce -instcombine -disaggr -scalarrepl -norm-name -dce -mem2reg -instcombine -ptrLegalization -simplifycfg -deadargelim -instcombine -dce -inst-simplify -function-uniquify -directive-preproc -mem2reg -dse -dce -globaldce -check-dspbuiltin D:/Hoc_tap/Nam3_2024_2025/Ki1/PhanCungChoDL/Conv2D/update/conv2d_pj/solution4/.autopilot/db/a.g.1.bc -o D:/Hoc_tap/Nam3_2024_2025/Ki1/PhanCungChoDL/Conv2D/update/conv2d_pj/solution4/.autopilot/db/a.g.2.prechk.bc -f 
INFO-FLOW: Checking Synthesizability 2/2..
Execute         transform -syn-check D:/Hoc_tap/Nam3_2024_2025/Ki1/PhanCungChoDL/Conv2D/update/conv2d_pj/solution4/.autopilot/db/a.g.2.prechk.bc -o D:/Hoc_tap/Nam3_2024_2025/Ki1/PhanCungChoDL/Conv2D/update/conv2d_pj/solution4/.autopilot/db/a.g.2.bc -f -phase syn-check 
INFO: [HLS 200-111] Finished Checking Synthesizability Time (s): cpu = 00:00:00 ; elapsed = 00:00:05 . Memory (MB): peak = 105.148 ; gain = 19.797
INFO-FLOW: Compiler optimizing ...
INFO-FLOW: Share syncheck's 1.bc for syn flow: copy D:/Hoc_tap/Nam3_2024_2025/Ki1/PhanCungChoDL/Conv2D/update/conv2d_pj/solution4/.autopilot/db/a.g.1.bc to D:/Hoc_tap/Nam3_2024_2025/Ki1/PhanCungChoDL/Conv2D/update/conv2d_pj/solution4/.autopilot/db/a.o.1.bc
INFO-FLOW: Presyn 1...
Execute         transform -hls -tmp D:/Hoc_tap/Nam3_2024_2025/Ki1/PhanCungChoDL/Conv2D/update/conv2d_pj/solution4/.autopilot/db -interface-port-rename -type-info -function-uniquify -directive-preproc -mem2reg -dse -dce -disaggr -scalarrepl -norm-name -deadargelim -mem2reg -instcombine -dce -simplifycfg -auto-rom-infer -dce -function-uniquify -resource-proc -simplifycfg -mem2reg -globaldce -resolve-double-ptr -dce -deadargelim -dce -instcombine -clib-intrinsic-prepare -dce -func-buffer -dce -pag -array-normalize -func-legal -instcombine -gvn -constprop -dce -ptrArgReplace -mem2reg -instcombine -dce -array-seg-normalize -deadargelim -instcombine -dce -pointer-simplify -dce -port-alignment -dce -interface-preproc -data-pack -instcombine -dce -basicaa -aggr-aa -aggrmodref-aa -aggr-aa -gvn -gvn -basicaa -aggr-aa -aggrmodref-aa -aggr-aa -dse -adse -adce -loop-simplify -indvars -instcombine -gvn -loop-simplify -mem2reg -dce -find-region -instcombine -auto-loop-pipeline -inst-simplify -interface-preproc -cfgopt -instcombine -indvars -auto-loop-unroll -loop-simplify -loop-bound -xunroll -constprop -instcombine -simplifycfg -indvars -simplifycfg -dce -globaldce -clean-region -attach-range -gvn -inst-simplify -constprop -simplifycfg -dce -pointer-simplify -dce -globalopt -constprop -dce -array-promote -constprop -instcombine -dce -ptrArgReplace -mem2reg -instcombine -simplifycfg -dce -auto-par -instcombine -dce -array-transform-check -array-reshape -instcombine -simplifycfg -dce -ptrArgReplace -deadargelim -mem2reg -instcombine -simplifycfg -dce -indvars -loop-simplify -loop-bound -xunroll -constprop -instcombine -simplifycfg -indvars -simplifycfg -dce -globaldce -basicaa -aggr-aa -aggrmodref-aa -aggr-aa -dse -duplicate-dataflow-processes -globaldce -instcombine -array-partition -instcombine -simplifycfg -dce -ptrArgReplace -global-constprop -deadargelim -mem2reg -func-legal -instcombine -dce -global-constprop -deadargelim -mem2reg -instcombine -simplifycfg -dce -merge-param -deadargelim -globalopt -constprop -dce -array-promote -constprop -instcombine -dce -ptrArgReplace -mem2reg -instcombine -simplifycfg -dce -mem-intrinsic-preproc -dce -global-internalize -global-privatize -mem2reg -globaldce -promote-global-argument -ptrArgReplace -mem2reg -instcombine -dce -globalopt -mergereturn -simplify-global-access -mem2reg -dce -pointer-simplify -dce -functionattrs -basicaa -aggr-aa -aggrmodref-aa -aggr-aa -gvn -gvn -basicaa -aggr-aa -aggrmodref-aa -aggr-aa -dse -adse -adce -inst-simplify -dce -norm-name -function-inline -globaldce -func-inst -constprop -instcombine -simplifycfg -dce -func-legal -dce -loop-bound -arraycheck -bitwidthmin -on-by-dataflow -loop-delete -instcombine -simplifycfg -globaldce -dce -gvn -deadargelim -dce -loop-simplify -clean-region -simplifycfg -propagate-stable-arguments -loop-stream -instcombine -simplifycfg -dce -globaldce -duplicate-dataflow-processes -stream-intrinsic-preproc -dce -check-ap-stream -loop-simplify -eliminate-keepreads -extract-dataflow-in-loop -loop-simplify -dce -gvn -deadargelim -dse -check-dataflow-syntax -legalize-stream-variable -legalize-global -extract-subproc -dce -dead-channel-elimination -canonicalize-gep -globaldce -dce -gvn -deadargelim -annotate-dataflow-channels -scalar-propagation -deadargelim -globaldce -mem2reg -check-dataflow-channels -function-stream -dce -globaldce -prop-fifo-spec -internal-stream-gen -canonicalize-gep -globaldce -dce -gvn -deadargelim -mergereturn -indvars -loop-simplify -instcombine -array-stream -array-seg-normalize -array-partition -func-legal -instcombine -simplifycfg -dce -bundle-memfifo-ops -deadargelim -function-uniquify -directive-preproc -mem2reg -dse -dce -group-axi-access -licm -simplifycfg -dce -loop-delete -norm-name D:/Hoc_tap/Nam3_2024_2025/Ki1/PhanCungChoDL/Conv2D/update/conv2d_pj/solution4/.autopilot/db/a.o.1.bc -o D:/Hoc_tap/Nam3_2024_2025/Ki1/PhanCungChoDL/Conv2D/update/conv2d_pj/solution4/.autopilot/db/a.o.1.tmp.bc -f 
INFO: [XFORM 203-502] Unrolling all sub-loops inside loop 'Loop2' (conv2D.cpp:19) in function 'convolution_kernel' for pipelining.
INFO: [XFORM 203-502] Unrolling all sub-loops inside loop 'Outer_Loop' (conv2D.cpp:7) in function 'load_input' for pipelining.
WARNING: [XFORM 203-505] Ignored pipeline directive for loop 'Inner_Loop' (conv2D.cpp:9) because its parent loop or function is pipelined.
INFO: [HLS 200-489] Unrolling loop 'W_Outer_Loop' (conv2D.cpp:33) in function 'write_output' completely with a factor of 30.
INFO: [HLS 200-489] Unrolling loop 'W_Inner_Loop' (conv2D.cpp:34) in function 'write_output' completely with a factor of 30.
WARNING: [XFORM 203-505] Pipeline directive for loop 'W_Inner_Loop' (conv2D.cpp:34) in function 'write_output' has been removed because the loop is unrolled completely.
INFO: [HLS 200-489] Unrolling loop 'Loop3' (conv2D.cpp:22) in function 'convolution_kernel' completely with a factor of 3.
INFO: [HLS 200-489] Unrolling loop 'Loop4' (conv2D.cpp:23) in function 'convolution_kernel' completely with a factor of 3.
INFO: [HLS 200-489] Unrolling loop 'Inner_Loop' (conv2D.cpp:9) in function 'load_input' completely with a factor of 32.
INFO: [XFORM 203-712] Applying dataflow to function 'conv2d', detected/extracted 3 process function(s): 
	 'load_input'
	 'convolution_kernel'
	 'write_output'.
Command         transform done; 3.886 sec.
INFO-FLOW: Presyn 2...
Execute         transform -hls -keep-callgraph -scalarrepl -mem2reg -port-alignment -attach-range -dce -pipe-mux-gen -indvars -loop-bound -inst-simplify -instcombine -dce -merge-array-access -mem2reg -dce -clean-region -mergereturn -if-conv -instcombine -dce -constprop -basicaa -aggr-aa -aggrmodref-aa -aggr-aa -gvn -gvn -basicaa -aggr-aa -aggrmodref-aa -aggr-aa -dse -adse -adce -scalarrepl -mem2reg -global-constprop -deadargelim -deadargelim -instcombine -dce -simplifycfg -ptrArgReplace -mem2reg -function-inline -globaldce -mem2reg -instcombine -dce -expr-balance -instcombine -dce -bitwidthmin -interface-preproc -directive-preproc -inst-rectify -instcombine -dce -functionattrs -constprop -instcombine -bit-constprop -simplify-global-access -globalopt -globaldce -inst-simplify -instcombine -elimdeaddata -dce -loop-delete -simplifycfg -loop-simplify -auto-burst -norm-name D:/Hoc_tap/Nam3_2024_2025/Ki1/PhanCungChoDL/Conv2D/update/conv2d_pj/solution4/.autopilot/db/a.o.1.tmp.bc -o D:/Hoc_tap/Nam3_2024_2025/Ki1/PhanCungChoDL/Conv2D/update/conv2d_pj/solution4/.autopilot/db/a.o.2.bc -f -phase presyn 
INFO: [XFORM 203-11] Balancing expressions in function 'convolution_kernel' (conv2D.cpp:15)...8 expression(s) balanced.
Command         transform done; 1.184 sec.
INFO: [HLS 200-111] Finished Pre-synthesis Time (s): cpu = 00:00:03 ; elapsed = 00:00:10 . Memory (MB): peak = 133.004 ; gain = 47.652
INFO-FLOW: Building ssdm...
Execute         transform -hls -function-uniquify -auto-function-inline -globaldce -ptrArgReplace -mem2reg -instcombine -dce -reset-lda -loop-simplify -indvars -licm -loop-dep -loop-bound -licm -loop-simplify -flattenloopnest -array-flatten -gvn -instcombine -dce -array-map -dce -func-legal -gvn -adce -instcombine -cfgopt -simplifycfg -loop-simplify -array-burst -promote-global-argument -dce -axi4-lower -array-seg-normalize -basicaa -aggrmodref-aa -globalsmodref-aa -aggr-aa -gvn -gvn -basicaa -aggrmodref-aa -globalsmodref-aa -aggr-aa -dse -adse -adce -licm -inst-simplify -dce -globaldce -instcombine -array-stream -eliminate-keepreads -instcombine -dce -deadargelim -doublePtrSimplify -doublePtrElim -dce -doublePtrSimplify -promote-dbg-pointer -dce -scalarrepl -mem2reg -disaggr -norm-name -mem2reg -instcombine -dse -adse -adce -ptrLegalization -dce -auto-rom-infer -array-flatten -dce -instcombine -check-doubleptr -loop-rot -constprop -cfgopt -simplifycfg -loop-simplify -indvars -pointer-simplify -dce -loop-bound -loop-simplify -loop-preproc -constprop -global-constprop -gvn -mem2reg -instcombine -dce -loop-bound -loop-merge -dce -bitwidthmin -deadargelim -dce -canonicalize-dataflow -dce -scalar-propagation -deadargelim -globaldce -mem2reg -read-loop-dep -interface-preproc -directive-preproc -interface-gen -bram-byte-enable -deadargelim -inst-simplify -dce -gvn -mem2reg -instcombine -dce -adse -loop-bound -instcombine -cfgopt -simplifycfg -loop-simplify -clean-region -io-protocol -find-region -mem2reg -bitop-raise -inst-simplify -inst-rectify -instcombine -adce -deadargelim -loop-simplify -phi-opt -bitop-raise -cfgopt -simplifycfg -strip-dead-prototypes -interface-lower -bitop-lower -intrinsic-lower -auto-function-inline -basicaa -aggrmodref-aa -globalsmodref-aa -aggr-aa -inst-simplify -simplifycfg -loop-simplify -mergereturn -inst-simplify -inst-rectify -dce -load-elim -bitop-lower -loop-rewind -pointer-simplify -dce -cfgopt -dce -bitwidth -loop-bound -loop-dep -read-loop-dep -dce -check-stream -norm-name -legalize -validate-dataflow -inst-clarity -cdfg-build D:/Hoc_tap/Nam3_2024_2025/Ki1/PhanCungChoDL/Conv2D/update/conv2d_pj/solution4/.autopilot/db/a.o.2.bc -o D:/Hoc_tap/Nam3_2024_2025/Ki1/PhanCungChoDL/Conv2D/update/conv2d_pj/solution4/.autopilot/db/a.o.3.bc -f -phase build-ssdm 
INFO: [XFORM 203-541] Flattening a loop nest 'Loop1' (conv2D.cpp:18:51) in function 'convolution_kernel'.
Command         transform done; 7.454 sec.
INFO: [HLS 200-111] Finished Architecture Synthesis Time (s): cpu = 00:00:07 ; elapsed = 00:00:17 . Memory (MB): peak = 411.246 ; gain = 325.895
INFO-FLOW: Finish building internal data model.
Command       opt_and_import_c done; 12.866 sec.
Command     elaborate done; 16.978 sec.
Execute     autosyn -from_csynth_design=1 
INFO: [HLS 200-10] Starting hardware synthesis ...
INFO-FLOW: Synthesizing C/C++ design ...
INFO: [HLS 200-10] Synthesizing 'conv2d' ...
Execute       ap_set_top_model conv2d 
Execute       get_model_list conv2d -filter all-wo-channel -topdown 
Execute       preproc_iomode -model conv2d 
Execute       preproc_iomode -model write_output 
Execute       preproc_iomode -model convolution_kernel 
Execute       preproc_iomode -model load_input 
Execute       get_model_list conv2d -filter all-wo-channel 
INFO-FLOW: Model list for configure: load_input convolution_kernel write_output conv2d
INFO-FLOW: Configuring Module : load_input ...
Execute       set_default_model load_input 
Execute       apply_spec_resource_limit load_input 
INFO-FLOW: Configuring Module : convolution_kernel ...
Execute       set_default_model convolution_kernel 
Execute       apply_spec_resource_limit convolution_kernel 
INFO-FLOW: Configuring Module : write_output ...
Execute       set_default_model write_output 
Execute       apply_spec_resource_limit write_output 
INFO-FLOW: Configuring Module : conv2d ...
Execute       set_default_model conv2d 
Execute       apply_spec_resource_limit conv2d 
INFO-FLOW: Model list for preprocess: load_input convolution_kernel write_output conv2d
INFO-FLOW: Preprocessing Module: load_input ...
Execute       set_default_model load_input 
Execute       cdfg_preprocess -model load_input 
Execute       rtl_gen_preprocess load_input 
INFO-FLOW: Preprocessing Module: convolution_kernel ...
Execute       set_default_model convolution_kernel 
Execute       cdfg_preprocess -model convolution_kernel 
Execute       rtl_gen_preprocess convolution_kernel 
INFO-FLOW: Preprocessing Module: write_output ...
Execute       set_default_model write_output 
Execute       cdfg_preprocess -model write_output 
Command       cdfg_preprocess done; 0.407 sec.
Execute       rtl_gen_preprocess write_output 
INFO-FLOW: Preprocessing Module: conv2d ...
Execute       set_default_model conv2d 
Execute       cdfg_preprocess -model conv2d 
Execute       rtl_gen_preprocess conv2d 
WARNING: [SYN 201-107] Renaming port name 'conv2d/input' to 'conv2d/input_r' to avoid the conflict with HDL keywords or other object names.
INFO-FLOW: Model list for synthesis: load_input convolution_kernel write_output conv2d
INFO: [HLS 200-10] ----------------------------------------------------------------
INFO: [HLS 200-42] -- Implementing module 'load_input' 
INFO: [HLS 200-10] ----------------------------------------------------------------
Execute       set_default_model load_input 
Execute       schedule -model load_input 
INFO: [SCHED 204-11] Starting scheduling ...
INFO: [SCHED 204-61] Pipelining loop 'Outer_Loop'.
WARNING: [SCHED 204-69] Unable to schedule 'load' operation ('input_load_2', conv2D.cpp:10) on array 'input_r' due to limited memory ports. Please consider using a memory core with more ports or partitioning the array 'input_r'.
INFO: [SCHED 204-61] Pipelining result : Target II = 1, Final II = 16, Depth = 17.
INFO: [SCHED 204-11] Finished scheduling.
Command       schedule done; 0.195 sec.
INFO: [HLS 200-111]  Elapsed time: 18.32 seconds; current allocated memory: 347.806 MB.
Execute       report -o D:/Hoc_tap/Nam3_2024_2025/Ki1/PhanCungChoDL/Conv2D/update/conv2d_pj/solution4/.autopilot/db/load_input.verbose.sched.rpt -verbose -f 
Execute       db_write -o D:/Hoc_tap/Nam3_2024_2025/Ki1/PhanCungChoDL/Conv2D/update/conv2d_pj/solution4/.autopilot/db/load_input.sched.adb -f 
INFO-FLOW: Finish scheduling load_input.
Execute       set_default_model load_input 
Execute       bind -model load_input 
BIND OPTION: fu_weight=[ 0.0 -- 1.0 ]
BIND OPTION: model=load_input
BIND OPTION: reg_weight=[ 0.0 -- 1.0 ]
INFO: [BIND 205-100] Starting micro-architecture generation ...
INFO: [BIND 205-101] Performing variable lifetime analysis.
INFO: [BIND 205-101] Exploring resource sharing.
INFO: [BIND 205-101] Binding ...
INFO: [BIND 205-100] Finished micro-architecture generation.
Command       bind done; 0.131 sec.
INFO: [HLS 200-111]  Elapsed time: 0.266 seconds; current allocated memory: 348.456 MB.
Execute       report -o D:/Hoc_tap/Nam3_2024_2025/Ki1/PhanCungChoDL/Conv2D/update/conv2d_pj/solution4/.autopilot/db/load_input.verbose.bind.rpt -verbose -f 
Execute       db_write -o D:/Hoc_tap/Nam3_2024_2025/Ki1/PhanCungChoDL/Conv2D/update/conv2d_pj/solution4/.autopilot/db/load_input.bind.adb -f 
INFO-FLOW: Finish binding load_input.
INFO: [HLS 200-10] ----------------------------------------------------------------
INFO: [HLS 200-42] -- Implementing module 'convolution_kernel' 
INFO: [HLS 200-10] ----------------------------------------------------------------
Execute       set_default_model convolution_kernel 
Execute       schedule -model convolution_kernel 
INFO: [SCHED 204-11] Starting scheduling ...
INFO: [SCHED 204-61] Pipelining loop 'Loop1_Loop2'.
WARNING: [SCHED 204-69] Unable to schedule 'load' operation ('buffer_load_2', conv2D.cpp:24) on array 'buffer_r' due to limited memory ports. Please consider using a memory core with more ports or partitioning the array 'buffer_r'.
INFO: [SCHED 204-61] Pipelining result : Target II = 1, Final II = 5, Depth = 9.
INFO: [SCHED 204-11] Finished scheduling.
Command       schedule done; 0.14 sec.
INFO: [HLS 200-111]  Elapsed time: 0.352 seconds; current allocated memory: 348.920 MB.
Execute       report -o D:/Hoc_tap/Nam3_2024_2025/Ki1/PhanCungChoDL/Conv2D/update/conv2d_pj/solution4/.autopilot/db/convolution_kernel.verbose.sched.rpt -verbose -f 
Execute       db_write -o D:/Hoc_tap/Nam3_2024_2025/Ki1/PhanCungChoDL/Conv2D/update/conv2d_pj/solution4/.autopilot/db/convolution_kernel.sched.adb -f 
INFO-FLOW: Finish scheduling convolution_kernel.
Execute       set_default_model convolution_kernel 
Execute       bind -model convolution_kernel 
BIND OPTION: fu_weight=[ 0.0 -- 1.0 ]
BIND OPTION: model=convolution_kernel
BIND OPTION: reg_weight=[ 0.0 -- 1.0 ]
INFO: [BIND 205-100] Starting micro-architecture generation ...
INFO: [BIND 205-101] Performing variable lifetime analysis.
INFO: [BIND 205-101] Exploring resource sharing.
INFO: [BIND 205-101] Binding ...
INFO: [BIND 205-100] Finished micro-architecture generation.
INFO: [HLS 200-111]  Elapsed time: 0.211 seconds; current allocated memory: 349.297 MB.
Execute       report -o D:/Hoc_tap/Nam3_2024_2025/Ki1/PhanCungChoDL/Conv2D/update/conv2d_pj/solution4/.autopilot/db/convolution_kernel.verbose.bind.rpt -verbose -f 
Execute       db_write -o D:/Hoc_tap/Nam3_2024_2025/Ki1/PhanCungChoDL/Conv2D/update/conv2d_pj/solution4/.autopilot/db/convolution_kernel.bind.adb -f 
INFO-FLOW: Finish binding convolution_kernel.
INFO: [HLS 200-10] ----------------------------------------------------------------
INFO: [HLS 200-42] -- Implementing module 'write_output' 
INFO: [HLS 200-10] ----------------------------------------------------------------
Execute       set_default_model write_output 
Execute       schedule -model write_output 
INFO: [SCHED 204-11] Starting scheduling ...
INFO: [SCHED 204-11] Finished scheduling.
Command       schedule done; 1.849 sec.
INFO: [HLS 200-111]  Elapsed time: 2.016 seconds; current allocated memory: 357.505 MB.
Execute       report -o D:/Hoc_tap/Nam3_2024_2025/Ki1/PhanCungChoDL/Conv2D/update/conv2d_pj/solution4/.autopilot/db/write_output.verbose.sched.rpt -verbose -f 
Command       report done; 1.132 sec.
Execute       db_write -o D:/Hoc_tap/Nam3_2024_2025/Ki1/PhanCungChoDL/Conv2D/update/conv2d_pj/solution4/.autopilot/db/write_output.sched.adb -f 
Command       db_write done; 0.475 sec.
INFO-FLOW: Finish scheduling write_output.
Execute       set_default_model write_output 
Execute       bind -model write_output 
BIND OPTION: fu_weight=[ 0.0 -- 1.0 ]
BIND OPTION: model=write_output
BIND OPTION: reg_weight=[ 0.0 -- 1.0 ]
INFO: [BIND 205-100] Starting micro-architecture generation ...
INFO: [BIND 205-101] Performing variable lifetime analysis.
INFO: [BIND 205-101] Exploring resource sharing.
INFO: [BIND 205-101] Binding ...
INFO: [BIND 205-100] Finished micro-architecture generation.
Command       bind done; 0.505 sec.
INFO: [HLS 200-111]  Elapsed time: 2.181 seconds; current allocated memory: 369.614 MB.
Execute       report -o D:/Hoc_tap/Nam3_2024_2025/Ki1/PhanCungChoDL/Conv2D/update/conv2d_pj/solution4/.autopilot/db/write_output.verbose.bind.rpt -verbose -f 
Command       report done; 1.009 sec.
Execute       db_write -o D:/Hoc_tap/Nam3_2024_2025/Ki1/PhanCungChoDL/Conv2D/update/conv2d_pj/solution4/.autopilot/db/write_output.bind.adb -f 
Command       db_write done; 0.525 sec.
INFO-FLOW: Finish binding write_output.
INFO: [HLS 200-10] ----------------------------------------------------------------
INFO: [HLS 200-42] -- Implementing module 'conv2d' 
INFO: [HLS 200-10] ----------------------------------------------------------------
Execute       set_default_model conv2d 
Execute       schedule -model conv2d 
INFO: [SCHED 204-11] Starting scheduling ...
INFO: [SCHED 204-11] Finished scheduling.
INFO: [HLS 200-111]  Elapsed time: 1.721 seconds; current allocated memory: 369.649 MB.
Execute       report -o D:/Hoc_tap/Nam3_2024_2025/Ki1/PhanCungChoDL/Conv2D/update/conv2d_pj/solution4/.autopilot/db/conv2d.verbose.sched.rpt -verbose -f 
Execute       db_write -o D:/Hoc_tap/Nam3_2024_2025/Ki1/PhanCungChoDL/Conv2D/update/conv2d_pj/solution4/.autopilot/db/conv2d.sched.adb -f 
INFO-FLOW: Finish scheduling conv2d.
Execute       set_default_model conv2d 
Execute       bind -model conv2d 
BIND OPTION: fu_weight=[ 0.0 -- 1.0 ]
BIND OPTION: model=conv2d
BIND OPTION: reg_weight=[ 0.0 -- 1.0 ]
INFO: [BIND 205-100] Starting micro-architecture generation ...
INFO: [BIND 205-101] Performing variable lifetime analysis.
INFO: [BIND 205-101] Exploring resource sharing.
INFO: [BIND 205-101] Binding ...
INFO: [BIND 205-100] Finished micro-architecture generation.
Command       bind done; 0.149 sec.
INFO: [HLS 200-111]  Elapsed time: 0.233 seconds; current allocated memory: 369.721 MB.
Execute       report -o D:/Hoc_tap/Nam3_2024_2025/Ki1/PhanCungChoDL/Conv2D/update/conv2d_pj/solution4/.autopilot/db/conv2d.verbose.bind.rpt -verbose -f 
Execute       db_write -o D:/Hoc_tap/Nam3_2024_2025/Ki1/PhanCungChoDL/Conv2D/update/conv2d_pj/solution4/.autopilot/db/conv2d.bind.adb -f 
INFO-FLOW: Finish binding conv2d.
Execute       get_model_list conv2d -filter all-wo-channel 
INFO-FLOW: Preprocessing for RTLGen ...
Execute       rtl_gen_preprocess load_input 
Execute       rtl_gen_preprocess convolution_kernel 
Execute       rtl_gen_preprocess write_output 
Execute       rtl_gen_preprocess conv2d 
INFO-FLOW: Model list for RTL generation: load_input convolution_kernel write_output conv2d
INFO: [HLS 200-10] ----------------------------------------------------------------
INFO: [HLS 200-10] -- Generating RTL for module 'load_input' 
INFO: [HLS 200-10] ----------------------------------------------------------------
Execute       get_config_rtl -prefix 
Execute       get_config_rtl -auto_prefix 
Execute       create_rtl_model load_input -vendor xilinx -mg_file D:/Hoc_tap/Nam3_2024_2025/Ki1/PhanCungChoDL/Conv2D/update/conv2d_pj/solution4/.autopilot/db/load_input.compgen.tcl 
WARNING: [RTGEN 206-101] Setting dangling out port 'load_input/input_r_WEN_A' to 0.
WARNING: [RTGEN 206-101] Setting dangling out port 'load_input/input_r_Din_A' to 0.
WARNING: [RTGEN 206-101] Setting dangling out port 'load_input/input_r_WEN_B' to 0.
WARNING: [RTGEN 206-101] Setting dangling out port 'load_input/input_r_Din_B' to 0.
INFO: [RTGEN 206-100] Finished creating RTL model for 'load_input'.
Command       create_rtl_model done; 0.103 sec.
INFO: [HLS 200-111]  Elapsed time: 0.311 seconds; current allocated memory: 370.971 MB.
Execute       source D:/Hoc_tap/Nam3_2024_2025/Ki1/PhanCungChoDL/Conv2D/update/conv2d_pj/solution4/.autopilot/db/conv2d.rtl_wrap.cfg.tcl 
Execute       gen_rtl load_input -style xilinx -tracefl mytrace -tracefmt vcd -traceopt all -f -lang sc -o D:/Hoc_tap/Nam3_2024_2025/Ki1/PhanCungChoDL/Conv2D/update/conv2d_pj/solution4/syn/systemc/load_input -synmodules load_input convolution_kernel write_output conv2d 
Execute       gen_rtl load_input -style xilinx -f -lang vhdl -o D:/Hoc_tap/Nam3_2024_2025/Ki1/PhanCungChoDL/Conv2D/update/conv2d_pj/solution4/syn/vhdl/load_input 
Execute       gen_rtl load_input -style xilinx -f -lang vlog -o D:/Hoc_tap/Nam3_2024_2025/Ki1/PhanCungChoDL/Conv2D/update/conv2d_pj/solution4/syn/verilog/load_input 
Execute       gen_tb_info load_input -o D:/Hoc_tap/Nam3_2024_2025/Ki1/PhanCungChoDL/Conv2D/update/conv2d_pj/solution4/.autopilot/db/load_input -p D:/Hoc_tap/Nam3_2024_2025/Ki1/PhanCungChoDL/Conv2D/update/conv2d_pj/solution4/.autopilot/db 
Execute       report -model load_input -o D:/Hoc_tap/Nam3_2024_2025/Ki1/PhanCungChoDL/Conv2D/update/conv2d_pj/solution4/syn/report/load_input_csynth.rpt -f 
Execute       report -model load_input -o D:/Hoc_tap/Nam3_2024_2025/Ki1/PhanCungChoDL/Conv2D/update/conv2d_pj/solution4/syn/report/load_input_csynth.xml -f -x 
Execute       report -model load_input -o D:/Hoc_tap/Nam3_2024_2025/Ki1/PhanCungChoDL/Conv2D/update/conv2d_pj/solution4/.autopilot/db/load_input.verbose.rpt -verbose -f 
Execute       db_write -model load_input -o D:/Hoc_tap/Nam3_2024_2025/Ki1/PhanCungChoDL/Conv2D/update/conv2d_pj/solution4/.autopilot/db/load_input.adb -f 
INFO: [HLS 200-10] ----------------------------------------------------------------
INFO: [HLS 200-10] -- Generating RTL for module 'convolution_kernel' 
INFO: [HLS 200-10] ----------------------------------------------------------------
Execute       get_config_rtl -prefix 
Execute       get_config_rtl -auto_prefix 
Execute       create_rtl_model convolution_kernel -vendor xilinx -mg_file D:/Hoc_tap/Nam3_2024_2025/Ki1/PhanCungChoDL/Conv2D/update/conv2d_pj/solution4/.autopilot/db/convolution_kernel.compgen.tcl 
WARNING: [RTGEN 206-101] Setting dangling out port 'convolution_kernel/kernel_WEN_A' to 0.
WARNING: [RTGEN 206-101] Setting dangling out port 'convolution_kernel/kernel_Din_A' to 0.
WARNING: [RTGEN 206-101] Setting dangling out port 'convolution_kernel/kernel_WEN_B' to 0.
WARNING: [RTGEN 206-101] Setting dangling out port 'convolution_kernel/kernel_Din_B' to 0.
INFO: [RTGEN 206-100] Finished creating RTL model for 'convolution_kernel'.
Command       create_rtl_model done; 0.125 sec.
INFO: [HLS 200-111]  Elapsed time: 0.547 seconds; current allocated memory: 371.878 MB.
Execute       source D:/Hoc_tap/Nam3_2024_2025/Ki1/PhanCungChoDL/Conv2D/update/conv2d_pj/solution4/.autopilot/db/conv2d.rtl_wrap.cfg.tcl 
Execute       gen_rtl convolution_kernel -style xilinx -tracefl mytrace -tracefmt vcd -traceopt all -f -lang sc -o D:/Hoc_tap/Nam3_2024_2025/Ki1/PhanCungChoDL/Conv2D/update/conv2d_pj/solution4/syn/systemc/convolution_kernel -synmodules load_input convolution_kernel write_output conv2d 
Execute       gen_rtl convolution_kernel -style xilinx -f -lang vhdl -o D:/Hoc_tap/Nam3_2024_2025/Ki1/PhanCungChoDL/Conv2D/update/conv2d_pj/solution4/syn/vhdl/convolution_kernel 
Execute       gen_rtl convolution_kernel -style xilinx -f -lang vlog -o D:/Hoc_tap/Nam3_2024_2025/Ki1/PhanCungChoDL/Conv2D/update/conv2d_pj/solution4/syn/verilog/convolution_kernel 
Execute       gen_tb_info convolution_kernel -o D:/Hoc_tap/Nam3_2024_2025/Ki1/PhanCungChoDL/Conv2D/update/conv2d_pj/solution4/.autopilot/db/convolution_kernel -p D:/Hoc_tap/Nam3_2024_2025/Ki1/PhanCungChoDL/Conv2D/update/conv2d_pj/solution4/.autopilot/db 
Execute       report -model convolution_kernel -o D:/Hoc_tap/Nam3_2024_2025/Ki1/PhanCungChoDL/Conv2D/update/conv2d_pj/solution4/syn/report/convolution_kernel_csynth.rpt -f 
Execute       report -model convolution_kernel -o D:/Hoc_tap/Nam3_2024_2025/Ki1/PhanCungChoDL/Conv2D/update/conv2d_pj/solution4/syn/report/convolution_kernel_csynth.xml -f -x 
Execute       report -model convolution_kernel -o D:/Hoc_tap/Nam3_2024_2025/Ki1/PhanCungChoDL/Conv2D/update/conv2d_pj/solution4/.autopilot/db/convolution_kernel.verbose.rpt -verbose -f 
Execute       db_write -model convolution_kernel -o D:/Hoc_tap/Nam3_2024_2025/Ki1/PhanCungChoDL/Conv2D/update/conv2d_pj/solution4/.autopilot/db/convolution_kernel.adb -f 
INFO: [HLS 200-10] ----------------------------------------------------------------
INFO: [HLS 200-10] -- Generating RTL for module 'write_output' 
INFO: [HLS 200-10] ----------------------------------------------------------------
Execute       get_config_rtl -prefix 
Execute       get_config_rtl -auto_prefix 
Execute       create_rtl_model write_output -vendor xilinx -mg_file D:/Hoc_tap/Nam3_2024_2025/Ki1/PhanCungChoDL/Conv2D/update/conv2d_pj/solution4/.autopilot/db/write_output.compgen.tcl 
INFO: [RTGEN 206-100] Finished creating RTL model for 'write_output'.
Command       create_rtl_model done; 1.807 sec.
INFO: [HLS 200-111]  Elapsed time: 2.126 seconds; current allocated memory: 391.044 MB.
Execute       source D:/Hoc_tap/Nam3_2024_2025/Ki1/PhanCungChoDL/Conv2D/update/conv2d_pj/solution4/.autopilot/db/conv2d.rtl_wrap.cfg.tcl 
Execute       gen_rtl write_output -style xilinx -tracefl mytrace -tracefmt vcd -traceopt all -f -lang sc -o D:/Hoc_tap/Nam3_2024_2025/Ki1/PhanCungChoDL/Conv2D/update/conv2d_pj/solution4/syn/systemc/write_output -synmodules load_input convolution_kernel write_output conv2d 
Execute       gen_rtl write_output -style xilinx -f -lang vhdl -o D:/Hoc_tap/Nam3_2024_2025/Ki1/PhanCungChoDL/Conv2D/update/conv2d_pj/solution4/syn/vhdl/write_output 
Execute       gen_rtl write_output -style xilinx -f -lang vlog -o D:/Hoc_tap/Nam3_2024_2025/Ki1/PhanCungChoDL/Conv2D/update/conv2d_pj/solution4/syn/verilog/write_output 
Execute       gen_tb_info write_output -o D:/Hoc_tap/Nam3_2024_2025/Ki1/PhanCungChoDL/Conv2D/update/conv2d_pj/solution4/.autopilot/db/write_output -p D:/Hoc_tap/Nam3_2024_2025/Ki1/PhanCungChoDL/Conv2D/update/conv2d_pj/solution4/.autopilot/db 
Execute       report -model write_output -o D:/Hoc_tap/Nam3_2024_2025/Ki1/PhanCungChoDL/Conv2D/update/conv2d_pj/solution4/syn/report/write_output_csynth.rpt -f 
Execute       report -model write_output -o D:/Hoc_tap/Nam3_2024_2025/Ki1/PhanCungChoDL/Conv2D/update/conv2d_pj/solution4/syn/report/write_output_csynth.xml -f -x 
Execute       report -model write_output -o D:/Hoc_tap/Nam3_2024_2025/Ki1/PhanCungChoDL/Conv2D/update/conv2d_pj/solution4/.autopilot/db/write_output.verbose.rpt -verbose -f 
Command       report done; 1.1 sec.
Execute       db_write -model write_output -o D:/Hoc_tap/Nam3_2024_2025/Ki1/PhanCungChoDL/Conv2D/update/conv2d_pj/solution4/.autopilot/db/write_output.adb -f 
Command       db_write done; 0.598 sec.
INFO: [HLS 200-10] ----------------------------------------------------------------
INFO: [HLS 200-10] -- Generating RTL for module 'conv2d' 
INFO: [HLS 200-10] ----------------------------------------------------------------
Execute       get_config_rtl -prefix 
Execute       get_config_rtl -auto_prefix 
Execute       create_rtl_model conv2d -vendor xilinx -mg_file D:/Hoc_tap/Nam3_2024_2025/Ki1/PhanCungChoDL/Conv2D/update/conv2d_pj/solution4/.autopilot/db/conv2d.compgen.tcl 
INFO: [RTGEN 206-500] Setting interface mode on port 'conv2d/input_r' to 'bram'.
INFO: [RTGEN 206-500] Setting interface mode on port 'conv2d/kernel' to 'bram'.
INFO: [RTGEN 206-500] Setting interface mode on port 'conv2d/result' to 'bram'.
INFO: [RTGEN 206-500] Setting interface mode on function 'conv2d' to 'ap_ctrl_hs'.
INFO: [RTGEN 206-100] Finished creating RTL model for 'conv2d'.
Command       create_rtl_model done; 0.115 sec.
INFO: [HLS 200-111]  Elapsed time: 3.84 seconds; current allocated memory: 393.740 MB.
Execute       source D:/Hoc_tap/Nam3_2024_2025/Ki1/PhanCungChoDL/Conv2D/update/conv2d_pj/solution4/.autopilot/db/conv2d.rtl_wrap.cfg.tcl 
Execute       gen_rtl conv2d -istop -style xilinx -tracefl mytrace -tracefmt vcd -traceopt all -f -lang sc -o D:/Hoc_tap/Nam3_2024_2025/Ki1/PhanCungChoDL/Conv2D/update/conv2d_pj/solution4/syn/systemc/conv2d -synmodules load_input convolution_kernel write_output conv2d 
Execute       gen_rtl conv2d -istop -style xilinx -f -lang vhdl -o D:/Hoc_tap/Nam3_2024_2025/Ki1/PhanCungChoDL/Conv2D/update/conv2d_pj/solution4/syn/vhdl/conv2d 
Execute       gen_rtl conv2d -istop -style xilinx -f -lang vlog -o D:/Hoc_tap/Nam3_2024_2025/Ki1/PhanCungChoDL/Conv2D/update/conv2d_pj/solution4/syn/verilog/conv2d 
Execute       export_constraint_db -o D:/Hoc_tap/Nam3_2024_2025/Ki1/PhanCungChoDL/Conv2D/update/conv2d_pj/solution4/.autopilot/db/conv2d.constraint.tcl -f -tool general 
Execute       report -model conv2d -o D:/Hoc_tap/Nam3_2024_2025/Ki1/PhanCungChoDL/Conv2D/update/conv2d_pj/solution4/.autopilot/db/conv2d.design.xml -verbose -f -dv 
Execute       report -model conv2d -o D:/Hoc_tap/Nam3_2024_2025/Ki1/PhanCungChoDL/Conv2D/update/conv2d_pj/solution4/.autopilot/db/conv2d.sdaccel.xml -verbose -f -sdaccel 
Execute       gen_tb_info conv2d -o D:/Hoc_tap/Nam3_2024_2025/Ki1/PhanCungChoDL/Conv2D/update/conv2d_pj/solution4/.autopilot/db/conv2d -p D:/Hoc_tap/Nam3_2024_2025/Ki1/PhanCungChoDL/Conv2D/update/conv2d_pj/solution4/.autopilot/db 
Execute       report -model conv2d -o D:/Hoc_tap/Nam3_2024_2025/Ki1/PhanCungChoDL/Conv2D/update/conv2d_pj/solution4/syn/report/conv2d_csynth.rpt -f 
Execute       report -model conv2d -o D:/Hoc_tap/Nam3_2024_2025/Ki1/PhanCungChoDL/Conv2D/update/conv2d_pj/solution4/syn/report/conv2d_csynth.xml -f -x 
Execute       report -model conv2d -o D:/Hoc_tap/Nam3_2024_2025/Ki1/PhanCungChoDL/Conv2D/update/conv2d_pj/solution4/.autopilot/db/conv2d.verbose.rpt -verbose -f 
Execute       db_write -model conv2d -o D:/Hoc_tap/Nam3_2024_2025/Ki1/PhanCungChoDL/Conv2D/update/conv2d_pj/solution4/.autopilot/db/conv2d.adb -f 
Execute       sc_get_clocks conv2d 
Execute       get_config_export -vivado_clock 
Execute       sc_get_portdomain conv2d 
INFO-FLOW: Model list for RTL component generation: load_input convolution_kernel write_output conv2d
INFO-FLOW: Handling components in module [load_input] ... 
Execute       source D:/Hoc_tap/Nam3_2024_2025/Ki1/PhanCungChoDL/Conv2D/update/conv2d_pj/solution4/.autopilot/db/load_input.compgen.tcl 
INFO-FLOW: Handling components in module [convolution_kernel] ... 
Execute       source D:/Hoc_tap/Nam3_2024_2025/Ki1/PhanCungChoDL/Conv2D/update/conv2d_pj/solution4/.autopilot/db/convolution_kernel.compgen.tcl 
INFO-FLOW: Handling components in module [write_output] ... 
Execute       source D:/Hoc_tap/Nam3_2024_2025/Ki1/PhanCungChoDL/Conv2D/update/conv2d_pj/solution4/.autopilot/db/write_output.compgen.tcl 
INFO-FLOW: Handling components in module [conv2d] ... 
Execute       source D:/Hoc_tap/Nam3_2024_2025/Ki1/PhanCungChoDL/Conv2D/update/conv2d_pj/solution4/.autopilot/db/conv2d.compgen.tcl 
INFO-FLOW: Append model load_input
INFO-FLOW: Append model convolution_kernel
INFO-FLOW: Append model write_output
INFO-FLOW: Append model conv2d
INFO-FLOW: Generating RTL model list ...
INFO-FLOW: All models in this session: load_input convolution_kernel write_output conv2d
INFO-FLOW: To file: write model load_input
INFO-FLOW: To file: write model convolution_kernel
INFO-FLOW: To file: write model write_output
INFO-FLOW: To file: write model conv2d
INFO-FLOW: Finished generating RTL model list.


INFO-FLOW: RTL Generation done.
INFO-FLOW: CAS Generation done.
INFO-FLOW: CBC Generation done.
INFO-FLOW: DBG:CMD: auto_generate_csynth_design
INFO-FLOW: DBG:CMD:     auto_generate --sim-model -phase csynth_design -d D:/Hoc_tap/Nam3_2024_2025/Ki1/PhanCungChoDL/Conv2D/update/conv2d_pj/solution4
Execute       source D:/Hoc_tap/Nam3_2024_2025/Ki1/PhanCungChoDL/Conv2D/update/conv2d_pj/solution4/.autopilot/db/global.setting.tcl 
INFO-FLOW: DBG:CMD: read_platform_lib D:/Hoc_tap/Nam3_2024_2025/Ki1/PhanCungChoDL/Conv2D/update/conv2d_pj/solution4/.autopilot/db/global.setting.tcl
Execute       source D:/Xilinx/Vivado/2018.3/common/technology/generic/autopilot/common.gen 
Execute         source D:/Xilinx/Vivado/2018.3/common/technology/generic/autopilot/APCoreGen.gen 
Execute       source D:/Xilinx/Vivado/2018.3/common/technology/generic/autopilot/op.gen 
Execute       source D:/Xilinx/Vivado/2018.3/common/technology/generic/autopilot/op_simcore.gen 
Execute       source D:/Xilinx/Vivado/2018.3/common/technology/generic/autopilot/interface.gen 
Execute       source D:/Hoc_tap/Nam3_2024_2025/Ki1/PhanCungChoDL/Conv2D/update/conv2d_pj/solution4/.autopilot/db/global.setting.tcl 
Execute       source D:/Xilinx/Vivado/2018.3/common/technology/xilinx/zynq/zynq.gen 
Execute         source D:/Xilinx/Vivado/2018.3/common/technology/xilinx/common/virtex.gen 
Execute           source D:/Xilinx/Vivado/2018.3/common/technology/xilinx/common/xilinx.gen 
Execute             source D:/Xilinx/Vivado/2018.3/common/technology/xilinx/interface/plb46.gen 
Execute             source D:/Xilinx/Vivado/2018.3/common/technology/xilinx/interface/fsl.gen 
Execute             source D:/Xilinx/Vivado/2018.3/common/technology/xilinx/interface/axi4.gen 
Execute             source D:/Xilinx/Vivado/2018.3/common/technology/xilinx/interface/nativeAXI4.gen 
Execute               source D:/Xilinx/Vivado/2018.3/common/technology/xilinx/interface/saxilite.gen 
Execute               source D:/Xilinx/Vivado/2018.3/common/technology/xilinx/interface/maxi.gen 
Execute             source D:/Xilinx/Vivado/2018.3/common/technology/xilinx/scripts/xilinxcoregen.gen 
Execute             source D:/Xilinx/Vivado/2018.3/common/technology/xilinx/interface/XilEDKCoreGen.gen 
Execute             source D:/Xilinx/Vivado/2018.3/common/technology/xilinx/ip/dds_compiler.gen 
Execute             source D:/Xilinx/Vivado/2018.3/common/technology/xilinx/ip/util.gen 
Execute             source D:/Xilinx/Vivado/2018.3/common/technology/xilinx/ip/xfft.gen 
Execute             source D:/Xilinx/Vivado/2018.3/common/technology/xilinx/ip/xfir.gen 
Execute           source D:/Xilinx/Vivado/2018.3/common/technology/xilinx/common/dsp48.gen 
Execute       source D:/Xilinx/Vivado/2018.3/common/technology/xilinx/zynq/zynq_fpv6.gen 
Execute         source D:/Xilinx/Vivado/2018.3/common/technology/xilinx/common/xilinx_fpv6.gen 
INFO-FLOW: DBG:CMD:   using AESL_AUTOCG::g_clock_period=10.000 (was NA)
INFO-FLOW: DBG:CMD:       generate_ip_cores sim=1 export=0 expOnly=0 dstVlogDir=syn/verilog
Execute       source D:/Hoc_tap/Nam3_2024_2025/Ki1/PhanCungChoDL/Conv2D/update/conv2d_pj/solution4/.autopilot/db/global.setting.tcl 
Execute       source D:/Hoc_tap/Nam3_2024_2025/Ki1/PhanCungChoDL/Conv2D/update/conv2d_pj/solution4/.autopilot/db/global.setting.tcl 
Execute       source D:/Hoc_tap/Nam3_2024_2025/Ki1/PhanCungChoDL/Conv2D/update/conv2d_pj/solution4/.autopilot/db/global.setting.tcl 
Execute       source D:/Hoc_tap/Nam3_2024_2025/Ki1/PhanCungChoDL/Conv2D/update/conv2d_pj/solution4/.autopilot/db/load_input.compgen.tcl 
Execute       source D:/Hoc_tap/Nam3_2024_2025/Ki1/PhanCungChoDL/Conv2D/update/conv2d_pj/solution4/.autopilot/db/convolution_kernel.compgen.tcl 
Execute       source D:/Hoc_tap/Nam3_2024_2025/Ki1/PhanCungChoDL/Conv2D/update/conv2d_pj/solution4/.autopilot/db/write_output.compgen.tcl 
Execute       source D:/Hoc_tap/Nam3_2024_2025/Ki1/PhanCungChoDL/Conv2D/update/conv2d_pj/solution4/.autopilot/db/conv2d.compgen.tcl 
INFO: [RTMG 210-278] Implementing memory 'conv2d_buffer_memcore_ram (RAM)' using block RAMs.
INFO: [RTMG 210-278] Implementing memory 'conv2d_output_memcore_ram (RAM)' using block RAMs.
INFO-FLOW: DBG:CMD:     auto_generate -export -impltomg_flag -rtl both -tool Vivado -pcore_version 1.00.a -phase csynth_design -d D:/Hoc_tap/Nam3_2024_2025/Ki1/PhanCungChoDL/Conv2D/update/conv2d_pj/solution4
Execute       source D:/Hoc_tap/Nam3_2024_2025/Ki1/PhanCungChoDL/Conv2D/update/conv2d_pj/solution4/.autopilot/db/global.setting.tcl 
INFO-FLOW: DBG:CMD: read_platform_lib D:/Hoc_tap/Nam3_2024_2025/Ki1/PhanCungChoDL/Conv2D/update/conv2d_pj/solution4/.autopilot/db/global.setting.tcl
Execute       source D:/Xilinx/Vivado/2018.3/common/technology/generic/autopilot/common.gen 
Execute         source D:/Xilinx/Vivado/2018.3/common/technology/generic/autopilot/APCoreGen.gen 
Execute       source D:/Xilinx/Vivado/2018.3/common/technology/generic/autopilot/op.gen 
Execute       source D:/Xilinx/Vivado/2018.3/common/technology/generic/autopilot/op_simcore.gen 
Execute       source D:/Xilinx/Vivado/2018.3/common/technology/generic/autopilot/interface.gen 
Execute       source D:/Hoc_tap/Nam3_2024_2025/Ki1/PhanCungChoDL/Conv2D/update/conv2d_pj/solution4/.autopilot/db/global.setting.tcl 
Execute       source D:/Xilinx/Vivado/2018.3/common/technology/xilinx/zynq/zynq.gen 
Execute         source D:/Xilinx/Vivado/2018.3/common/technology/xilinx/common/virtex.gen 
Execute           source D:/Xilinx/Vivado/2018.3/common/technology/xilinx/common/xilinx.gen 
Execute             source D:/Xilinx/Vivado/2018.3/common/technology/xilinx/interface/plb46.gen 
Execute             source D:/Xilinx/Vivado/2018.3/common/technology/xilinx/interface/fsl.gen 
Execute             source D:/Xilinx/Vivado/2018.3/common/technology/xilinx/interface/axi4.gen 
Execute             source D:/Xilinx/Vivado/2018.3/common/technology/xilinx/interface/nativeAXI4.gen 
Execute               source D:/Xilinx/Vivado/2018.3/common/technology/xilinx/interface/saxilite.gen 
Execute               source D:/Xilinx/Vivado/2018.3/common/technology/xilinx/interface/maxi.gen 
Execute             source D:/Xilinx/Vivado/2018.3/common/technology/xilinx/scripts/xilinxcoregen.gen 
Execute             source D:/Xilinx/Vivado/2018.3/common/technology/xilinx/interface/XilEDKCoreGen.gen 
Execute             source D:/Xilinx/Vivado/2018.3/common/technology/xilinx/ip/dds_compiler.gen 
Execute             source D:/Xilinx/Vivado/2018.3/common/technology/xilinx/ip/util.gen 
Execute             source D:/Xilinx/Vivado/2018.3/common/technology/xilinx/ip/xfft.gen 
Execute             source D:/Xilinx/Vivado/2018.3/common/technology/xilinx/ip/xfir.gen 
Execute           source D:/Xilinx/Vivado/2018.3/common/technology/xilinx/common/dsp48.gen 
Execute       source D:/Xilinx/Vivado/2018.3/common/technology/xilinx/zynq/zynq_fpv6.gen 
Execute         source D:/Xilinx/Vivado/2018.3/common/technology/xilinx/common/xilinx_fpv6.gen 
INFO-FLOW: DBG:CMD:       initCTypeInfo top_module=conv2d xml_exists=0
Execute       source D:/Hoc_tap/Nam3_2024_2025/Ki1/PhanCungChoDL/Conv2D/update/conv2d_pj/solution4/.autopilot/db/conv2d.rtl_wrap.cfg.tcl 
Execute       source D:/Hoc_tap/Nam3_2024_2025/Ki1/PhanCungChoDL/Conv2D/update/conv2d_pj/solution4/.autopilot/db/conv2d.rtl_wrap.cfg.tcl 
Execute       source D:/Hoc_tap/Nam3_2024_2025/Ki1/PhanCungChoDL/Conv2D/update/conv2d_pj/solution4/.autopilot/db/conv2d.rtl_wrap.cfg.tcl 
Execute       source D:/Hoc_tap/Nam3_2024_2025/Ki1/PhanCungChoDL/Conv2D/update/conv2d_pj/solution4/.autopilot/db/conv2d.tbgen.tcl 
Execute       source D:/Hoc_tap/Nam3_2024_2025/Ki1/PhanCungChoDL/Conv2D/update/conv2d_pj/solution4/.autopilot/db/conv2d.tbgen.tcl 
INFO-FLOW: DBG:CMD:       export_impl_rtl
INFO-FLOW: DBG:CMD:       generate_ip_cores sim=0 export=0 expOnly=0 dstVlogDir=impl/.verilog
Execute       source D:/Hoc_tap/Nam3_2024_2025/Ki1/PhanCungChoDL/Conv2D/update/conv2d_pj/solution4/.autopilot/db/global.setting.tcl 
Execute       source D:/Hoc_tap/Nam3_2024_2025/Ki1/PhanCungChoDL/Conv2D/update/conv2d_pj/solution4/.autopilot/db/load_input.compgen.tcl 
Execute       source D:/Hoc_tap/Nam3_2024_2025/Ki1/PhanCungChoDL/Conv2D/update/conv2d_pj/solution4/.autopilot/db/convolution_kernel.compgen.tcl 
Execute       source D:/Hoc_tap/Nam3_2024_2025/Ki1/PhanCungChoDL/Conv2D/update/conv2d_pj/solution4/.autopilot/db/write_output.compgen.tcl 
Execute       source D:/Hoc_tap/Nam3_2024_2025/Ki1/PhanCungChoDL/Conv2D/update/conv2d_pj/solution4/.autopilot/db/conv2d.compgen.tcl 
INFO-FLOW: DBG:CMD:       generate_ip_cores sim=0 export=1 expOnly=1 dstVlogDir=impl/.pcores/verilog
Execute       source D:/Hoc_tap/Nam3_2024_2025/Ki1/PhanCungChoDL/Conv2D/update/conv2d_pj/solution4/.autopilot/db/global.setting.tcl 
Execute       source D:/Hoc_tap/Nam3_2024_2025/Ki1/PhanCungChoDL/Conv2D/update/conv2d_pj/solution4/.autopilot/db/load_input.compgen.tcl 
Execute       source D:/Hoc_tap/Nam3_2024_2025/Ki1/PhanCungChoDL/Conv2D/update/conv2d_pj/solution4/.autopilot/db/convolution_kernel.compgen.tcl 
Execute       source D:/Hoc_tap/Nam3_2024_2025/Ki1/PhanCungChoDL/Conv2D/update/conv2d_pj/solution4/.autopilot/db/write_output.compgen.tcl 
Execute       source D:/Hoc_tap/Nam3_2024_2025/Ki1/PhanCungChoDL/Conv2D/update/conv2d_pj/solution4/.autopilot/db/conv2d.compgen.tcl 
INFO-FLOW: DBG:CMD:       generate_ip_cores sim=0 export=0 expOnly=0 dstVlogDir=impl/.pcores/verilog_sim
Execute       source D:/Hoc_tap/Nam3_2024_2025/Ki1/PhanCungChoDL/Conv2D/update/conv2d_pj/solution4/.autopilot/db/global.setting.tcl 
Execute       source D:/Hoc_tap/Nam3_2024_2025/Ki1/PhanCungChoDL/Conv2D/update/conv2d_pj/solution4/.autopilot/db/load_input.compgen.tcl 
Execute       source D:/Hoc_tap/Nam3_2024_2025/Ki1/PhanCungChoDL/Conv2D/update/conv2d_pj/solution4/.autopilot/db/convolution_kernel.compgen.tcl 
Execute       source D:/Hoc_tap/Nam3_2024_2025/Ki1/PhanCungChoDL/Conv2D/update/conv2d_pj/solution4/.autopilot/db/write_output.compgen.tcl 
Execute       source D:/Hoc_tap/Nam3_2024_2025/Ki1/PhanCungChoDL/Conv2D/update/conv2d_pj/solution4/.autopilot/db/conv2d.compgen.tcl 
Execute       source D:/Hoc_tap/Nam3_2024_2025/Ki1/PhanCungChoDL/Conv2D/update/conv2d_pj/solution4/.autopilot/db/global.setting.tcl 
Execute       source D:/Hoc_tap/Nam3_2024_2025/Ki1/PhanCungChoDL/Conv2D/update/conv2d_pj/solution4/.autopilot/db/conv2d.constraint.tcl 
Execute       source D:/Hoc_tap/Nam3_2024_2025/Ki1/PhanCungChoDL/Conv2D/update/conv2d_pj/solution4/.autopilot/db/conv2d.tbgen.tcl 
INFO-FLOW: DBG:CMD:       hasPcoreIpAdapter=false #gSsdmPorts=2
INFO-FLOW: DBG:CMD: Skipping loadAnalyze_DB, #g_database=3
INFO-FLOW: DBG:CMD:       generate_json is_phase_csynth=1 g_has_adaptors=false generate_bd_files=0 #modelList=4 #gSsdmPorts=2
Execute       source D:/Hoc_tap/Nam3_2024_2025/Ki1/PhanCungChoDL/Conv2D/update/conv2d_pj/solution4/.autopilot/db/global.setting.tcl 
Execute       source D:/Hoc_tap/Nam3_2024_2025/Ki1/PhanCungChoDL/Conv2D/update/conv2d_pj/solution4/.autopilot/db/global.setting.tcl 
Execute       source D:/Hoc_tap/Nam3_2024_2025/Ki1/PhanCungChoDL/Conv2D/update/conv2d_pj/solution4/.autopilot/db/conv2d.tbgen.tcl 
Execute       source D:/Hoc_tap/Nam3_2024_2025/Ki1/PhanCungChoDL/Conv2D/update/conv2d_pj/solution4/.autopilot/db/conv2d.tbgen.tcl 
Execute       source D:/Hoc_tap/Nam3_2024_2025/Ki1/PhanCungChoDL/Conv2D/update/conv2d_pj/solution4/.autopilot/db/conv2d.tbgen.tcl 
Execute       source D:/Hoc_tap/Nam3_2024_2025/Ki1/PhanCungChoDL/Conv2D/update/conv2d_pj/solution4/.autopilot/db/conv2d.tbgen.tcl 
Execute       source D:/Hoc_tap/Nam3_2024_2025/Ki1/PhanCungChoDL/Conv2D/update/conv2d_pj/solution4/.autopilot/db/global.setting.tcl 
Execute       get_config_sdx -target 
Execute       get_config_export -xo 
Execute       source D:/Hoc_tap/Nam3_2024_2025/Ki1/PhanCungChoDL/Conv2D/update/conv2d_pj/solution4/.autopilot/db/global.setting.tcl 
Execute       source D:/Hoc_tap/Nam3_2024_2025/Ki1/PhanCungChoDL/Conv2D/update/conv2d_pj/solution4/.autopilot/db/conv2d.constraint.tcl 
Execute       sc_get_clocks conv2d 
Execute       source D:/Hoc_tap/Nam3_2024_2025/Ki1/PhanCungChoDL/Conv2D/update/conv2d_pj/solution4/.autopilot/db/global.setting.tcl 
Execute       get_config_sdx -target 
Execute       get_config_sdx -profile 
Execute       ::config_rtl 
INFO-FLOW: DBG:CMD: add_json_sdx_info kernel file does not exist: D:/Hoc_tap/Nam3_2024_2025/Ki1/PhanCungChoDL/Conv2D/update/conv2d_pj/solution4/.autopilot/db/kernel.internal.xml
INFO-FLOW: DBG:CMD:       delete-temp-dirs (skipped for debug)
INFO: [HLS 200-111] Finished generating all RTL models Time (s): cpu = 00:00:12 ; elapsed = 00:00:34 . Memory (MB): peak = 526.492 ; gain = 441.141
INFO: [SYSC 207-301] Generating SystemC RTL for conv2d.
INFO: [VHDL 208-304] Generating VHDL RTL for conv2d.
INFO: [VLOG 209-307] Generating Verilog RTL for conv2d.
Command     autosyn done; 16.651 sec.
Execute     get_part 
Execute     get_config_export -sdx_tcl 
Command   csynth_design done; 33.636 sec.
Command ap_source done; 33.855 sec.
Execute cleanup_all 
Command cleanup_all done; 0.215 sec.
