

================================================================
== Vivado HLS Report for 'conv2d'
================================================================
* Date:           Wed Dec 18 01:58:56 2024

* Version:        2018.3 (Build 2405991 on Thu Dec 06 23:56:15 MST 2018)
* Project:        conv2d_pj
* Solution:       solution1
* Product family: zynq
* Target device:  xc7z020clg484-1


================================================================
== Performance Estimates
================================================================
+ Timing (ns): 
    * Summary: 
    +--------+-------+----------+------------+
    |  Clock | Target| Estimated| Uncertainty|
    +--------+-------+----------+------------+
    |ap_clk  |  10.00|     8.510|        1.25|
    +--------+-------+----------+------------+

+ Latency (clock cycles): 
    * Summary: 
    +-------+-------+-------+-------+---------+
    |    Latency    |    Interval   | Pipeline|
    |  min  |  max  |  min  |  max  |   Type  |
    +-------+-------+-------+-------+---------+
    |  43636|  43636|  43636|  43636|   none  |
    +-------+-------+-------+-------+---------+

    + Detail: 
        * Instance: 
        +-------------------------------+--------------------+-------+-------+-------+-------+---------+
        |                               |                    |    Latency    |    Interval   | Pipeline|
        |            Instance           |       Module       |  min  |  max  |  min  |  max  |   Type  |
        +-------------------------------+--------------------+-------+-------+-------+-------+---------+
        |grp_convolution_kernel_fu_148  |convolution_kernel  |  39661|  39661|  39661|  39661|   none  |
        +-------------------------------+--------------------+-------+-------+-------+-------+---------+

        * Loop: 
        +-------------+------+------+----------+-----------+-----------+------+----------+
        |             |   Latency   | Iteration|  Initiation Interval  | Trip |          |
        |  Loop Name  |  min |  max |  Latency |  achieved |   target  | Count| Pipelined|
        +-------------+------+------+----------+-----------+-----------+------+----------+
        |- Loop 1     |  2112|  2112|        66|          -|          -|    32|    no    |
        | + Loop 1.1  |    64|    64|         2|          -|          -|    32|    no    |
        |- Loop 2     |  1860|  1860|        62|          -|          -|    30|    no    |
        | + Loop 2.1  |    60|    60|         2|          -|          -|    30|    no    |
        +-------------+------+------+----------+-----------+-----------+------+----------+



================================================================
== Utilization Estimates
================================================================
* Summary: 
+-----------------+---------+-------+--------+-------+
|       Name      | BRAM_18K| DSP48E|   FF   |  LUT  |
+-----------------+---------+-------+--------+-------+
|DSP              |        -|      -|       -|      -|
|Expression       |        -|      -|       0|    142|
|FIFO             |        -|      -|       -|      -|
|Instance         |        -|      3|     216|    331|
|Memory           |        4|      -|       0|      0|
|Multiplexer      |        -|      -|       -|    149|
|Register         |        -|      -|     145|      -|
+-----------------+---------+-------+--------+-------+
|Total            |        4|      3|     361|    622|
+-----------------+---------+-------+--------+-------+
|Available        |      280|    220|  106400|  53200|
+-----------------+---------+-------+--------+-------+
|Utilization (%)  |        1|      1|   ~0   |      1|
+-----------------+---------+-------+--------+-------+

+ Detail: 
    * Instance: 
    +-------------------------------+--------------------+---------+-------+-----+-----+
    |            Instance           |       Module       | BRAM_18K| DSP48E|  FF | LUT |
    +-------------------------------+--------------------+---------+-------+-----+-----+
    |grp_convolution_kernel_fu_148  |convolution_kernel  |        0|      3|  216|  331|
    +-------------------------------+--------------------+---------+-------+-----+-----+
    |Total                          |                    |        0|      3|  216|  331|
    +-------------------------------+--------------------+---------+-------+-----+-----+

    * DSP48: 
    N/A

    * Memory: 
    +----------+---------------+---------+---+----+------+-----+------+-------------+
    |  Memory  |     Module    | BRAM_18K| FF| LUT| Words| Bits| Banks| W*Bits*Banks|
    +----------+---------------+---------+---+----+------+-----+------+-------------+
    |buffer_U  |conv2d_buffer  |        2|  0|   0|  1024|   32|     1|        32768|
    |output_U  |conv2d_output  |        2|  0|   0|   900|   32|     1|        28800|
    +----------+---------------+---------+---+----+------+-----+------+-------------+
    |Total     |               |        4|  0|   0|  1924|   64|     2|        61568|
    +----------+---------------+---------+---+----+------+-----+------+-------------+

    * FIFO: 
    N/A

    * Expression: 
    +------------------------+----------+-------+---+----+------------+------------+
    |      Variable Name     | Operation| DSP48E| FF| LUT| Bitwidth P0| Bitwidth P1|
    +------------------------+----------+-------+---+----+------------+------------+
    |i_2_fu_212_p2           |     +    |      0|  0|  15|           5|           1|
    |i_fu_162_p2             |     +    |      0|  0|  15|           6|           1|
    |j_2_fu_254_p2           |     +    |      0|  0|  15|           5|           1|
    |j_fu_186_p2             |     +    |      0|  0|  15|           6|           1|
    |tmp_13_fu_196_p2        |     +    |      0|  0|  12|          12|          12|
    |tmp_14_fu_264_p2        |     +    |      0|  0|  13|          11|          11|
    |tmp_12_fu_242_p2        |     -    |      0|  0|  13|          11|          11|
    |exitcond1_i4_fu_206_p2  |   icmp   |      0|  0|  11|           5|           3|
    |exitcond1_i_fu_156_p2   |   icmp   |      0|  0|  11|           6|           7|
    |exitcond_i8_fu_248_p2   |   icmp   |      0|  0|  11|           5|           3|
    |exitcond_i_fu_180_p2    |   icmp   |      0|  0|  11|           6|           7|
    +------------------------+----------+-------+---+----+------------+------------+
    |Total                   |          |      0|  0| 142|          78|          58|
    +------------------------+----------+-------+---+----+------------+------------+

    * Multiplexer: 
    +-----------------+----+-----------+-----+-----------+
    |       Name      | LUT| Input Size| Bits| Total Bits|
    +-----------------+----+-----------+-----+-----------+
    |ap_NS_fsm        |  44|          9|    1|          9|
    |buffer_address0  |  15|          3|   10|         30|
    |buffer_ce0       |  15|          3|    1|          3|
    |i_i3_reg_126     |   9|          2|    5|         10|
    |i_i_reg_104      |   9|          2|    6|         12|
    |j_i7_reg_137     |   9|          2|    5|         10|
    |j_i_reg_115      |   9|          2|    6|         12|
    |output_address0  |  15|          3|   10|         30|
    |output_ce0       |  15|          3|    1|          3|
    |output_we0       |   9|          2|    1|          2|
    +-----------------+----+-----------+-----+-----------+
    |Total            | 149|         31|   46|        121|
    +-----------------+----+-----------+-----+-----------+

    * Register: 
    +--------------------------------------------+----+----+-----+-----------+
    |                    Name                    | FF | LUT| Bits| Const Bits|
    +--------------------------------------------+----+----+-----+-----------+
    |ap_CS_fsm                                   |   8|   0|    8|          0|
    |grp_convolution_kernel_fu_148_ap_start_reg  |   1|   0|    1|          0|
    |i_2_reg_308                                 |   5|   0|    5|          0|
    |i_i3_reg_126                                |   5|   0|    5|          0|
    |i_i_reg_104                                 |   6|   0|    6|          0|
    |i_reg_277                                   |   6|   0|    6|          0|
    |j_2_reg_321                                 |   5|   0|    5|          0|
    |j_i7_reg_137                                |   5|   0|    5|          0|
    |j_i_reg_115                                 |   6|   0|    6|          0|
    |j_reg_290                                   |   6|   0|    6|          0|
    |tmp_12_reg_313                              |  10|   0|   11|          1|
    |tmp_14_cast_reg_282                         |   6|   0|   12|          6|
    |tmp_18_cast_reg_295                         |  12|   0|   64|         52|
    |tmp_19_cast_reg_326                         |  64|   0|   64|          0|
    +--------------------------------------------+----+----+-----+-----------+
    |Total                                       | 145|   0|  204|         59|
    +--------------------------------------------+----+----+-----+-----------+



================================================================
== Interface
================================================================
* Summary: 
+------------------+-----+-----+------------+--------------+--------------+
|     RTL Ports    | Dir | Bits|  Protocol  | Source Object|    C Type    |
+------------------+-----+-----+------------+--------------+--------------+
|ap_clk            |  in |    1| ap_ctrl_hs |    conv2d    | return value |
|ap_rst            |  in |    1| ap_ctrl_hs |    conv2d    | return value |
|ap_start          |  in |    1| ap_ctrl_hs |    conv2d    | return value |
|ap_done           | out |    1| ap_ctrl_hs |    conv2d    | return value |
|ap_idle           | out |    1| ap_ctrl_hs |    conv2d    | return value |
|ap_ready          | out |    1| ap_ctrl_hs |    conv2d    | return value |
|input_r_address0  | out |   10|  ap_memory |    input_r   |     array    |
|input_r_ce0       | out |    1|  ap_memory |    input_r   |     array    |
|input_r_q0        |  in |   32|  ap_memory |    input_r   |     array    |
|kernel_address0   | out |    4|  ap_memory |    kernel    |     array    |
|kernel_ce0        | out |    1|  ap_memory |    kernel    |     array    |
|kernel_q0         |  in |   32|  ap_memory |    kernel    |     array    |
|result_address0   | out |   10|  ap_memory |    result    |     array    |
|result_ce0        | out |    1|  ap_memory |    result    |     array    |
|result_we0        | out |    1|  ap_memory |    result    |     array    |
|result_d0         | out |   32|  ap_memory |    result    |     array    |
+------------------+-----+-----+------------+--------------+--------------+

