

================================================================
== Vivado HLS Report for 'convolution_kernel'
================================================================
* Date:           Wed Dec 18 10:55:45 2024

* Version:        2018.3 (Build 2405991 on Thu Dec 06 23:56:15 MST 2018)
* Project:        conv2d_pj
* Solution:       solution4
* Product family: zynq
* Target device:  xc7z020clg484-1


================================================================
== Performance Estimates
================================================================
+ Timing (ns): 
    * Summary: 
    +--------+-------+----------+------------+
    |  Clock | Target| Estimated| Uncertainty|
    +--------+-------+----------+------------+
    |ap_clk  |  10.00|     8.742|        1.25|
    +--------+-------+----------+------------+

+ Latency (clock cycles): 
    * Summary: 
    +------+------+------+------+---------+
    |   Latency   |   Interval  | Pipeline|
    |  min |  max |  min |  max |   Type  |
    +------+------+------+------+---------+
    |  4505|  4505|  4505|  4505|   none  |
    +------+------+------+------+---------+

    + Detail: 
        * Instance: 
        N/A

        * Loop: 
        +---------------+------+------+----------+-----------+-----------+------+----------+
        |               |   Latency   | Iteration|  Initiation Interval  | Trip |          |
        |   Loop Name   |  min |  max |  Latency |  achieved |   target  | Count| Pipelined|
        +---------------+------+------+----------+-----------+-----------+------+----------+
        |- Loop1_Loop2  |  4503|  4503|         9|          5|          1|   900|    yes   |
        +---------------+------+------+----------+-----------+-----------+------+----------+



================================================================
== Utilization Estimates
================================================================
* Summary: 
+-----------------+---------+-------+--------+-------+
|       Name      | BRAM_18K| DSP48E|   FF   |  LUT  |
+-----------------+---------+-------+--------+-------+
|DSP              |        -|      -|       -|      -|
|Expression       |        -|      6|       0|    469|
|FIFO             |        -|      -|       -|      -|
|Instance         |        -|      -|       -|      -|
|Memory           |        -|      -|       -|      -|
|Multiplexer      |        -|      -|       -|    233|
|Register         |        -|      -|     408|      -|
+-----------------+---------+-------+--------+-------+
|Total            |        0|      6|     408|    702|
+-----------------+---------+-------+--------+-------+
|Available        |      280|    220|  106400|  53200|
+-----------------+---------+-------+--------+-------+
|Utilization (%)  |        0|      2|   ~0   |      1|
+-----------------+---------+-------+--------+-------+

+ Detail: 
    * Instance: 
    N/A

    * DSP48: 
    N/A

    * Memory: 
    N/A

    * FIFO: 
    N/A

    * Expression: 
    +--------------------------------+----------+-------+---+----+------------+------------+
    |          Variable Name         | Operation| DSP48E| FF| LUT| Bitwidth P0| Bitwidth P1|
    +--------------------------------+----------+-------+---+----+------------+------------+
    |grp_fu_299_p2                   |     *    |      3|  0|  20|          32|          32|
    |grp_fu_305_p2                   |     *    |      3|  0|  20|          32|          32|
    |grp_fu_319_p2                   |     +    |      0|  0|  39|          32|          32|
    |i_2_mid1_fu_401_p2              |     +    |      0|  0|  15|           5|           2|
    |i_s_fu_355_p2                   |     +    |      0|  0|  15|           5|           1|
    |indvar_flatten_next_fu_335_p2   |     +    |      0|  0|  14|          10|           1|
    |j_1_fu_382_p2                   |     +    |      0|  0|  15|           5|           1|
    |sum_2_2_2_fu_539_p2             |     +    |      0|  0|  32|          32|          32|
    |tmp1_fu_516_p2                  |     +    |      0|  0|  32|          32|          32|
    |tmp3_fu_510_p2                  |     +    |      0|  0|  32|          32|          32|
    |tmp4_fu_533_p2                  |     +    |      0|  0|  32|          32|          32|
    |tmp6_fu_527_p2                  |     +    |      0|  0|  32|          32|          32|
    |tmp7_fu_522_p2                  |     +    |      0|  0|  32|          32|          32|
    |tmp_1_2_mid2_v_fu_420_p2        |     +    |      0|  0|  15|           5|           5|
    |tmp_3_0_2_fu_438_p2             |     +    |      0|  0|  15|           5|           2|
    |tmp_68_fu_575_p2                |     +    |      0|  0|  32|          11|          11|
    |tmp_s_fu_566_p2                 |     -    |      0|  0|  32|          11|          11|
    |exitcond_flatten_fu_329_p2      |   icmp   |      0|  0|  13|          10|           8|
    |exitcond_fu_341_p2              |   icmp   |      0|  0|  11|           5|           3|
    |ap_block_state1                 |    or    |      0|  0|   2|           1|           1|
    |j_mid2_fu_347_p3                |  select  |      0|  0|   5|           1|           1|
    |p_v_fu_407_p3                   |  select  |      0|  0|   5|           1|           5|
    |tmp_1_2_mid2_v_v_cas_fu_413_p3  |  select  |      0|  0|   2|           1|           2|
    |tmp_mid2_v_fu_361_p3            |  select  |      0|  0|   5|           1|           5|
    |ap_enable_pp0                   |    xor   |      0|  0|   2|           1|           2|
    +--------------------------------+----------+-------+---+----+------------+------------+
    |Total                           |          |      6|  0| 469|         366|         349|
    +--------------------------------+----------+-------+---+----+------------+------------+

    * Multiplexer: 
    +-----------------------------------------+----+-----------+-----+-----------+
    |                   Name                  | LUT| Input Size| Bits| Total Bits|
    +-----------------------------------------+----+-----------+-----+-----------+
    |ap_NS_fsm                                |  41|          8|    1|          8|
    |ap_done                                  |   9|          2|    1|          2|
    |ap_enable_reg_pp0_iter1                  |   9|          2|    1|          2|
    |ap_phi_mux_i_phi_fu_264_p4               |   9|          2|    5|         10|
    |ap_phi_mux_indvar_flatten_phi_fu_253_p4  |   9|          2|   10|         20|
    |ap_phi_mux_j_phi_fu_276_p4               |   9|          2|    5|         10|
    |buffer_r_address0                        |  33|          6|   10|         60|
    |buffer_r_address1                        |  27|          5|   10|         50|
    |i_reg_260                                |   9|          2|    5|         10|
    |indvar_flatten_reg_249                   |   9|          2|   10|         20|
    |j_reg_272                                |   9|          2|    5|         10|
    |kernel_Addr_A_orig                       |  33|          6|   32|        192|
    |kernel_Addr_B_orig                       |  27|          5|   32|        160|
    +-----------------------------------------+----+-----------+-----+-----------+
    |Total                                    | 233|         46|  127|        554|
    +-----------------------------------------+----+-----------+-----+-----------+

    * Register: 
    +----------------------------------------+----+----+-----+-----------+
    |                  Name                  | FF | LUT| Bits| Const Bits|
    +----------------------------------------+----+----+-----+-----------+
    |ap_CS_fsm                               |   7|   0|    7|          0|
    |ap_done_reg                             |   1|   0|    1|          0|
    |ap_enable_reg_pp0_iter0                 |   1|   0|    1|          0|
    |ap_enable_reg_pp0_iter1                 |   1|   0|    1|          0|
    |exitcond_flatten_reg_631                |   1|   0|    1|          0|
    |exitcond_flatten_reg_631_pp0_iter1_reg  |   1|   0|    1|          0|
    |exitcond_reg_640                        |   1|   0|    1|          0|
    |i_reg_260                               |   5|   0|    5|          0|
    |i_s_reg_654                             |   5|   0|    5|          0|
    |indvar_flatten_next_reg_635             |  10|   0|   10|          0|
    |indvar_flatten_reg_249                  |  10|   0|   10|          0|
    |j_1_reg_672                             |   5|   0|    5|          0|
    |j_mid2_reg_646                          |   5|   0|    5|          0|
    |j_mid2_reg_646_pp0_iter1_reg            |   5|   0|    5|          0|
    |j_reg_272                               |   5|   0|    5|          0|
    |p_v_reg_684                             |   5|   0|    5|          0|
    |reg_283                                 |  32|   0|   32|          0|
    |reg_287                                 |  32|   0|   32|          0|
    |reg_291                                 |  32|   0|   32|          0|
    |reg_295                                 |  32|   0|   32|          0|
    |reg_311                                 |  32|   0|   32|          0|
    |reg_315                                 |  32|   0|   32|          0|
    |reg_325                                 |  32|   0|   32|          0|
    |sum_2_2_2_reg_748                       |  32|   0|   32|          0|
    |tmp1_reg_738                            |  32|   0|   32|          0|
    |tmp_1_2_mid2_v_reg_690                  |   5|   0|    5|          0|
    |tmp_3_0_2_reg_702                       |   5|   0|    5|          0|
    |tmp_6_2_2_reg_743                       |  32|   0|   32|          0|
    |tmp_mid2_v_reg_659                      |   5|   0|    5|          0|
    |tmp_mid2_v_reg_659_pp0_iter1_reg        |   5|   0|    5|          0|
    +----------------------------------------+----+----+-----+-----------+
    |Total                                   | 408|   0|  408|          0|
    +----------------------------------------+----+----+-----+-----------+



================================================================
== Interface
================================================================
* Summary: 
+-------------------+-----+-----+------------+--------------------+--------------+
|     RTL Ports     | Dir | Bits|  Protocol  |    Source Object   |    C Type    |
+-------------------+-----+-----+------------+--------------------+--------------+
|ap_clk             |  in |    1| ap_ctrl_hs | convolution_kernel | return value |
|ap_rst             |  in |    1| ap_ctrl_hs | convolution_kernel | return value |
|ap_start           |  in |    1| ap_ctrl_hs | convolution_kernel | return value |
|ap_done            | out |    1| ap_ctrl_hs | convolution_kernel | return value |
|ap_continue        |  in |    1| ap_ctrl_hs | convolution_kernel | return value |
|ap_idle            | out |    1| ap_ctrl_hs | convolution_kernel | return value |
|ap_ready           | out |    1| ap_ctrl_hs | convolution_kernel | return value |
|buffer_r_address0  | out |   10|  ap_memory |      buffer_r      |     array    |
|buffer_r_ce0       | out |    1|  ap_memory |      buffer_r      |     array    |
|buffer_r_q0        |  in |   32|  ap_memory |      buffer_r      |     array    |
|buffer_r_address1  | out |   10|  ap_memory |      buffer_r      |     array    |
|buffer_r_ce1       | out |    1|  ap_memory |      buffer_r      |     array    |
|buffer_r_q1        |  in |   32|  ap_memory |      buffer_r      |     array    |
|kernel_Addr_A      | out |   32|    bram    |       kernel       |     array    |
|kernel_EN_A        | out |    1|    bram    |       kernel       |     array    |
|kernel_WEN_A       | out |    4|    bram    |       kernel       |     array    |
|kernel_Din_A       | out |   32|    bram    |       kernel       |     array    |
|kernel_Dout_A      |  in |   32|    bram    |       kernel       |     array    |
|kernel_Addr_B      | out |   32|    bram    |       kernel       |     array    |
|kernel_EN_B        | out |    1|    bram    |       kernel       |     array    |
|kernel_WEN_B       | out |    4|    bram    |       kernel       |     array    |
|kernel_Din_B       | out |   32|    bram    |       kernel       |     array    |
|kernel_Dout_B      |  in |   32|    bram    |       kernel       |     array    |
|output_r_address0  | out |   10|  ap_memory |      output_r      |     array    |
|output_r_ce0       | out |    1|  ap_memory |      output_r      |     array    |
|output_r_we0       | out |    1|  ap_memory |      output_r      |     array    |
|output_r_d0        | out |   32|  ap_memory |      output_r      |     array    |
+-------------------+-----+-----+------------+--------------------+--------------+

