

================================================================
== Vivado HLS Report for 'convolve'
================================================================
* Date:           Wed Dec 18 20:43:09 2024

* Version:        2018.3 (Build 2405991 on Thu Dec 06 23:56:15 MST 2018)
* Project:        conv2Dbuffer
* Solution:       solution3
* Product family: zynq
* Target device:  xc7z020clg484-1


================================================================
== Performance Estimates
================================================================
+ Timing (ns): 
    * Summary: 
    +--------+-------+----------+------------+
    |  Clock | Target| Estimated| Uncertainty|
    +--------+-------+----------+------------+
    |ap_clk  |  10.00|     8.742|        1.25|
    +--------+-------+----------+------------+

+ Latency (clock cycles): 
    * Summary: 
    +-----+-----+-----+-----+----------+
    |  Latency  |  Interval | Pipeline |
    | min | max | min | max |   Type   |
    +-----+-----+-----+-----+----------+
    |    2|    2|    1|    1| function |
    +-----+-----+-----+-----+----------+

    + Detail: 
        * Instance: 
        N/A

        * Loop: 
        N/A



================================================================
== Utilization Estimates
================================================================
* Summary: 
+-----------------+---------+-------+--------+-------+
|       Name      | BRAM_18K| DSP48E|   FF   |  LUT  |
+-----------------+---------+-------+--------+-------+
|DSP              |        -|      -|       -|      -|
|Expression       |        -|     27|       0|    450|
|FIFO             |        -|      -|       -|      -|
|Instance         |        -|      -|       -|      -|
|Memory           |        -|      -|       -|      -|
|Multiplexer      |        -|      -|       -|      9|
|Register         |        -|      -|     993|      -|
+-----------------+---------+-------+--------+-------+
|Total            |        0|     27|     993|    459|
+-----------------+---------+-------+--------+-------+
|Available        |      280|    220|  106400|  53200|
+-----------------+---------+-------+--------+-------+
|Utilization (%)  |        0|     12|   ~0   |   ~0  |
+-----------------+---------+-------+--------+-------+

+ Detail: 
    * Instance: 
    N/A

    * DSP48: 
    N/A

    * Memory: 
    N/A

    * FIFO: 
    N/A

    * Expression: 
    +------------------------+----------+-------+---+----+------------+------------+
    |      Variable Name     | Operation| DSP48E| FF| LUT| Bitwidth P0| Bitwidth P1|
    +------------------------+----------+-------+---+----+------------+------------+
    |tmp_17_0_1_fu_162_p2    |     *    |      3|  0|  20|          32|          32|
    |tmp_17_0_2_fu_168_p2    |     *    |      3|  0|  20|          32|          32|
    |tmp_17_1_1_fu_180_p2    |     *    |      3|  0|  20|          32|          32|
    |tmp_17_1_2_fu_186_p2    |     *    |      3|  0|  20|          32|          32|
    |tmp_17_1_fu_174_p2      |     *    |      3|  0|  20|          32|          32|
    |tmp_17_2_1_fu_198_p2    |     *    |      3|  0|  20|          32|          32|
    |tmp_17_2_2_fu_204_p2    |     *    |      3|  0|  20|          32|          32|
    |tmp_17_2_fu_192_p2      |     *    |      3|  0|  20|          32|          32|
    |tmp_s_fu_156_p2         |     *    |      3|  0|  20|          32|          32|
    |result_2_2_2_fu_241_p2  |     +    |      0|  0|  32|          32|          32|
    |tmp1_fu_210_p2          |     +    |      0|  0|  39|          32|          32|
    |tmp2_fu_214_p2          |     +    |      0|  0|  39|          32|          32|
    |tmp3_fu_231_p2          |     +    |      0|  0|  32|          32|          32|
    |tmp4_fu_218_p2          |     +    |      0|  0|  32|          32|          32|
    |tmp5_fu_226_p2          |     +    |      0|  0|  32|          32|          32|
    |tmp6_fu_222_p2          |     +    |      0|  0|  32|          32|          32|
    |tmp_fu_237_p2           |     +    |      0|  0|  32|          32|          32|
    +------------------------+----------+-------+---+----+------------+------------+
    |Total                   |          |     27|  0| 450|         544|         544|
    +------------------------+----------+-------+---+----+------------+------------+

    * Multiplexer: 
    +-----------+----+-----------+-----+-----------+
    |    Name   | LUT| Input Size| Bits| Total Bits|
    +-----------+----+-----------+-----+-----------+
    |ap_return  |   9|          2|   32|         64|
    +-----------+----+-----------+-----+-----------+
    |Total      |   9|          2|   32|         64|
    +-----------+----+-----------+-----+-----------+

    * Register: 
    +-------------------------+----+----+-----+-----------+
    |           Name          | FF | LUT| Bits| Const Bits|
    +-------------------------+----+----+-----+-----------+
    |ap_ce_reg                |   1|   0|    1|          0|
    |ap_return_int_reg        |  32|   0|   32|          0|
    |kernel_0_0_int_reg       |  32|   0|   32|          0|
    |kernel_0_1_int_reg       |  32|   0|   32|          0|
    |kernel_0_2_int_reg       |  32|   0|   32|          0|
    |kernel_1_0_int_reg       |  32|   0|   32|          0|
    |kernel_1_1_int_reg       |  32|   0|   32|          0|
    |kernel_1_2_int_reg       |  32|   0|   32|          0|
    |kernel_2_0_int_reg       |  32|   0|   32|          0|
    |kernel_2_1_int_reg       |  32|   0|   32|          0|
    |kernel_2_2_int_reg       |  32|   0|   32|          0|
    |tmp1_reg_291             |  32|   0|   32|          0|
    |tmp2_reg_296             |  32|   0|   32|          0|
    |tmp3_reg_301             |  32|   0|   32|          0|
    |tmp_17_0_1_reg_251       |  32|   0|   32|          0|
    |tmp_17_0_2_reg_256       |  32|   0|   32|          0|
    |tmp_17_1_1_reg_266       |  32|   0|   32|          0|
    |tmp_17_1_2_reg_271       |  32|   0|   32|          0|
    |tmp_17_1_reg_261         |  32|   0|   32|          0|
    |tmp_17_2_1_reg_281       |  32|   0|   32|          0|
    |tmp_17_2_2_reg_286       |  32|   0|   32|          0|
    |tmp_17_2_reg_276         |  32|   0|   32|          0|
    |tmp_s_reg_246            |  32|   0|   32|          0|
    |window_0_0_read_int_reg  |  32|   0|   32|          0|
    |window_0_1_read_int_reg  |  32|   0|   32|          0|
    |window_0_2_read_int_reg  |  32|   0|   32|          0|
    |window_1_0_read_int_reg  |  32|   0|   32|          0|
    |window_1_1_read_int_reg  |  32|   0|   32|          0|
    |window_1_2_read_int_reg  |  32|   0|   32|          0|
    |window_2_0_read_int_reg  |  32|   0|   32|          0|
    |window_2_1_read_int_reg  |  32|   0|   32|          0|
    |window_2_2_read_int_reg  |  32|   0|   32|          0|
    +-------------------------+----+----+-----+-----------+
    |Total                    | 993|   0|  993|          0|
    +-------------------------+----+----+-----+-----------+



================================================================
== Interface
================================================================
* Summary: 
+-----------------+-----+-----+------------+-----------------+--------------+
|    RTL Ports    | Dir | Bits|  Protocol  |  Source Object  |    C Type    |
+-----------------+-----+-----+------------+-----------------+--------------+
|ap_clk           |  in |    1| ap_ctrl_hs |     convolve    | return value |
|ap_rst           |  in |    1| ap_ctrl_hs |     convolve    | return value |
|ap_return        | out |   32| ap_ctrl_hs |     convolve    | return value |
|ap_ce            |  in |    1| ap_ctrl_hs |     convolve    | return value |
|window_0_0_read  |  in |   32|   ap_none  | window_0_0_read |    scalar    |
|window_0_1_read  |  in |   32|   ap_none  | window_0_1_read |    scalar    |
|window_0_2_read  |  in |   32|   ap_none  | window_0_2_read |    scalar    |
|window_1_0_read  |  in |   32|   ap_none  | window_1_0_read |    scalar    |
|window_1_1_read  |  in |   32|   ap_none  | window_1_1_read |    scalar    |
|window_1_2_read  |  in |   32|   ap_none  | window_1_2_read |    scalar    |
|window_2_0_read  |  in |   32|   ap_none  | window_2_0_read |    scalar    |
|window_2_1_read  |  in |   32|   ap_none  | window_2_1_read |    scalar    |
|window_2_2_read  |  in |   32|   ap_none  | window_2_2_read |    scalar    |
|kernel_0_0       |  in |   32|   ap_none  |    kernel_0_0   |    pointer   |
|kernel_0_1       |  in |   32|   ap_none  |    kernel_0_1   |    pointer   |
|kernel_0_2       |  in |   32|   ap_none  |    kernel_0_2   |    pointer   |
|kernel_1_0       |  in |   32|   ap_none  |    kernel_1_0   |    pointer   |
|kernel_1_1       |  in |   32|   ap_none  |    kernel_1_1   |    pointer   |
|kernel_1_2       |  in |   32|   ap_none  |    kernel_1_2   |    pointer   |
|kernel_2_0       |  in |   32|   ap_none  |    kernel_2_0   |    pointer   |
|kernel_2_1       |  in |   32|   ap_none  |    kernel_2_1   |    pointer   |
|kernel_2_2       |  in |   32|   ap_none  |    kernel_2_2   |    pointer   |
+-----------------+-----+-----+------------+-----------------+--------------+

